Run python -m tox run -r
.pkg: remove tox env folder /home/runner/work/py-libp2p/py-libp2p/.tox/.pkg
.pkg: install_requires> python -I -m pip install 'setuptools>=42' wheel
.pkg: _optional_hooks> python /opt/hostedtoolcache/Python/3.11.13/x64/lib/python3.11/site-packages/pyproject_api/_backend.py True setuptools.build_meta
.pkg: get_requires_for_build_editable> python /opt/hostedtoolcache/Python/3.11.13/x64/lib/python3.11/site-packages/pyproject_api/_backend.py True setuptools.build_meta
.pkg: freeze> python -m pip freeze --all
.pkg: pip==25.1.1,setuptools==80.3.1,wheel==0.45.1
.pkg: build_editable> python /opt/hostedtoolcache/Python/3.11.13/x64/lib/python3.11/site-packages/pyproject_api/_backend.py True setuptools.build_meta
py311-core: install_package_deps> python -I -m pip install 'base58>=1.0.3' 'coincurve>=10.0.0' 'cryptography>=42.0.0; sys_platform == "win32"' 'exceptiongroup>=1.2.0; python_version < "3.11"' 'factory-boy<3.0.0,>=2.12.0' 'fastecdsa==2.3.2; sys_platform != "win32"' 'grpcio>=1.41.0' 'lru-dict>=1.1.6' 'multiaddr>=0.0.9' 'mypy-protobuf>=3.0.0' 'noiseprotocol>=0.3.0' p2pclient==0.2.0 'protobuf<5.0.0,>=4.21.0' 'pycryptodome>=3.9.2' 'pymultihash>=0.8.2' 'pynacl>=1.3.0' pytest-timeout 'pytest-trio>=0.5.2' 'pytest-xdist>=2.4.0' 'pytest>=7.0.0' redis 'rpcudp>=3.0.0' 'sphinx>=6.0.0' 'sphinx_rtd_theme>=1.0.0' 'tomli; python_version < "3.11"' 'towncrier<25,>=24' 'trio-typing>=0.0.4' 'trio>=0.26.0' 'zeroconf<0.148.0,>=0.147.0'
py311-core: install_package> python -I -m pip install --force-reinstall --no-deps /home/runner/work/py-libp2p/py-libp2p/.tox/.tmp/package/1/libp2p-0.2.9-0.editable-py3-none-any.whl
py311-core: freeze> python -m pip freeze --all
py311-core: alabaster==1.0.0,anyio==1.4.0,async-exit-stack==1.0.1,async-generator==1.10,attrs==25.3.0,babel==2.17.0,base58==2.1.1,certifi==2025.7.14,cffi==1.17.1,charset-normalizer==3.4.2,click==8.2.1,coincurve==21.0.0,cryptography==45.0.5,docutils==0.21.2,execnet==2.1.1,factory-boy==2.12.0,Faker==37.4.2,fastecdsa==2.3.2,grpcio==1.73.1,idna==3.10,ifaddr==0.2.0,imagesize==1.4.1,importlib_metadata==8.7.0,iniconfig==2.1.0,Jinja2==3.1.6,libp2p @ file:///home/runner/work/py-libp2p/py-libp2p/.tox/.tmp/package/1/libp2p-0.2.9-0.editable-py3-none-any.whl#sha256=226e35cd5d892d93426ef50c6b417069b27d0281ce12086fd6e29615d7347d52,lru-dict==1.3.0,MarkupSafe==3.0.2,multiaddr==0.0.9,mypy-protobuf==3.6.0,mypy_extensions==1.1.0,netaddr==1.3.0,noiseprotocol==0.3.1,outcome==1.3.0.post0,p2pclient==0.2.0,packaging==25.0,pip==25.1.1,pluggy==1.6.0,protobuf==4.25.8,pycparser==2.22,pycryptodome==3.23.0,Pygments==2.19.2,pymultihash==0.8.2,PyNaCl==1.5.0,pytest==8.4.1,pytest-timeout==2.4.0,pytest-trio==0.8.0,pytest-xdist==3.8.0,redis==6.2.0,requests==2.32.4,roman-numerals-py==3.1.0,rpcudp==5.0.1,setuptools==80.3.1,six==1.17.0,sniffio==1.3.1,snowballstemmer==3.0.1,sortedcontainers==2.4.0,Sphinx==8.2.3,sphinx-rtd-theme==3.0.2,sphinxcontrib-applehelp==2.0.0,sphinxcontrib-devhelp==2.0.0,sphinxcontrib-htmlhelp==2.1.0,sphinxcontrib-jquery==4.1,sphinxcontrib-jsmath==1.0.1,sphinxcontrib-qthelp==2.0.0,sphinxcontrib-serializinghtml==2.0.0,towncrier==24.8.0,trio==0.30.0,trio-typing==0.10.0,types-protobuf==6.30.2.20250703,typing_extensions==4.14.1,tzdata==2025.2,u-msgpack-python==2.8.0,urllib3==2.5.0,varint==1.0.2,zeroconf==0.147.0,zipp==3.23.0
py311-core: commands[0]> pytest -n auto tests/core
============================= test session starts ==============================
platform linux -- Python 3.11.13, pytest-8.4.1, pluggy-1.6.0 -- /home/runner/work/py-libp2p/py-libp2p/.tox/py311-core/bin/python
cachedir: .tox/py311-core/.pytest_cache
rootdir: /home/runner/work/py-libp2p/py-libp2p
configfile: pyproject.toml
plugins: Faker-37.4.2, timeout-2.4.0, anyio-1.4.0, trio-0.8.0, xdist-3.8.0
timeout: 300.0s
timeout method: signal
timeout func_only: False
created: 4/4 workers
4 workers [466 items]

scheduling tests via LoadScheduling

tests/core/kad_dht/test_unit_provider_store.py::TestProviderStore::test_init_with_host 
tests/core/host/test_connected_peers.py::test_connected_peers[connect_three_cyclic] 
tests/core/kad_dht/test_unit_peer_routing.py::TestPeerRouting::test_find_peer_in_routing_table 
tests/core/crypto/test_ed25519.py::test_public_key_serialize_deserialize_round_trip 
[gw3] [  0%] PASSED tests/core/kad_dht/test_unit_provider_store.py::TestProviderStore::test_init_with_host 
tests/core/kad_dht/test_unit_provider_store.py::TestProviderStore::test_init_with_host_and_peer_routing 
[gw3] [  0%] PASSED tests/core/kad_dht/test_unit_provider_store.py::TestProviderStore::test_init_with_host_and_peer_routing 
tests/core/kad_dht/test_unit_provider_store.py::TestProviderStore::test_add_provider_new_key 
[gw3] [  0%] PASSED tests/core/kad_dht/test_unit_provider_store.py::TestProviderStore::test_add_provider_new_key 
tests/core/kad_dht/test_unit_provider_store.py::TestProviderStore::test_add_provider_existing_key 
[gw3] [  0%] PASSED tests/core/kad_dht/test_unit_provider_store.py::TestProviderStore::test_add_provider_existing_key 
tests/core/kad_dht/test_unit_provider_store.py::TestProviderStore::test_add_provider_update_existing 
[gw3] [  1%] PASSED tests/core/kad_dht/test_unit_provider_store.py::TestProviderStore::test_add_provider_update_existing 
tests/core/kad_dht/test_unit_provider_store.py::TestProviderStore::test_get_providers_empty_key 
[gw3] [  1%] PASSED tests/core/kad_dht/test_unit_provider_store.py::TestProviderStore::test_get_providers_empty_key 
tests/core/kad_dht/test_unit_provider_store.py::TestProviderStore::test_get_providers_valid_records 
[gw3] [  1%] PASSED tests/core/kad_dht/test_unit_provider_store.py::TestProviderStore::test_get_providers_valid_records 
tests/core/kad_dht/test_unit_provider_store.py::TestProviderStore::test_get_providers_expired_records 
[gw3] [  1%] PASSED tests/core/kad_dht/test_unit_provider_store.py::TestProviderStore::test_get_providers_expired_records 
tests/core/kad_dht/test_unit_provider_store.py::TestProviderStore::test_get_providers_address_ttl 
[gw3] [  1%] PASSED tests/core/kad_dht/test_unit_provider_store.py::TestProviderStore::test_get_providers_address_ttl 
tests/core/kad_dht/test_unit_provider_store.py::TestProviderStore::test_get_providers_cleanup_empty_key 
[gw3] [  2%] PASSED tests/core/kad_dht/test_unit_provider_store.py::TestProviderStore::test_get_providers_cleanup_empty_key 
tests/core/kad_dht/test_unit_provider_store.py::TestProviderStore::test_cleanup_expired_no_expired_records 
[gw3] [  2%] PASSED tests/core/kad_dht/test_unit_provider_store.py::TestProviderStore::test_cleanup_expired_no_expired_records 
tests/core/kad_dht/test_unit_provider_store.py::TestProviderStore::test_cleanup_expired_with_expired_records 
[gw3] [  2%] PASSED tests/core/kad_dht/test_unit_provider_store.py::TestProviderStore::test_cleanup_expired_with_expired_records 
tests/core/kad_dht/test_unit_provider_store.py::TestProviderStore::test_cleanup_expired_remove_empty_keys 
[gw3] [  2%] PASSED tests/core/kad_dht/test_unit_provider_store.py::TestProviderStore::test_cleanup_expired_remove_empty_keys 
tests/core/kad_dht/test_unit_provider_store.py::TestProviderStore::test_get_provided_keys_empty_store 
[gw3] [  3%] PASSED tests/core/kad_dht/test_unit_provider_store.py::TestProviderStore::test_get_provided_keys_empty_store 
tests/core/kad_dht/test_unit_provider_store.py::TestProviderStore::test_get_provided_keys_single_peer 
[gw3] [  3%] PASSED tests/core/kad_dht/test_unit_provider_store.py::TestProviderStore::test_get_provided_keys_single_peer 
tests/core/kad_dht/test_unit_provider_store.py::TestProviderStore::test_get_provided_keys_nonexistent_peer 
[gw3] [  3%] PASSED tests/core/kad_dht/test_unit_provider_store.py::TestProviderStore::test_get_provided_keys_nonexistent_peer 
tests/core/kad_dht/test_unit_provider_store.py::TestProviderStore::test_size_empty_store 
[gw3] [  3%] PASSED tests/core/kad_dht/test_unit_provider_store.py::TestProviderStore::test_size_empty_store 
tests/core/kad_dht/test_unit_provider_store.py::TestProviderStore::test_size_with_providers 
[gw3] [  3%] PASSED tests/core/kad_dht/test_unit_provider_store.py::TestProviderStore::test_size_with_providers 
tests/core/kad_dht/test_unit_provider_store.py::TestProviderStore::test_provide_no_host 
[gw3] [  4%] PASSED tests/core/kad_dht/test_unit_provider_store.py::TestProviderStore::test_provide_no_host 
[gw0] [  4%] PASSED tests/core/crypto/test_ed25519.py::test_public_key_serialize_deserialize_round_trip 
tests/core/crypto/test_ed25519.py::test_private_key_serialize_deserialize_round_trip 
tests/core/kad_dht/test_unit_provider_store.py::TestProviderStore::test_provide_no_peer_routing 
[gw3] [  4%] PASSED tests/core/kad_dht/test_unit_provider_store.py::TestProviderStore::test_provide_no_peer_routing 
[gw0] [  4%] PASSED tests/core/crypto/test_ed25519.py::test_private_key_serialize_deserialize_round_trip 
tests/core/crypto/test_rsa.py::test_validate_rsa_key_size 
tests/core/kad_dht/test_unit_provider_store.py::TestProviderStore::test_provide_success 
[gw2] [  4%] PASSED tests/core/kad_dht/test_unit_peer_routing.py::TestPeerRouting::test_find_peer_in_routing_table 
tests/core/kad_dht/test_unit_peer_routing.py::TestPeerRouting::test_find_peer_in_peerstore 
[gw3] [  5%] PASSED tests/core/kad_dht/test_unit_provider_store.py::TestProviderStore::test_provide_success 
[gw2] [  5%] PASSED tests/core/kad_dht/test_unit_peer_routing.py::TestPeerRouting::test_find_peer_in_peerstore 
tests/core/kad_dht/test_unit_peer_routing.py::TestPeerRouting::test_find_peer_not_found 
tests/core/kad_dht/test_unit_provider_store.py::TestProviderStore::test_provide_skip_local_peer 
[gw3] [  5%] PASSED tests/core/kad_dht/test_unit_provider_store.py::TestProviderStore::test_provide_skip_local_peer 
[gw2] [  5%] PASSED tests/core/kad_dht/test_unit_peer_routing.py::TestPeerRouting::test_find_peer_not_found 
tests/core/kad_dht/test_unit_peer_routing.py::TestPeerRouting::test_find_closest_peers_network_empty_start 
tests/core/kad_dht/test_unit_provider_store.py::TestProviderStore::test_find_providers_no_host 
[gw2] [  6%] PASSED tests/core/kad_dht/test_unit_peer_routing.py::TestPeerRouting::test_find_closest_peers_network_empty_start 
tests/core/kad_dht/test_unit_peer_routing.py::TestPeerRouting::test_find_closest_peers_network_with_peers 
[gw3] [  6%] PASSED tests/core/kad_dht/test_unit_provider_store.py::TestProviderStore::test_find_providers_no_host 
tests/core/kad_dht/test_unit_provider_store.py::TestProviderStore::test_find_providers_local_only 
[gw3] [  6%] PASSED tests/core/kad_dht/test_unit_provider_store.py::TestProviderStore::test_find_providers_local_only 
tests/core/kad_dht/test_unit_provider_store.py::TestProviderStore::test_find_providers_network_search 
[gw2] [  6%] PASSED tests/core/kad_dht/test_unit_peer_routing.py::TestPeerRouting::test_find_closest_peers_network_with_peers 
tests/core/kad_dht/test_unit_peer_routing.py::TestPeerRouting::test_find_closest_peers_convergence 
[gw3] [  6%] PASSED tests/core/kad_dht/test_unit_provider_store.py::TestProviderStore::test_find_providers_network_search 
tests/core/kad_dht/test_unit_provider_store.py::TestProviderStore::test_get_providers_from_peer_no_host 
[gw3] [  7%] PASSED tests/core/kad_dht/test_unit_provider_store.py::TestProviderStore::test_get_providers_from_peer_no_host 
tests/core/kad_dht/test_unit_provider_store.py::TestProviderStore::test_edge_case_empty_key 
[gw3] [  7%] PASSED tests/core/kad_dht/test_unit_provider_store.py::TestProviderStore::test_edge_case_empty_key 
tests/core/kad_dht/test_unit_provider_store.py::TestProviderStore::test_edge_case_large_key 
[gw2] [  7%] PASSED tests/core/kad_dht/test_unit_peer_routing.py::TestPeerRouting::test_find_closest_peers_convergence 
tests/core/kad_dht/test_unit_peer_routing.py::TestPeerRouting::test_query_peer_for_closest_success 
[gw3] [  7%] PASSED tests/core/kad_dht/test_unit_provider_store.py::TestProviderStore::test_edge_case_large_key 
tests/core/kad_dht/test_unit_provider_store.py::TestProviderStore::test_concurrent_operations 
[gw2] [  7%] PASSED tests/core/kad_dht/test_unit_peer_routing.py::TestPeerRouting::test_query_peer_for_closest_success 
tests/core/kad_dht/test_unit_peer_routing.py::TestPeerRouting::test_query_peer_for_closest_stream_failure 
[gw2] [  8%] PASSED tests/core/kad_dht/test_unit_peer_routing.py::TestPeerRouting::test_query_peer_for_closest_stream_failure 
tests/core/kad_dht/test_unit_peer_routing.py::TestPeerRouting::test_query_peer_for_closest_read_failure 
[gw3] [  8%] PASSED tests/core/kad_dht/test_unit_provider_store.py::TestProviderStore::test_concurrent_operations 
[gw2] [  8%] PASSED tests/core/kad_dht/test_unit_peer_routing.py::TestPeerRouting::test_query_peer_for_closest_read_failure 
tests/core/kad_dht/test_unit_peer_routing.py::TestPeerRouting::test_refresh_routing_table 
tests/core/kad_dht/test_unit_provider_store.py::TestProviderStore::test_memory_efficiency_large_dataset 
[gw2] [  8%] PASSED tests/core/kad_dht/test_unit_peer_routing.py::TestPeerRouting::test_refresh_routing_table 
tests/core/kad_dht/test_unit_peer_routing.py::TestPeerRouting::test_handle_kad_stream_find_node 
[gw2] [  9%] PASSED tests/core/kad_dht/test_unit_peer_routing.py::TestPeerRouting::test_handle_kad_stream_find_node 
tests/core/kad_dht/test_unit_peer_routing.py::TestPeerRouting::test_handle_kad_stream_invalid_message 
[gw2] [  9%] PASSED tests/core/kad_dht/test_unit_peer_routing.py::TestPeerRouting::test_handle_kad_stream_invalid_message 
tests/core/kad_dht/test_unit_peer_routing.py::TestPeerRouting::test_handle_kad_stream_connection_closed 
[gw2] [  9%] PASSED tests/core/kad_dht/test_unit_peer_routing.py::TestPeerRouting::test_handle_kad_stream_connection_closed 
tests/core/kad_dht/test_unit_peer_routing.py::TestPeerRouting::test_query_single_peer_for_closest_success 
[gw2] [  9%] PASSED tests/core/kad_dht/test_unit_peer_routing.py::TestPeerRouting::test_query_single_peer_for_closest_success 
tests/core/kad_dht/test_unit_peer_routing.py::TestPeerRouting::test_query_single_peer_for_closest_failure 
[gw2] [  9%] PASSED tests/core/kad_dht/test_unit_peer_routing.py::TestPeerRouting::test_query_single_peer_for_closest_failure 
[gw3] [ 10%] PASSED tests/core/kad_dht/test_unit_provider_store.py::TestProviderStore::test_memory_efficiency_large_dataset 
tests/core/kad_dht/test_unit_provider_store.py::TestProviderStore::test_unicode_key_handling 
tests/core/kad_dht/test_unit_peer_routing.py::TestPeerRouting::test_query_single_peer_deduplication 
[gw3] [ 10%] PASSED tests/core/kad_dht/test_unit_provider_store.py::TestProviderStore::test_unicode_key_handling 
tests/core/kad_dht/test_unit_provider_store.py::TestProviderStore::test_multiple_addresses_per_provider 
[gw2] [ 10%] PASSED tests/core/kad_dht/test_unit_peer_routing.py::TestPeerRouting::test_query_single_peer_deduplication 
tests/core/kad_dht/test_unit_peer_routing.py::TestPeerRouting::test_constants 
[gw3] [ 10%] PASSED tests/core/kad_dht/test_unit_provider_store.py::TestProviderStore::test_multiple_addresses_per_provider 
tests/core/kad_dht/test_unit_provider_store.py::TestProviderStore::test_republish_provider_records_no_keys 
[gw3] [ 10%] PASSED tests/core/kad_dht/test_unit_provider_store.py::TestProviderStore::test_republish_provider_records_no_keys 
tests/core/kad_dht/test_unit_provider_store.py::TestProviderStore::test_expiration_boundary_conditions 
[gw2] [ 11%] PASSED tests/core/kad_dht/test_unit_peer_routing.py::TestPeerRouting::test_constants 
[gw3] [ 11%] PASSED tests/core/kad_dht/test_unit_provider_store.py::TestProviderStore::test_expiration_boundary_conditions 
tests/core/kad_dht/test_unit_peer_routing.py::TestPeerRouting::test_edge_case_max_rounds_reached 
tests/core/kad_dht/test_unit_routing_table.py::TestKBucket::test_init_default_parameters 
[gw3] [ 11%] PASSED tests/core/kad_dht/test_unit_routing_table.py::TestKBucket::test_init_default_parameters 
tests/core/kad_dht/test_unit_routing_table.py::TestKBucket::test_peer_operations 
[gw3] [ 11%] PASSED tests/core/kad_dht/test_unit_routing_table.py::TestKBucket::test_peer_operations 
tests/core/kad_dht/test_unit_routing_table.py::TestKBucket::test_add_peer_functionality 
[gw2] [ 12%] PASSED tests/core/kad_dht/test_unit_peer_routing.py::TestPeerRouting::test_edge_case_max_rounds_reached 
tests/core/kad_dht/test_unit_provider_store.py::TestProviderRecord::test_init_with_default_timestamp 
[gw2] [ 12%] PASSED tests/core/kad_dht/test_unit_provider_store.py::TestProviderRecord::test_init_with_default_timestamp 
tests/core/kad_dht/test_unit_provider_store.py::TestProviderRecord::test_init_with_custom_timestamp 
[gw3] [ 12%] PASSED tests/core/kad_dht/test_unit_routing_table.py::TestKBucket::test_add_peer_functionality 
tests/core/kad_dht/test_unit_routing_table.py::TestKBucket::test_get_oldest_peer 
[gw2] [ 12%] PASSED tests/core/kad_dht/test_unit_provider_store.py::TestProviderRecord::test_init_with_custom_timestamp 
tests/core/kad_dht/test_unit_provider_store.py::TestProviderRecord::test_is_expired_fresh_record 
[gw2] [ 12%] PASSED tests/core/kad_dht/test_unit_provider_store.py::TestProviderRecord::test_is_expired_fresh_record 
tests/core/kad_dht/test_unit_provider_store.py::TestProviderRecord::test_is_expired_old_record 
[gw3] [ 13%] PASSED tests/core/kad_dht/test_unit_routing_table.py::TestKBucket::test_get_oldest_peer 
[gw2] [ 13%] PASSED tests/core/kad_dht/test_unit_provider_store.py::TestProviderRecord::test_is_expired_old_record 
tests/core/kad_dht/test_unit_provider_store.py::TestProviderRecord::test_is_expired_boundary_condition 
[gw2] [ 13%] PASSED tests/core/kad_dht/test_unit_provider_store.py::TestProviderRecord::test_is_expired_boundary_condition 
tests/core/kad_dht/test_unit_provider_store.py::TestProviderRecord::test_should_republish_fresh_record 
tests/core/kad_dht/test_unit_routing_table.py::TestKBucket::test_stale_peers 
[gw3] [ 13%] PASSED tests/core/kad_dht/test_unit_routing_table.py::TestKBucket::test_stale_peers 
[gw2] [ 13%] PASSED tests/core/kad_dht/test_unit_provider_store.py::TestProviderRecord::test_should_republish_fresh_record 
tests/core/kad_dht/test_unit_routing_table.py::TestKBucket::test_key_in_range 
tests/core/kad_dht/test_unit_provider_store.py::TestProviderRecord::test_should_republish_old_record 
[gw2] [ 14%] PASSED tests/core/kad_dht/test_unit_provider_store.py::TestProviderRecord::test_should_republish_old_record 
[gw3] [ 14%] PASSED tests/core/kad_dht/test_unit_routing_table.py::TestKBucket::test_key_in_range 
tests/core/kad_dht/test_unit_provider_store.py::TestProviderRecord::test_should_republish_boundary_condition 
[gw2] [ 14%] PASSED tests/core/kad_dht/test_unit_provider_store.py::TestProviderRecord::test_should_republish_boundary_condition 
tests/core/kad_dht/test_unit_provider_store.py::TestProviderRecord::test_properties 
[gw2] [ 14%] PASSED tests/core/kad_dht/test_unit_provider_store.py::TestProviderRecord::test_properties 
tests/core/kad_dht/test_unit_provider_store.py::TestProviderRecord::test_empty_addresses 
tests/core/kad_dht/test_unit_routing_table.py::TestKBucket::test_split_bucket 
[gw3] [ 15%] PASSED tests/core/kad_dht/test_unit_routing_table.py::TestKBucket::test_split_bucket 
[gw2] [ 15%] PASSED tests/core/kad_dht/test_unit_provider_store.py::TestProviderRecord::test_empty_addresses 
tests/core/kad_dht/test_unit_provider_store.py::TestProviderStore::test_init_empty_store 
[gw2] [ 15%] PASSED tests/core/kad_dht/test_unit_provider_store.py::TestProviderStore::test_init_empty_store 
tests/core/kad_dht/test_unit_routing_table.py::TestKBucket::test_ping_peer_scenarios 
tests/core/kad_dht/test_unit_value_store.py::TestValueStore::test_put_with_custom_validity 
[gw2] [ 15%] PASSED tests/core/kad_dht/test_unit_value_store.py::TestValueStore::test_put_with_custom_validity 
tests/core/kad_dht/test_unit_value_store.py::TestValueStore::test_put_overwrite_existing 
[gw2] [ 15%] PASSED tests/core/kad_dht/test_unit_value_store.py::TestValueStore::test_put_overwrite_existing 
[gw3] [ 16%] PASSED tests/core/kad_dht/test_unit_routing_table.py::TestKBucket::test_ping_peer_scenarios 
tests/core/kad_dht/test_unit_routing_table.py::TestRoutingTable::test_init_routing_table 
tests/core/kad_dht/test_unit_value_store.py::TestValueStore::test_get_existing_valid_value 
[gw2] [ 16%] PASSED tests/core/kad_dht/test_unit_value_store.py::TestValueStore::test_get_existing_valid_value 
tests/core/kad_dht/test_unit_value_store.py::TestValueStore::test_get_nonexistent_key 
[gw3] [ 16%] PASSED tests/core/kad_dht/test_unit_routing_table.py::TestRoutingTable::test_init_routing_table 
tests/core/kad_dht/test_unit_routing_table.py::TestRoutingTable::test_add_peer_operations 
[gw2] [ 16%] PASSED tests/core/kad_dht/test_unit_value_store.py::TestValueStore::test_get_nonexistent_key 
[gw3] [ 16%] PASSED tests/core/kad_dht/test_unit_routing_table.py::TestRoutingTable::test_add_peer_operations 
tests/core/kad_dht/test_unit_value_store.py::TestValueStore::test_get_expired_value 
[gw2] [ 17%] PASSED tests/core/kad_dht/test_unit_value_store.py::TestValueStore::test_get_expired_value 
tests/core/kad_dht/test_unit_routing_table.py::TestRoutingTable::test_find_bucket 
[gw3] [ 17%] PASSED tests/core/kad_dht/test_unit_routing_table.py::TestRoutingTable::test_find_bucket 
tests/core/kad_dht/test_unit_routing_table.py::TestRoutingTable::test_peer_management 
tests/core/kad_dht/test_unit_value_store.py::TestValueStore::test_remove_existing_key 
[gw2] [ 17%] PASSED tests/core/kad_dht/test_unit_value_store.py::TestValueStore::test_remove_existing_key 
tests/core/kad_dht/test_unit_value_store.py::TestValueStore::test_remove_nonexistent_key 
[gw2] [ 17%] PASSED tests/core/kad_dht/test_unit_value_store.py::TestValueStore::test_remove_nonexistent_key 
[gw3] [ 18%] PASSED tests/core/kad_dht/test_unit_routing_table.py::TestRoutingTable::test_peer_management 
tests/core/kad_dht/test_unit_value_store.py::TestValueStore::test_has_existing_valid_key 
tests/core/kad_dht/test_unit_routing_table.py::TestRoutingTable::test_find_closest_peers 
[gw2] [ 18%] PASSED tests/core/kad_dht/test_unit_value_store.py::TestValueStore::test_has_existing_valid_key 
tests/core/kad_dht/test_unit_value_store.py::TestValueStore::test_has_nonexistent_key 
[gw2] [ 18%] PASSED tests/core/kad_dht/test_unit_value_store.py::TestValueStore::test_has_nonexistent_key 
[gw3] [ 18%] PASSED tests/core/kad_dht/test_unit_routing_table.py::TestRoutingTable::test_find_closest_peers 
tests/core/kad_dht/test_unit_routing_table.py::TestRoutingTable::test_distance_calculation 
tests/core/kad_dht/test_unit_value_store.py::TestValueStore::test_has_expired_key 
[gw2] [ 18%] PASSED tests/core/kad_dht/test_unit_value_store.py::TestValueStore::test_has_expired_key 
[gw3] [ 19%] PASSED tests/core/kad_dht/test_unit_routing_table.py::TestRoutingTable::test_distance_calculation 
tests/core/kad_dht/test_unit_routing_table.py::TestRoutingTable::test_edge_cases 
[gw3] [ 19%] PASSED tests/core/kad_dht/test_unit_routing_table.py::TestRoutingTable::test_edge_cases 
tests/core/kad_dht/test_unit_value_store.py::TestValueStore::test_init_empty_store 
tests/core/kad_dht/test_unit_value_store.py::TestValueStore::test_cleanup_expired_no_expired_values 
[gw2] [ 19%] PASSED tests/core/kad_dht/test_unit_value_store.py::TestValueStore::test_cleanup_expired_no_expired_values 
tests/core/kad_dht/test_unit_value_store.py::TestValueStore::test_cleanup_expired_with_expired_values 
[gw2] [ 19%] PASSED tests/core/kad_dht/test_unit_value_store.py::TestValueStore::test_cleanup_expired_with_expired_values 
tests/core/kad_dht/test_unit_value_store.py::TestValueStore::test_cleanup_expired_mixed_validity_types 
[gw2] [ 19%] PASSED tests/core/kad_dht/test_unit_value_store.py::TestValueStore::test_cleanup_expired_mixed_validity_types 
[gw3] [ 20%] PASSED tests/core/kad_dht/test_unit_value_store.py::TestValueStore::test_init_empty_store 
tests/core/kad_dht/test_unit_value_store.py::TestValueStore::test_get_keys_empty_store 
[gw2] [ 20%] PASSED tests/core/kad_dht/test_unit_value_store.py::TestValueStore::test_get_keys_empty_store 
tests/core/kad_dht/test_unit_value_store.py::TestValueStore::test_init_with_host_and_peer_id 
[gw3] [ 20%] PASSED tests/core/kad_dht/test_unit_value_store.py::TestValueStore::test_init_with_host_and_peer_id 
tests/core/kad_dht/test_unit_value_store.py::TestValueStore::test_get_keys_with_valid_values 
[gw2] [ 20%] PASSED tests/core/kad_dht/test_unit_value_store.py::TestValueStore::test_get_keys_with_valid_values 
tests/core/kad_dht/test_unit_value_store.py::TestValueStore::test_size_empty_store 
[gw2] [ 21%] PASSED tests/core/kad_dht/test_unit_value_store.py::TestValueStore::test_size_empty_store 
tests/core/kad_dht/test_unit_value_store.py::TestValueStore::test_put_basic 
[gw3] [ 21%] PASSED tests/core/kad_dht/test_unit_value_store.py::TestValueStore::test_put_basic 
tests/core/kad_dht/test_unit_value_store.py::TestValueStore::test_default_ttl_calculation 
tests/core/kad_dht/test_unit_value_store.py::TestValueStore::test_size_with_valid_values 
[gw3] [ 21%] PASSED tests/core/kad_dht/test_unit_value_store.py::TestValueStore::test_default_ttl_calculation 
[gw2] [ 21%] PASSED tests/core/kad_dht/test_unit_value_store.py::TestValueStore::test_size_with_valid_values 
tests/core/kad_dht/test_unit_value_store.py::TestValueStore::test_concurrent_operations 
[gw3] [ 21%] PASSED tests/core/kad_dht/test_unit_value_store.py::TestValueStore::test_concurrent_operations 
tests/core/kad_dht/test_unit_value_store.py::TestValueStore::test_edge_case_empty_key 
[gw2] [ 22%] PASSED tests/core/kad_dht/test_unit_value_store.py::TestValueStore::test_edge_case_empty_key 
tests/core/kad_dht/test_unit_value_store.py::TestValueStore::test_edge_case_empty_value 
tests/core/kad_dht/test_unit_value_store.py::TestValueStore::test_expiration_boundary_conditions 
[gw2] [ 22%] PASSED tests/core/kad_dht/test_unit_value_store.py::TestValueStore::test_edge_case_empty_value 
tests/core/kad_dht/test_unit_value_store.py::TestValueStore::test_edge_case_large_key_value 
[gw2] [ 22%] PASSED tests/core/kad_dht/test_unit_value_store.py::TestValueStore::test_edge_case_large_key_value 
[gw3] [ 22%] PASSED tests/core/kad_dht/test_unit_value_store.py::TestValueStore::test_expiration_boundary_conditions 
tests/core/kad_dht/test_unit_value_store.py::TestValueStore::test_edge_case_negative_validity 
[gw2] [ 22%] PASSED tests/core/kad_dht/test_unit_value_store.py::TestValueStore::test_edge_case_negative_validity 
tests/core/network/test_swarm.py::test_swarm_close_peer 
tests/core/kad_dht/test_unit_value_store.py::TestValueStore::test_store_internal_structure 
[gw3] [ 23%] PASSED tests/core/kad_dht/test_unit_value_store.py::TestValueStore::test_store_internal_structure 
tests/core/kad_dht/test_unit_value_store.py::TestValueStore::test_store_at_peer_local_peer 
[gw3] [ 23%] PASSED tests/core/kad_dht/test_unit_value_store.py::TestValueStore::test_store_at_peer_local_peer 
tests/core/kad_dht/test_unit_value_store.py::TestValueStore::test_get_from_peer_local_peer 
[gw3] [ 23%] PASSED tests/core/kad_dht/test_unit_value_store.py::TestValueStore::test_get_from_peer_local_peer 
tests/core/kad_dht/test_unit_value_store.py::TestValueStore::test_memory_efficiency_large_dataset 
[gw3] [ 23%] PASSED tests/core/kad_dht/test_unit_value_store.py::TestValueStore::test_memory_efficiency_large_dataset 
tests/core/kad_dht/test_unit_value_store.py::TestValueStore::test_key_collision_resistance 
[gw3] [ 24%] PASSED tests/core/kad_dht/test_unit_value_store.py::TestValueStore::test_key_collision_resistance 
tests/core/kad_dht/test_unit_value_store.py::TestValueStore::test_unicode_key_handling 
[gw3] [ 24%] PASSED tests/core/kad_dht/test_unit_value_store.py::TestValueStore::test_unicode_key_handling 
tests/core/network/test_net_stream.py::test_net_stream_read_write 
[gw3] [ 24%] PASSED tests/core/network/test_net_stream.py::test_net_stream_read_write 
tests/core/network/test_net_stream.py::test_net_stream_read_until_eof 
[gw2] [ 24%] PASSED tests/core/network/test_swarm.py::test_swarm_close_peer 
tests/core/network/test_swarm.py::test_swarm_remove_conn 
[gw1] [ 24%] PASSED tests/core/host/test_connected_peers.py::test_connected_peers[connect_three_cyclic] 
tests/core/host/test_connected_peers.py::test_connected_peers[connect_two_to_one] 
[gw3] [ 25%] PASSED tests/core/network/test_net_stream.py::test_net_stream_read_until_eof 
tests/core/network/test_net_stream.py::test_net_stream_read_after_remote_closed 
[gw0] [ 25%] PASSED tests/core/crypto/test_rsa.py::test_validate_rsa_key_size 
tests/core/crypto/test_secp256k1.py::test_public_key_serialize_deserialize_round_trip 
[gw0] [ 25%] PASSED tests/core/crypto/test_secp256k1.py::test_public_key_serialize_deserialize_round_trip 
tests/core/crypto/test_secp256k1.py::test_private_key_serialize_deserialize_round_trip 
[gw0] [ 25%] PASSED tests/core/crypto/test_secp256k1.py::test_private_key_serialize_deserialize_round_trip 
tests/core/crypto/test_x25519.py::test_x25519_public_key_creation 
[gw0] [ 25%] PASSED tests/core/crypto/test_x25519.py::test_x25519_public_key_creation 
tests/core/crypto/test_x25519.py::test_x25519_private_key_creation 
[gw0] [ 26%] PASSED tests/core/crypto/test_x25519.py::test_x25519_private_key_creation 
tests/core/crypto/test_x25519.py::test_x25519_key_pair_creation 
[gw0] [ 26%] PASSED tests/core/crypto/test_x25519.py::test_x25519_key_pair_creation 
tests/core/crypto/test_x25519.py::test_x25519_unsupported_operations 
[gw0] [ 26%] PASSED tests/core/crypto/test_x25519.py::test_x25519_unsupported_operations 
tests/core/crypto/test_x25519.py::test_x25519_invalid_key_bytes 
[gw0] [ 26%] PASSED tests/core/crypto/test_x25519.py::test_x25519_invalid_key_bytes 
tests/core/crypto/test_x25519.py::test_x25519_key_serialization 
[gw0] [ 27%] PASSED tests/core/crypto/test_x25519.py::test_x25519_key_serialization 
tests/core/examples/test_examples.py::test_protocols[hello_world] 
[gw2] [ 27%] PASSED tests/core/network/test_swarm.py::test_swarm_remove_conn 
tests/core/network/test_swarm.py::test_swarm_multiaddr 
[gw3] [ 27%] PASSED tests/core/network/test_net_stream.py::test_net_stream_read_after_remote_closed 
tests/core/network/test_net_stream.py::test_net_stream_read_after_local_reset 
[gw3] [ 27%] PASSED tests/core/network/test_net_stream.py::test_net_stream_read_after_local_reset 
tests/core/network/test_net_stream.py::test_net_stream_read_after_remote_reset 
[gw0] [ 27%] PASSED tests/core/examples/test_examples.py::test_protocols[hello_world] 
tests/core/examples/test_examples.py::test_protocols[connect_write] 
[gw1] [ 28%] PASSED tests/core/host/test_connected_peers.py::test_connected_peers[connect_two_to_one] 
tests/core/host/test_connected_peers.py::test_connected_peers[connect_and_disconnect] 
[gw2] [ 28%] PASSED tests/core/network/test_swarm.py::test_swarm_multiaddr 
tests/core/network/test_swarm.py::test_new_swarm_defaults_to_tcp 
[gw3] [ 28%] PASSED tests/core/network/test_net_stream.py::test_net_stream_read_after_remote_reset 
tests/core/network/test_net_stream.py::test_net_stream_read_after_remote_closed_and_reset 
[gw2] [ 28%] PASSED tests/core/network/test_swarm.py::test_new_swarm_defaults_to_tcp 
tests/core/network/test_swarm.py::test_new_swarm_tcp_multiaddr_supported 
[gw2] [ 28%] PASSED tests/core/network/test_swarm.py::test_new_swarm_tcp_multiaddr_supported 
tests/core/network/test_swarm.py::test_new_swarm_quic_multiaddr_raises 
[gw2] [ 29%] PASSED tests/core/network/test_swarm.py::test_new_swarm_quic_multiaddr_raises 
tests/core/network/test_swarm_conn.py::test_swarm_conn_close 
[gw1] [ 29%] PASSED tests/core/host/test_connected_peers.py::test_connected_peers[connect_and_disconnect] 
tests/core/host/test_live_peers.py::test_live_peers_basic 
[gw3] [ 29%] PASSED tests/core/network/test_net_stream.py::test_net_stream_read_after_remote_closed_and_reset 
tests/core/network/test_net_stream.py::test_net_stream_write_after_local_closed 
[gw2] [ 29%] PASSED tests/core/network/test_swarm_conn.py::test_swarm_conn_close 
tests/core/network/test_swarm_conn.py::test_swarm_conn_streams 
[gw1] [ 30%] PASSED tests/core/host/test_live_peers.py::test_live_peers_basic 
tests/core/host/test_live_peers.py::test_live_peers_disconnect 
[gw3] [ 30%] PASSED tests/core/network/test_net_stream.py::test_net_stream_write_after_local_closed 
tests/core/network/test_net_stream.py::test_net_stream_write_after_local_reset 
[gw0] [ 30%] PASSED tests/core/examples/test_examples.py::test_protocols[connect_write] 
tests/core/examples/test_examples.py::test_protocols[connect_read] 
[gw2] [ 30%] PASSED tests/core/network/test_swarm_conn.py::test_swarm_conn_streams 
tests/core/peer/test_addrbook.py::test_addrs_empty 
[gw2] [ 30%] PASSED tests/core/peer/test_addrbook.py::test_addrs_empty 
tests/core/peer/test_addrbook.py::test_add_addr_single 
[gw2] [ 31%] PASSED tests/core/peer/test_addrbook.py::test_add_addr_single 
tests/core/peer/test_addrbook.py::test_add_addrs_multiple 
[gw2] [ 31%] PASSED tests/core/peer/test_addrbook.py::test_add_addrs_multiple 
tests/core/peer/test_addrbook.py::test_clear_addrs 
[gw2] [ 31%] PASSED tests/core/peer/test_addrbook.py::test_clear_addrs 
tests/core/peer/test_addrbook.py::test_peers_with_addrs 
[gw2] [ 31%] PASSED tests/core/peer/test_addrbook.py::test_peers_with_addrs 
tests/core/peer/test_interop.py::test_peer_id_interop 
[gw2] [ 31%] PASSED tests/core/peer/test_interop.py::test_peer_id_interop 
tests/core/peer/test_peerdata.py::test_get_protocols_empty 
[gw2] [ 32%] PASSED tests/core/peer/test_peerdata.py::test_get_protocols_empty 
tests/core/peer/test_peerdata.py::test_add_protocols 
[gw2] [ 32%] PASSED tests/core/peer/test_peerdata.py::test_add_protocols 
tests/core/peer/test_peerdata.py::test_set_protocols 
[gw2] [ 32%] PASSED tests/core/peer/test_peerdata.py::test_set_protocols 
tests/core/peer/test_peerdata.py::test_remove_protocols 
[gw2] [ 32%] PASSED tests/core/peer/test_peerdata.py::test_remove_protocols 
tests/core/peer/test_peerdata.py::test_clear_protocol_data 
[gw2] [ 33%] PASSED tests/core/peer/test_peerdata.py::test_clear_protocol_data 
tests/core/peer/test_peerid.py::test_eq_impl_for_bytes 
[gw2] [ 33%] PASSED tests/core/peer/test_peerid.py::test_eq_impl_for_bytes 
tests/core/peer/test_peerid.py::test_pretty 
[gw2] [ 33%] PASSED tests/core/peer/test_peerid.py::test_pretty 
tests/core/peer/test_peerid.py::test_str_less_than_10 
[gw2] [ 33%] PASSED tests/core/peer/test_peerid.py::test_str_less_than_10 
tests/core/peer/test_peerid.py::test_str_more_than_10 
[gw2] [ 33%] PASSED tests/core/peer/test_peerid.py::test_str_more_than_10 
tests/core/peer/test_peerid.py::test_eq_true 
[gw2] [ 34%] PASSED tests/core/peer/test_peerid.py::test_eq_true 
tests/core/peer/test_peerid.py::test_eq_false 
[gw2] [ 34%] PASSED tests/core/peer/test_peerid.py::test_eq_false 
tests/core/peer/test_peerid.py::test_id_to_base58 
[gw2] [ 34%] PASSED tests/core/peer/test_peerid.py::test_id_to_base58 
tests/core/peer/test_peerid.py::test_id_from_base58 
[gw2] [ 34%] PASSED tests/core/peer/test_peerid.py::test_id_from_base58 
tests/core/peer/test_peerid.py::test_id_from_public_key 
[gw2] [ 34%] PASSED tests/core/peer/test_peerid.py::test_id_from_public_key 
tests/core/peer/test_peerinfo.py::test_init_ 
[gw2] [ 35%] PASSED tests/core/peer/test_peerinfo.py::test_init_ 
tests/core/peer/test_peerinfo.py::test_info_from_p2p_addr_invalid[empty multiaddr] 
[gw2] [ 35%] PASSED tests/core/peer/test_peerinfo.py::test_info_from_p2p_addr_invalid[empty multiaddr] 
tests/core/peer/test_peerinfo.py::test_info_from_p2p_addr_invalid[multiaddr without peer_id(p2p protocol)] 
[gw2] [ 35%] PASSED tests/core/peer/test_peerinfo.py::test_info_from_p2p_addr_invalid[multiaddr without peer_id(p2p protocol)] 
tests/core/peer/test_peerinfo.py::test_info_from_p2p_addr_valid 
[gw2] [ 35%] PASSED tests/core/peer/test_peerinfo.py::test_info_from_p2p_addr_valid 
tests/core/peer/test_peermetadata.py::test_get_empty 
[gw2] [ 36%] PASSED tests/core/peer/test_peermetadata.py::test_get_empty 
tests/core/peer/test_peermetadata.py::test_put_get_simple 
[gw2] [ 36%] PASSED tests/core/peer/test_peermetadata.py::test_put_get_simple 
tests/core/peer/test_peermetadata.py::test_put_get_update 
[gw2] [ 36%] PASSED tests/core/peer/test_peermetadata.py::test_put_get_update 
tests/core/peer/test_peermetadata.py::test_put_get_two_peers 
[gw2] [ 36%] PASSED tests/core/peer/test_peermetadata.py::test_put_get_two_peers 
tests/core/peer/test_peerstore.py::test_peer_info_empty 
[gw2] [ 36%] PASSED tests/core/peer/test_peerstore.py::test_peer_info_empty 
tests/core/peer/test_peerstore.py::test_peer_info_basic 
[gw0] [ 37%] PASSED tests/core/examples/test_examples.py::test_protocols[connect_read] 
tests/core/examples/test_examples.py::test_protocols[no_common_protocol] 
[gw3] [ 37%] PASSED tests/core/network/test_net_stream.py::test_net_stream_write_after_local_reset 
tests/core/network/test_net_stream.py::test_net_stream_write_after_remote_reset 
[gw1] [ 37%] PASSED tests/core/host/test_live_peers.py::test_live_peers_disconnect 
tests/core/host/test_live_peers.py::test_live_peers_multiple_connections 
[gw3] [ 37%] PASSED tests/core/network/test_net_stream.py::test_net_stream_write_after_remote_reset 
tests/core/network/test_notify.py::test_notify 
[gw1] [ 37%] PASSED tests/core/host/test_live_peers.py::test_live_peers_multiple_connections 
tests/core/host/test_live_peers.py::test_live_peers_reconnect 
[gw0] [ 38%] PASSED tests/core/examples/test_examples.py::test_protocols[no_common_protocol] 
tests/core/examples/test_examples.py::test_protocols[chat_demo] 
[gw3] [ 38%] PASSED tests/core/network/test_notify.py::test_notify 
tests/core/network/test_swarm.py::test_swarm_dial_peer 
[gw2] [ 38%] PASSED tests/core/peer/test_peerstore.py::test_peer_info_basic 
tests/core/peer/test_peerstore.py::test_peer_permanent_ttl 
[gw1] [ 38%] PASSED tests/core/host/test_live_peers.py::test_live_peers_reconnect 
tests/core/host/test_live_peers.py::test_live_peers_unexpected_drop 
[gw0] [ 39%] PASSED tests/core/examples/test_examples.py::test_protocols[chat_demo] 
tests/core/examples/test_examples.py::test_protocols[echo_demo] 
[gw3] [ 39%] PASSED tests/core/network/test_swarm.py::test_swarm_dial_peer 
tests/core/peer/test_peerdata.py::test_supports_protocols 
[gw3] [ 39%] PASSED tests/core/peer/test_peerdata.py::test_supports_protocols 
tests/core/peer/test_peerdata.py::test_first_supported_protocol_found 
[gw3] [ 39%] PASSED tests/core/peer/test_peerdata.py::test_first_supported_protocol_found 
tests/core/peer/test_peerdata.py::test_first_supported_protocol_none 
[gw3] [ 39%] PASSED tests/core/peer/test_peerdata.py::test_first_supported_protocol_none 
tests/core/peer/test_peerdata.py::test_add_addrs 
[gw3] [ 40%] PASSED tests/core/peer/test_peerdata.py::test_add_addrs 
tests/core/peer/test_peerdata.py::test_add_dup_addrs 
[gw3] [ 40%] PASSED tests/core/peer/test_peerdata.py::test_add_dup_addrs 
tests/core/peer/test_peerdata.py::test_clear_addrs 
[gw3] [ 40%] PASSED tests/core/peer/test_peerdata.py::test_clear_addrs 
tests/core/peer/test_peerdata.py::test_put_metadata 
[gw3] [ 40%] PASSED tests/core/peer/test_peerdata.py::test_put_metadata 
tests/core/peer/test_peerdata.py::test_get_metadata_key_not_found 
[gw3] [ 40%] PASSED tests/core/peer/test_peerdata.py::test_get_metadata_key_not_found 
tests/core/peer/test_peerdata.py::test_clear_metadata 
[gw3] [ 41%] PASSED tests/core/peer/test_peerdata.py::test_clear_metadata 
tests/core/peer/test_peerdata.py::test_add_pubkey 
[gw3] [ 41%] PASSED tests/core/peer/test_peerdata.py::test_add_pubkey 
tests/core/peer/test_peerdata.py::test_get_pubkey_not_found 
[gw3] [ 41%] PASSED tests/core/peer/test_peerdata.py::test_get_pubkey_not_found 
tests/core/peer/test_peerdata.py::test_add_privkey 
[gw3] [ 41%] PASSED tests/core/peer/test_peerdata.py::test_add_privkey 
tests/core/peer/test_peerdata.py::test_get_privkey_not_found 
[gw3] [ 42%] PASSED tests/core/peer/test_peerdata.py::test_get_privkey_not_found 
tests/core/peer/test_peerdata.py::test_peer_with_keys 
[gw3] [ 42%] PASSED tests/core/peer/test_peerdata.py::test_peer_with_keys 
tests/core/peer/test_peerdata.py::test_clear_keydata 
[gw3] [ 42%] PASSED tests/core/peer/test_peerdata.py::test_clear_keydata 
tests/core/peer/test_peerdata.py::test_record_latency_initial 
[gw3] [ 42%] PASSED tests/core/peer/test_peerdata.py::test_record_latency_initial 
tests/core/peer/test_peerdata.py::test_record_latency_updates_ewma 
[gw3] [ 42%] PASSED tests/core/peer/test_peerdata.py::test_record_latency_updates_ewma 
tests/core/peer/test_peerdata.py::test_clear_metrics 
[gw3] [ 43%] PASSED tests/core/peer/test_peerdata.py::test_clear_metrics 
tests/core/pubsub/test_dummyaccount_demo.py::test_simple_three_nodes_line_topography 
[gw2] [ 43%] PASSED tests/core/peer/test_peerstore.py::test_peer_permanent_ttl 
tests/core/peer/test_peerstore.py::test_add_get_protocols_basic 
[gw2] [ 43%] PASSED tests/core/peer/test_peerstore.py::test_add_get_protocols_basic 
tests/core/peer/test_peerstore.py::test_add_get_protocols_extend 
[gw2] [ 43%] PASSED tests/core/peer/test_peerstore.py::test_add_get_protocols_extend 
tests/core/peer/test_peerstore.py::test_set_protocols 
[gw2] [ 43%] PASSED tests/core/peer/test_peerstore.py::test_set_protocols 
tests/core/peer/test_peerstore.py::test_peers 
[gw2] [ 44%] PASSED tests/core/peer/test_peerstore.py::test_peers 
tests/core/peer/test_peerstore.py::test_addr_stream_yields_new_addrs 
[gw1] [ 44%] PASSED tests/core/host/test_live_peers.py::test_live_peers_unexpected_drop 
tests/core/host/test_ping.py::test_ping_once 
[gw0] [ 44%] PASSED tests/core/examples/test_examples.py::test_protocols[echo_demo] 
tests/core/examples/test_examples.py::test_protocols[ping_demo] 
[gw1] [ 44%] PASSED tests/core/host/test_ping.py::test_ping_once 
tests/core/host/test_ping.py::test_ping_several 
[gw2] [ 45%] PASSED tests/core/peer/test_peerstore.py::test_addr_stream_yields_new_addrs 
tests/core/protocol_muxer/test_negotiate_timeout.py::test_select_one_of_timeout 
[gw3] [ 45%] PASSED tests/core/pubsub/test_dummyaccount_demo.py::test_simple_three_nodes_line_topography 
tests/core/pubsub/test_dummyaccount_demo.py::test_simple_three_nodes_triangle_topography 
[gw0] [ 45%] PASSED tests/core/examples/test_examples.py::test_protocols[ping_demo] 
tests/core/examples/test_examples.py::test_protocols[pubsub_demo] 
[gw1] [ 45%] PASSED tests/core/host/test_ping.py::test_ping_several 
tests/core/host/test_ping.py::test_ping_service_once 
[gw0] [ 45%] PASSED tests/core/examples/test_examples.py::test_protocols[pubsub_demo] 
tests/core/examples/test_examples.py::test_protocols[identify_push_demo] 
[gw2] [ 46%] PASSED tests/core/protocol_muxer/test_negotiate_timeout.py::test_select_one_of_timeout 
tests/core/protocol_muxer/test_negotiate_timeout.py::test_query_multistream_command_timeout 
[gw1] [ 46%] PASSED tests/core/host/test_ping.py::test_ping_service_once 
tests/core/host/test_ping.py::test_ping_service_several 
[gw0] [ 46%] PASSED tests/core/examples/test_examples.py::test_protocols[identify_push_demo] 
tests/core/host/test_autonat.py::test_autonat_service_initialization 
[gw1] [ 46%] PASSED tests/core/host/test_ping.py::test_ping_service_several 
tests/core/host/test_routed_host.py::test_host_routing_success 
[gw0] [ 46%] PASSED tests/core/host/test_autonat.py::test_autonat_service_initialization 
tests/core/host/test_autonat.py::test_autonat_status_getter 
[gw1] [ 47%] PASSED tests/core/host/test_routed_host.py::test_host_routing_success 
tests/core/host/test_routed_host.py::test_host_routing_fail 
[gw0] [ 47%] PASSED tests/core/host/test_autonat.py::test_autonat_status_getter 
tests/core/host/test_autonat.py::test_update_status 
[gw2] [ 47%] PASSED tests/core/protocol_muxer/test_negotiate_timeout.py::test_query_multistream_command_timeout 
tests/core/protocol_muxer/test_negotiate_timeout.py::test_negotiate_timeout 
[gw3] [ 47%] PASSED tests/core/pubsub/test_dummyaccount_demo.py::test_simple_three_nodes_triangle_topography 
tests/core/pubsub/test_dummyaccount_demo.py::test_simple_seven_nodes_tree_topography 
[gw0] [ 48%] PASSED tests/core/host/test_autonat.py::test_update_status 
tests/core/host/test_autonat.py::test_try_dial 
[gw1] [ 48%] PASSED tests/core/host/test_routed_host.py::test_host_routing_fail 
tests/core/identity/identify/test_identify.py::test_identify_protocol 
[gw0] [ 48%] PASSED tests/core/host/test_autonat.py::test_try_dial 
tests/core/host/test_autonat.py::test_handle_dial 
[gw2] [ 48%] PASSED tests/core/protocol_muxer/test_negotiate_timeout.py::test_negotiate_timeout 
tests/core/protocol_muxer/test_protocol_muxer.py::test_single_protocol_succeeds 
[gw0] [ 48%] PASSED tests/core/host/test_autonat.py::test_handle_dial 
tests/core/host/test_autonat.py::test_handle_request 
[gw1] [ 49%] PASSED tests/core/identity/identify/test_identify.py::test_identify_protocol 
tests/core/identity/identify_push/test_identify_push.py::test_identify_push_protocol 
[gw0] [ 49%] PASSED tests/core/host/test_autonat.py::test_handle_request 
tests/core/host/test_autonat.py::test_handle_stream 
[gw0] [ 49%] PASSED tests/core/host/test_autonat.py::test_handle_stream 
tests/core/host/test_basic_host.py::test_default_protocols 
[gw0] [ 49%] PASSED tests/core/host/test_basic_host.py::test_default_protocols 
tests/core/host/test_connected_peers.py::test_connected_peers[connect_two] 
[gw1] [ 50%] PASSED tests/core/identity/identify_push/test_identify_push.py::test_identify_push_protocol 
tests/core/identity/identify_push/test_identify_push.py::test_identify_push_handler 
[gw1] [ 50%] PASSED tests/core/identity/identify_push/test_identify_push.py::test_identify_push_handler 
tests/core/identity/identify_push/test_identify_push.py::test_identify_push_to_peers 
[gw2] [ 50%] PASSED tests/core/protocol_muxer/test_protocol_muxer.py::test_single_protocol_succeeds 
tests/core/protocol_muxer/test_protocol_muxer.py::test_single_protocol_fails 
[gw0] [ 50%] PASSED tests/core/host/test_connected_peers.py::test_connected_peers[connect_two] 
tests/core/pubsub/test_floodsub.py::test_gossipsub_run_with_floodsub_tests[seven_nodes_tree_one_topics] 
[gw2] [ 50%] PASSED tests/core/protocol_muxer/test_protocol_muxer.py::test_single_protocol_fails 
tests/core/protocol_muxer/test_protocol_muxer.py::test_multiple_protocol_first_is_valid_succeeds 
[gw2] [ 51%] PASSED tests/core/protocol_muxer/test_protocol_muxer.py::test_multiple_protocol_first_is_valid_succeeds 
tests/core/protocol_muxer/test_protocol_muxer.py::test_multiple_protocol_second_is_valid_succeeds 
[gw1] [ 51%] PASSED tests/core/identity/identify_push/test_identify_push.py::test_identify_push_to_peers 
tests/core/identity/identify_push/test_identify_push.py::test_push_identify_to_peers_with_explicit_params 
[gw3] [ 51%] PASSED tests/core/pubsub/test_dummyaccount_demo.py::test_simple_seven_nodes_tree_topography 
tests/core/pubsub/test_dummyaccount_demo.py::test_set_then_send_from_root_seven_nodes_tree_topography 
[gw1] [ 51%] PASSED tests/core/identity/identify_push/test_identify_push.py::test_push_identify_to_peers_with_explicit_params 
tests/core/identity/identify_push/test_identify_push.py::test_update_peerstore_from_identify 
[gw2] [ 51%] PASSED tests/core/protocol_muxer/test_protocol_muxer.py::test_multiple_protocol_second_is_valid_succeeds 
tests/core/protocol_muxer/test_protocol_muxer.py::test_multiple_protocol_fails 
[gw2] [ 52%] PASSED tests/core/protocol_muxer/test_protocol_muxer.py::test_multiple_protocol_fails 
tests/core/protocol_muxer/test_protocol_muxer.py::test_multistream_command 
[gw2] [ 52%] PASSED tests/core/protocol_muxer/test_protocol_muxer.py::test_multistream_command 
tests/core/protocol_muxer/test_protocol_muxer.py::test_get_protocols_returns_all_registered_protocols 
[gw2] [ 52%] PASSED tests/core/protocol_muxer/test_protocol_muxer.py::test_get_protocols_returns_all_registered_protocols 
tests/core/pubsub/test_dummyaccount_demo.py::test_simple_two_nodes 
[gw1] [ 52%] PASSED tests/core/identity/identify_push/test_identify_push.py::test_update_peerstore_from_identify 
tests/core/identity/identify_push/test_identify_push.py::test_partial_update_peerstore_from_identify 
[gw1] [ 53%] PASSED tests/core/identity/identify_push/test_identify_push.py::test_partial_update_peerstore_from_identify 
tests/core/identity/identify_push/test_identify_push.py::test_push_identify_to_peers_respects_concurrency_limit 
[gw1] [ 53%] PASSED tests/core/identity/identify_push/test_identify_push.py::test_push_identify_to_peers_respects_concurrency_limit 
tests/core/identity/identify_push/test_identify_push.py::test_all_peers_receive_identify_push_with_semaphore 
[gw2] [ 53%] PASSED tests/core/pubsub/test_dummyaccount_demo.py::test_simple_two_nodes 
tests/core/pubsub/test_gossipsub.py::test_connect_some_degree_limit_enforced 
[gw3] [ 53%] PASSED tests/core/pubsub/test_dummyaccount_demo.py::test_set_then_send_from_root_seven_nodes_tree_topography 
tests/core/pubsub/test_dummyaccount_demo.py::test_set_then_send_from_different_leafs_seven_nodes_tree_topography 
[gw1] [ 53%] PASSED tests/core/identity/identify_push/test_identify_push.py::test_all_peers_receive_identify_push_with_semaphore 
tests/core/identity/identify_push/test_identify_push.py::test_all_peers_receive_identify_push_with_semaphore_under_high_peer_load 
[gw2] [ 54%] PASSED tests/core/pubsub/test_gossipsub.py::test_connect_some_degree_limit_enforced 
tests/core/pubsub/test_gossipsub.py::test_connect_some_degree_zero 
[gw0] [ 54%] PASSED tests/core/pubsub/test_floodsub.py::test_gossipsub_run_with_floodsub_tests[seven_nodes_tree_one_topics] 
tests/core/pubsub/test_floodsub.py::test_gossipsub_run_with_floodsub_tests[seven_nodes_tree_three_topics] 
[gw2] [ 54%] PASSED tests/core/pubsub/test_gossipsub.py::test_connect_some_degree_zero 
tests/core/pubsub/test_gossipsub.py::test_connect_some_negative_degree 
[gw3] [ 54%] PASSED tests/core/pubsub/test_dummyaccount_demo.py::test_set_then_send_from_different_leafs_seven_nodes_tree_topography 
tests/core/pubsub/test_dummyaccount_demo.py::test_simple_five_nodes_ring_topography 
[gw2] [ 54%] PASSED tests/core/pubsub/test_gossipsub.py::test_connect_some_negative_degree 
tests/core/pubsub/test_gossipsub.py::test_sparse_connect_degree_zero 
[gw3] [ 55%] PASSED tests/core/pubsub/test_dummyaccount_demo.py::test_simple_five_nodes_ring_topography 
tests/core/pubsub/test_dummyaccount_demo.py::test_set_then_send_from_diff_nodes_five_nodes_ring_topography 
[gw0] [ 55%] PASSED tests/core/pubsub/test_floodsub.py::test_gossipsub_run_with_floodsub_tests[seven_nodes_tree_three_topics] 
tests/core/pubsub/test_floodsub.py::test_gossipsub_run_with_floodsub_tests[seven_nodes_tree_three_topics_diff_origin] 
[gw1] [ 55%] PASSED tests/core/identity/identify_push/test_identify_push.py::test_all_peers_receive_identify_push_with_semaphore_under_high_peer_load 
tests/core/kad_dht/test_kad_dht.py::test_find_node 
[gw1] [ 55%] PASSED tests/core/kad_dht/test_kad_dht.py::test_find_node 
tests/core/kad_dht/test_kad_dht.py::test_put_and_get_value 
[gw2] [ 56%] PASSED tests/core/pubsub/test_gossipsub.py::test_sparse_connect_degree_zero 
tests/core/pubsub/test_gossipsub.py::test_empty_host_list 
[gw2] [ 56%] PASSED tests/core/pubsub/test_gossipsub.py::test_empty_host_list 
tests/core/pubsub/test_gossipsub.py::test_single_host 
[gw2] [ 56%] PASSED tests/core/pubsub/test_gossipsub.py::test_single_host 
tests/core/pubsub/test_gossipsub_backward_compatibility.py::test_gossipsub_run_with_floodsub_tests[simple_two_nodes] 
[gw3] [ 56%] PASSED tests/core/pubsub/test_dummyaccount_demo.py::test_set_then_send_from_diff_nodes_five_nodes_ring_topography 
tests/core/pubsub/test_dummyaccount_demo.py::test_set_then_send_from_five_diff_nodes_five_nodes_ring_topography 
[gw1] [ 56%] PASSED tests/core/kad_dht/test_kad_dht.py::test_put_and_get_value 
tests/core/kad_dht/test_kad_dht.py::test_provide_and_find_providers 
[gw1] [ 57%] PASSED tests/core/kad_dht/test_kad_dht.py::test_provide_and_find_providers 
tests/core/kad_dht/test_unit_peer_routing.py::TestPeerRouting::test_init_peer_routing 
[gw1] [ 57%] PASSED tests/core/kad_dht/test_unit_peer_routing.py::TestPeerRouting::test_init_peer_routing 
tests/core/kad_dht/test_unit_peer_routing.py::TestPeerRouting::test_find_peer_local_host 
[gw1] [ 57%] PASSED tests/core/kad_dht/test_unit_peer_routing.py::TestPeerRouting::test_find_peer_local_host 
tests/core/pubsub/test_gossipsub_px_and_backoff.py::test_peer_exchange 
[gw2] [ 57%] PASSED tests/core/pubsub/test_gossipsub_backward_compatibility.py::test_gossipsub_run_with_floodsub_tests[simple_two_nodes] 
tests/core/pubsub/test_gossipsub_backward_compatibility.py::test_gossipsub_run_with_floodsub_tests[three_nodes_two_topics] 
[gw0] [ 57%] PASSED tests/core/pubsub/test_floodsub.py::test_gossipsub_run_with_floodsub_tests[seven_nodes_tree_three_topics_diff_origin] 
tests/core/pubsub/test_floodsub.py::test_gossipsub_run_with_floodsub_tests[three_nodes_clique_two_topic_diff_origin] 
[gw1] [ 58%] PASSED tests/core/pubsub/test_gossipsub_px_and_backoff.py::test_peer_exchange 
tests/core/pubsub/test_gossipsub_px_and_backoff.py::test_topics_are_isolated 
[gw3] [ 58%] PASSED tests/core/pubsub/test_dummyaccount_demo.py::test_set_then_send_from_five_diff_nodes_five_nodes_ring_topography 
tests/core/pubsub/test_floodsub.py::test_simple_two_nodes 
[gw3] [ 58%] PASSED tests/core/pubsub/test_floodsub.py::test_simple_two_nodes 
tests/core/pubsub/test_floodsub.py::test_timed_cache_two_nodes 
[gw1] [ 58%] PASSED tests/core/pubsub/test_gossipsub_px_and_backoff.py::test_topics_are_isolated 
tests/core/pubsub/test_gossipsub_px_and_backoff.py::test_stress_churn 
[gw3] [ 59%] PASSED tests/core/pubsub/test_floodsub.py::test_timed_cache_two_nodes 
tests/core/pubsub/test_floodsub.py::test_gossipsub_run_with_floodsub_tests[simple_two_nodes] 
[gw2] [ 59%] PASSED tests/core/pubsub/test_gossipsub_backward_compatibility.py::test_gossipsub_run_with_floodsub_tests[three_nodes_two_topics] 
tests/core/pubsub/test_gossipsub_backward_compatibility.py::test_gossipsub_run_with_floodsub_tests[two_nodes_one_topic_single_subscriber_is_sender] 
[gw0] [ 59%] PASSED tests/core/pubsub/test_floodsub.py::test_gossipsub_run_with_floodsub_tests[three_nodes_clique_two_topic_diff_origin] 
tests/core/pubsub/test_floodsub.py::test_gossipsub_run_with_floodsub_tests[four_nodes_clique_two_topic_diff_origin_many_msgs] 
[gw3] [ 59%] PASSED tests/core/pubsub/test_floodsub.py::test_gossipsub_run_with_floodsub_tests[simple_two_nodes] 
tests/core/pubsub/test_floodsub.py::test_gossipsub_run_with_floodsub_tests[three_nodes_two_topics] 
[gw2] [ 59%] PASSED tests/core/pubsub/test_gossipsub_backward_compatibility.py::test_gossipsub_run_with_floodsub_tests[two_nodes_one_topic_single_subscriber_is_sender] 
tests/core/pubsub/test_gossipsub_backward_compatibility.py::test_gossipsub_run_with_floodsub_tests[two_nodes_one_topic_two_msgs] 
[gw0] [ 60%] PASSED tests/core/pubsub/test_floodsub.py::test_gossipsub_run_with_floodsub_tests[four_nodes_clique_two_topic_diff_origin_many_msgs] 
tests/core/pubsub/test_floodsub.py::test_gossipsub_run_with_floodsub_tests[five_nodes_ring_two_topic_diff_origin_many_msgs] 
[gw1] [ 60%] PASSED tests/core/pubsub/test_gossipsub_px_and_backoff.py::test_stress_churn 
tests/core/pubsub/test_mcache.py::test_mcache 
[gw1] [ 60%] PASSED tests/core/pubsub/test_mcache.py::test_mcache 
tests/core/pubsub/test_pubsub.py::test_subscribe_and_unsubscribe 
[gw1] [ 60%] PASSED tests/core/pubsub/test_pubsub.py::test_subscribe_and_unsubscribe 
tests/core/pubsub/test_pubsub.py::test_re_subscribe 
[gw1] [ 60%] PASSED tests/core/pubsub/test_pubsub.py::test_re_subscribe 
tests/core/pubsub/test_pubsub.py::test_re_unsubscribe 
[gw1] [ 61%] PASSED tests/core/pubsub/test_pubsub.py::test_re_unsubscribe 
tests/core/pubsub/test_pubsub.py::test_peers_subscribe 
[gw3] [ 61%] PASSED tests/core/pubsub/test_floodsub.py::test_gossipsub_run_with_floodsub_tests[three_nodes_two_topics] 
tests/core/pubsub/test_floodsub.py::test_gossipsub_run_with_floodsub_tests[two_nodes_one_topic_single_subscriber_is_sender] 
[gw2] [ 61%] PASSED tests/core/pubsub/test_gossipsub_backward_compatibility.py::test_gossipsub_run_with_floodsub_tests[two_nodes_one_topic_two_msgs] 
tests/core/pubsub/test_gossipsub_backward_compatibility.py::test_gossipsub_run_with_floodsub_tests[seven_nodes_tree_one_topics] 
[gw1] [ 61%] PASSED tests/core/pubsub/test_pubsub.py::test_peers_subscribe 
tests/core/pubsub/test_pubsub.py::test_get_hello_packet 
[gw0] [ 62%] PASSED tests/core/pubsub/test_floodsub.py::test_gossipsub_run_with_floodsub_tests[five_nodes_ring_two_topic_diff_origin_many_msgs] 
tests/core/pubsub/test_gossipsub.py::test_join 
[gw1] [ 62%] PASSED tests/core/pubsub/test_pubsub.py::test_get_hello_packet 
tests/core/pubsub/test_pubsub.py::test_set_and_remove_topic_validator 
[gw1] [ 62%] PASSED tests/core/pubsub/test_pubsub.py::test_set_and_remove_topic_validator 
tests/core/pubsub/test_pubsub.py::test_get_msg_validators 
[gw3] [ 62%] PASSED tests/core/pubsub/test_floodsub.py::test_gossipsub_run_with_floodsub_tests[two_nodes_one_topic_single_subscriber_is_sender] 
tests/core/pubsub/test_floodsub.py::test_gossipsub_run_with_floodsub_tests[two_nodes_one_topic_two_msgs] 
[gw1] [ 62%] PASSED tests/core/pubsub/test_pubsub.py::test_get_msg_validators 
tests/core/pubsub/test_pubsub.py::test_validate_msg[False-True] 
[gw1] [ 63%] PASSED tests/core/pubsub/test_pubsub.py::test_validate_msg[False-True] 
tests/core/pubsub/test_pubsub.py::test_validate_msg[True-False] 
[gw1] [ 63%] PASSED tests/core/pubsub/test_pubsub.py::test_validate_msg[True-False] 
tests/core/pubsub/test_pubsub.py::test_validate_msg[True-True] 
[gw2] [ 63%] PASSED tests/core/pubsub/test_gossipsub_backward_compatibility.py::test_gossipsub_run_with_floodsub_tests[seven_nodes_tree_one_topics] 
tests/core/pubsub/test_gossipsub_backward_compatibility.py::test_gossipsub_run_with_floodsub_tests[seven_nodes_tree_three_topics] 
[gw1] [ 63%] PASSED tests/core/pubsub/test_pubsub.py::test_validate_msg[True-True] 
tests/core/pubsub/test_pubsub.py::test_continuously_read_stream 
[gw0] [ 63%] PASSED tests/core/pubsub/test_gossipsub.py::test_join 
tests/core/pubsub/test_gossipsub.py::test_leave 
[gw0] [ 64%] PASSED tests/core/pubsub/test_gossipsub.py::test_leave 
tests/core/pubsub/test_gossipsub.py::test_handle_graft 
[gw1] [ 64%] PASSED tests/core/pubsub/test_pubsub.py::test_continuously_read_stream 
tests/core/pubsub/test_pubsub.py::test_handle_subscription 
[gw3] [ 64%] PASSED tests/core/pubsub/test_floodsub.py::test_gossipsub_run_with_floodsub_tests[two_nodes_one_topic_two_msgs] 
tests/core/pubsub/test_pubsub.py::test_subscribe_and_publish 
[gw3] [ 64%] PASSED tests/core/pubsub/test_pubsub.py::test_subscribe_and_publish 
tests/core/pubsub/test_pubsub.py::test_subscribe_and_publish_full_channel 
[gw1] [ 65%] PASSED tests/core/pubsub/test_pubsub.py::test_handle_subscription 
tests/core/pubsub/test_pubsub.py::test_handle_talk 
[gw1] [ 65%] PASSED tests/core/pubsub/test_pubsub.py::test_handle_talk 
tests/core/pubsub/test_pubsub.py::test_message_all_peers 
[gw3] [ 65%] PASSED tests/core/pubsub/test_pubsub.py::test_subscribe_and_publish_full_channel 
tests/core/pubsub/test_pubsub.py::test_publish_push_msg_is_called 
[gw3] [ 65%] PASSED tests/core/pubsub/test_pubsub.py::test_publish_push_msg_is_called 
tests/core/pubsub/test_pubsub.py::test_push_msg 
[gw0] [ 65%] PASSED tests/core/pubsub/test_gossipsub.py::test_handle_graft 
tests/core/pubsub/test_gossipsub.py::test_handle_prune 
[gw3] [ 66%] PASSED tests/core/pubsub/test_pubsub.py::test_push_msg 
tests/core/pubsub/test_pubsub.py::test_strict_signing 
[gw1] [ 66%] PASSED tests/core/pubsub/test_pubsub.py::test_message_all_peers 
tests/core/pubsub/test_subscription.py::test_trio_subscription_async_context_manager 
[gw1] [ 66%] PASSED tests/core/pubsub/test_subscription.py::test_trio_subscription_async_context_manager 
tests/core/relay/test_circuit_v2_discovery.py::test_relay_discovery_initialization 
[gw1] [ 66%] PASSED tests/core/relay/test_circuit_v2_discovery.py::test_relay_discovery_initialization 
tests/core/relay/test_circuit_v2_discovery.py::test_relay_discovery_find_relay_peerstore_method 
[gw0] [ 66%] PASSED tests/core/pubsub/test_gossipsub.py::test_handle_prune 
tests/core/pubsub/test_gossipsub.py::test_dense 
[gw2] [ 67%] PASSED tests/core/pubsub/test_gossipsub_backward_compatibility.py::test_gossipsub_run_with_floodsub_tests[seven_nodes_tree_three_topics] 
tests/core/pubsub/test_gossipsub_backward_compatibility.py::test_gossipsub_run_with_floodsub_tests[seven_nodes_tree_three_topics_diff_origin] 
[gw1] [ 67%] PASSED tests/core/relay/test_circuit_v2_discovery.py::test_relay_discovery_find_relay_peerstore_method 
tests/core/relay/test_circuit_v2_discovery.py::test_relay_discovery_find_relay_direct_connection_method 
[gw1] [ 67%] PASSED tests/core/relay/test_circuit_v2_discovery.py::test_relay_discovery_find_relay_direct_connection_method 
tests/core/relay/test_circuit_v2_discovery.py::test_relay_discovery_find_relay_mux_method 
[gw3] [ 67%] PASSED tests/core/pubsub/test_pubsub.py::test_strict_signing 
tests/core/pubsub/test_pubsub.py::test_strict_signing_failed_validation 
[gw1] [ 68%] PASSED tests/core/relay/test_circuit_v2_discovery.py::test_relay_discovery_find_relay_mux_method 
tests/core/relay/test_circuit_v2_discovery.py::test_relay_discovery_auto_reservation 
[gw3] [ 68%] PASSED tests/core/pubsub/test_pubsub.py::test_strict_signing_failed_validation 
tests/core/pubsub/test_pubsub.py::test_blacklist_basic_operations 
[gw1] [ 68%] PASSED tests/core/relay/test_circuit_v2_discovery.py::test_relay_discovery_auto_reservation 
tests/core/relay/test_circuit_v2_protocol.py::test_circuit_v2_protocol_initialization 
[gw3] [ 68%] PASSED tests/core/pubsub/test_pubsub.py::test_blacklist_basic_operations 
tests/core/pubsub/test_pubsub.py::test_blacklist_blocks_new_peer_connections 
[gw1] [ 68%] PASSED tests/core/relay/test_circuit_v2_protocol.py::test_circuit_v2_protocol_initialization 
tests/core/relay/test_circuit_v2_protocol.py::test_circuit_v2_reservation_basic 
[gw3] [ 69%] PASSED tests/core/pubsub/test_pubsub.py::test_blacklist_blocks_new_peer_connections 
tests/core/pubsub/test_pubsub.py::test_blacklist_blocks_messages_from_blacklisted_originator 
[gw3] [ 69%] PASSED tests/core/pubsub/test_pubsub.py::test_blacklist_blocks_messages_from_blacklisted_originator 
tests/core/pubsub/test_pubsub.py::test_blacklist_allows_non_blacklisted_peers 
[gw3] [ 69%] PASSED tests/core/pubsub/test_pubsub.py::test_blacklist_allows_non_blacklisted_peers 
tests/core/pubsub/test_pubsub.py::test_blacklist_integration_with_existing_functionality 
[gw3] [ 69%] PASSED tests/core/pubsub/test_pubsub.py::test_blacklist_integration_with_existing_functionality 
tests/core/pubsub/test_pubsub.py::test_blacklist_blocks_messages_from_blacklisted_source 
[gw3] [ 69%] PASSED tests/core/pubsub/test_pubsub.py::test_blacklist_blocks_messages_from_blacklisted_source 
tests/core/pubsub/test_pubsub.py::test_blacklist_tears_down_existing_connection 
[gw3] [ 70%] PASSED tests/core/pubsub/test_pubsub.py::test_blacklist_tears_down_existing_connection 
tests/core/pubsub/test_subscription.py::test_trio_subscription_get 
[gw3] [ 70%] PASSED tests/core/pubsub/test_subscription.py::test_trio_subscription_get 
tests/core/pubsub/test_subscription.py::test_trio_subscription_iter 
[gw3] [ 70%] PASSED tests/core/pubsub/test_subscription.py::test_trio_subscription_iter 
tests/core/pubsub/test_subscription.py::test_trio_subscription_unsubscribe 
[gw3] [ 70%] PASSED tests/core/pubsub/test_subscription.py::test_trio_subscription_unsubscribe 
tests/core/security/noise/test_msg_read_writer.py::test_noise_msg_read_write_round_trip[data] 
[gw3] [ 71%] PASSED tests/core/security/noise/test_msg_read_writer.py::test_noise_msg_read_write_round_trip[data] 
tests/core/security/noise/test_msg_read_writer.py::test_noise_msg_read_write_round_trip[maximum length] 
[gw3] [ 71%] PASSED tests/core/security/noise/test_msg_read_writer.py::test_noise_msg_read_write_round_trip[maximum length] 
tests/core/security/noise/test_msg_read_writer.py::test_noise_msg_write_too_long 
[gw3] [ 71%] PASSED tests/core/security/noise/test_msg_read_writer.py::test_noise_msg_write_too_long 
tests/core/security/noise/test_noise.py::test_noise_transport 
[gw3] [ 71%] PASSED tests/core/security/noise/test_noise.py::test_noise_transport 
tests/core/security/noise/test_noise.py::test_noise_connection 
[gw3] [ 71%] PASSED tests/core/security/noise/test_noise.py::test_noise_connection 
tests/core/security/noise/test_noise.py::test_noise_handshake_payload 
[gw3] [ 72%] PASSED tests/core/security/noise/test_noise.py::test_noise_handshake_payload 
tests/core/security/test_insecure_peerstore_integration.py::test_insecure_transport_stores_pubkey_in_peerstore 
[gw2] [ 72%] PASSED tests/core/pubsub/test_gossipsub_backward_compatibility.py::test_gossipsub_run_with_floodsub_tests[seven_nodes_tree_three_topics_diff_origin] 
tests/core/pubsub/test_gossipsub_backward_compatibility.py::test_gossipsub_run_with_floodsub_tests[three_nodes_clique_two_topic_diff_origin] 
[gw3] [ 72%] PASSED tests/core/security/test_insecure_peerstore_integration.py::test_insecure_transport_stores_pubkey_in_peerstore 
tests/core/security/test_insecure_peerstore_integration.py::test_insecure_transport_without_peerstore 
[gw0] [ 72%] PASSED tests/core/pubsub/test_gossipsub.py::test_dense 
tests/core/pubsub/test_gossipsub.py::test_fanout 
[gw1] [ 72%] PASSED tests/core/relay/test_circuit_v2_protocol.py::test_circuit_v2_reservation_basic 
tests/core/relay/test_circuit_v2_protocol.py::test_circuit_v2_reservation_limit 
[gw3] [ 73%] PASSED tests/core/security/test_insecure_peerstore_integration.py::test_insecure_transport_without_peerstore 
tests/core/security/test_insecure_peerstore_integration.py::test_peerstore_unchanged_when_handshake_fails 
[gw3] [ 73%] PASSED tests/core/security/test_insecure_peerstore_integration.py::test_peerstore_unchanged_when_handshake_fails 
tests/core/security/test_insecure_peerstore_integration.py::test_handshake_adds_pubkey_to_existing_peer 
[gw2] [ 73%] PASSED tests/core/pubsub/test_gossipsub_backward_compatibility.py::test_gossipsub_run_with_floodsub_tests[three_nodes_clique_two_topic_diff_origin] 
tests/core/pubsub/test_gossipsub_backward_compatibility.py::test_gossipsub_run_with_floodsub_tests[four_nodes_clique_two_topic_diff_origin_many_msgs] 
[gw3] [ 73%] PASSED tests/core/security/test_insecure_peerstore_integration.py::test_handshake_adds_pubkey_to_existing_peer 
tests/core/security/test_secio.py::test_create_secure_session 
[gw3] [ 74%] PASSED tests/core/security/test_secio.py::test_create_secure_session 
tests/core/security/test_security_multistream.py::test_single_insecure_security_transport_succeeds[/plaintext/2.0.0-InsecureSession] 
[gw3] [ 74%] PASSED tests/core/security/test_security_multistream.py::test_single_insecure_security_transport_succeeds[/plaintext/2.0.0-InsecureSession] 
tests/core/security/test_security_multistream.py::test_single_insecure_security_transport_succeeds[/secio/1.0.0-SecureSession] 
[gw3] [ 74%] PASSED tests/core/security/test_security_multistream.py::test_single_insecure_security_transport_succeeds[/secio/1.0.0-SecureSession] 
tests/core/security/test_security_multistream.py::test_single_insecure_security_transport_succeeds[/noise-SecureSession] 
[gw1] [ 74%] PASSED tests/core/relay/test_circuit_v2_protocol.py::test_circuit_v2_reservation_limit 
tests/core/relay/test_circuit_v2_transport.py::test_circuit_v2_transport_initialization 
[gw3] [ 74%] PASSED tests/core/security/test_security_multistream.py::test_single_insecure_security_transport_succeeds[/noise-SecureSession] 
tests/core/security/test_security_multistream.py::test_default_insecure_security 
[gw1] [ 75%] PASSED tests/core/relay/test_circuit_v2_transport.py::test_circuit_v2_transport_initialization 
tests/core/relay/test_circuit_v2_transport.py::test_circuit_v2_transport_add_relay 
[gw3] [ 75%] PASSED tests/core/security/test_security_multistream.py::test_default_insecure_security 
tests/core/stream_muxer/test_async_context_manager.py::test_mplex_stream_async_context_manager 
[gw3] [ 75%] PASSED tests/core/stream_muxer/test_async_context_manager.py::test_mplex_stream_async_context_manager 
tests/core/stream_muxer/test_async_context_manager.py::test_yamux_stream_async_context_manager 
[gw3] [ 75%] PASSED tests/core/stream_muxer/test_async_context_manager.py::test_yamux_stream_async_context_manager 
tests/core/stream_muxer/test_async_context_manager.py::test_mplex_stream_async_context_manager_with_error 
[gw3] [ 75%] PASSED tests/core/stream_muxer/test_async_context_manager.py::test_mplex_stream_async_context_manager_with_error 
tests/core/stream_muxer/test_async_context_manager.py::test_yamux_stream_async_context_manager_with_error 
[gw3] [ 76%] PASSED tests/core/stream_muxer/test_async_context_manager.py::test_yamux_stream_async_context_manager_with_error 
tests/core/stream_muxer/test_async_context_manager.py::test_mplex_stream_async_context_manager_write_after_close 
[gw3] [ 76%] PASSED tests/core/stream_muxer/test_async_context_manager.py::test_mplex_stream_async_context_manager_write_after_close 
tests/core/stream_muxer/test_async_context_manager.py::test_yamux_stream_async_context_manager_write_after_close 
[gw3] [ 76%] PASSED tests/core/stream_muxer/test_async_context_manager.py::test_yamux_stream_async_context_manager_write_after_close 
tests/core/stream_muxer/test_mplex_conn.py::test_mplex_conn 
[gw1] [ 76%] PASSED tests/core/relay/test_circuit_v2_transport.py::test_circuit_v2_transport_add_relay 
tests/core/relay/test_circuit_v2_transport.py::test_circuit_v2_transport_dial_through_relay 
[gw2] [ 77%] PASSED tests/core/pubsub/test_gossipsub_backward_compatibility.py::test_gossipsub_run_with_floodsub_tests[four_nodes_clique_two_topic_diff_origin_many_msgs] 
tests/core/pubsub/test_gossipsub_backward_compatibility.py::test_gossipsub_run_with_floodsub_tests[five_nodes_ring_two_topic_diff_origin_many_msgs] 
[gw0] [ 77%] PASSED tests/core/pubsub/test_gossipsub.py::test_fanout 
tests/core/pubsub/test_gossipsub.py::test_fanout_maintenance 
[gw3] [ 77%] PASSED tests/core/stream_muxer/test_mplex_conn.py::test_mplex_conn 
tests/core/stream_muxer/test_mplex_stream.py::test_mplex_stream_read_write 
[gw1] [ 77%] PASSED tests/core/relay/test_circuit_v2_transport.py::test_circuit_v2_transport_dial_through_relay 
tests/core/relay/test_circuit_v2_transport.py::test_circuit_v2_transport_relay_limits 
[gw3] [ 77%] PASSED tests/core/stream_muxer/test_mplex_stream.py::test_mplex_stream_read_write 
tests/core/stream_muxer/test_mplex_stream.py::test_mplex_stream_full_buffer 
[gw3] [ 78%] PASSED tests/core/stream_muxer/test_mplex_stream.py::test_mplex_stream_full_buffer 
tests/core/stream_muxer/test_mplex_stream.py::test_mplex_stream_pair_read_until_eof 
[gw3] [ 78%] PASSED tests/core/stream_muxer/test_mplex_stream.py::test_mplex_stream_pair_read_until_eof 
tests/core/stream_muxer/test_mplex_stream.py::test_mplex_stream_read_after_remote_closed 
[gw3] [ 78%] PASSED tests/core/stream_muxer/test_mplex_stream.py::test_mplex_stream_read_after_remote_closed 
tests/core/stream_muxer/test_mplex_stream.py::test_mplex_stream_read_after_local_reset 
[gw1] [ 78%] PASSED tests/core/relay/test_circuit_v2_transport.py::test_circuit_v2_transport_relay_limits 
tests/core/security/noise/test_msg_read_writer.py::test_noise_msg_read_write_round_trip[] 
[gw1] [ 78%] PASSED tests/core/security/noise/test_msg_read_writer.py::test_noise_msg_read_write_round_trip[] 
tests/core/stream_muxer/test_multiplexer_selection.py::test_explicit_muxer_options[create_yamux_muxer_option-YamuxStream] 
[gw3] [ 79%] PASSED tests/core/stream_muxer/test_mplex_stream.py::test_mplex_stream_read_after_local_reset 
tests/core/stream_muxer/test_mplex_stream.py::test_mplex_stream_read_after_remote_reset 
[gw3] [ 79%] PASSED tests/core/stream_muxer/test_mplex_stream.py::test_mplex_stream_read_after_remote_reset 
tests/core/stream_muxer/test_mplex_stream.py::test_mplex_stream_read_after_remote_closed_and_reset 
[gw3] [ 79%] PASSED tests/core/stream_muxer/test_mplex_stream.py::test_mplex_stream_read_after_remote_closed_and_reset 
tests/core/stream_muxer/test_mplex_stream.py::test_mplex_stream_write_after_local_closed 
[gw3] [ 79%] PASSED tests/core/stream_muxer/test_mplex_stream.py::test_mplex_stream_write_after_local_closed 
tests/core/stream_muxer/test_mplex_stream.py::test_mplex_stream_write_after_local_reset 
[gw2] [ 80%] PASSED tests/core/pubsub/test_gossipsub_backward_compatibility.py::test_gossipsub_run_with_floodsub_tests[five_nodes_ring_two_topic_diff_origin_many_msgs] 
tests/core/pubsub/test_gossipsub_direct_peers.py::test_attach_peer_records 
[gw3] [ 80%] PASSED tests/core/stream_muxer/test_mplex_stream.py::test_mplex_stream_write_after_local_reset 
tests/core/stream_muxer/test_mplex_stream.py::test_mplex_stream_write_after_remote_reset 
[gw3] [ 80%] PASSED tests/core/stream_muxer/test_mplex_stream.py::test_mplex_stream_write_after_remote_reset 
tests/core/stream_muxer/test_mplex_stream.py::test_mplex_stream_both_close 
[gw3] [ 80%] PASSED tests/core/stream_muxer/test_mplex_stream.py::test_mplex_stream_both_close 
tests/core/stream_muxer/test_mplex_stream.py::test_mplex_stream_reset 
[gw2] [ 80%] PASSED tests/core/pubsub/test_gossipsub_direct_peers.py::test_attach_peer_records 
tests/core/pubsub/test_gossipsub_direct_peers.py::test_reject_graft 
[gw3] [ 81%] PASSED tests/core/stream_muxer/test_mplex_stream.py::test_mplex_stream_reset 
tests/core/stream_muxer/test_multiplexer_selection.py::test_multiplexer_preference_parameter[YAMUX] 
[gw2] [ 81%] PASSED tests/core/pubsub/test_gossipsub_direct_peers.py::test_reject_graft 
tests/core/pubsub/test_gossipsub_direct_peers.py::test_heartbeat_reconnect 
[gw1] [ 81%] PASSED tests/core/stream_muxer/test_multiplexer_selection.py::test_explicit_muxer_options[create_yamux_muxer_option-YamuxStream] 
tests/core/stream_muxer/test_multiplexer_selection.py::test_explicit_muxer_options[create_mplex_muxer_option-MplexStream] 
[gw0] [ 81%] PASSED tests/core/pubsub/test_gossipsub.py::test_fanout_maintenance 
tests/core/pubsub/test_gossipsub.py::test_gossip_propagation 
[gw0] [ 81%] PASSED tests/core/pubsub/test_gossipsub.py::test_gossip_propagation 
tests/core/pubsub/test_gossipsub.py::test_mesh_heartbeat[7] 
[gw2] [ 82%] PASSED tests/core/pubsub/test_gossipsub_direct_peers.py::test_heartbeat_reconnect 
tests/core/pubsub/test_gossipsub_px_and_backoff.py::test_prune_backoff 
[gw3] [ 82%] PASSED tests/core/stream_muxer/test_multiplexer_selection.py::test_multiplexer_preference_parameter[YAMUX] 
tests/core/stream_muxer/test_multiplexer_selection.py::test_multiplexer_preference_parameter[MPLEX] 
[gw0] [ 82%] PASSED tests/core/pubsub/test_gossipsub.py::test_mesh_heartbeat[7] 
tests/core/pubsub/test_gossipsub.py::test_mesh_heartbeat[10] 
[gw1] [ 82%] PASSED tests/core/stream_muxer/test_multiplexer_selection.py::test_explicit_muxer_options[create_mplex_muxer_option-MplexStream] 
tests/core/stream_muxer/test_multiplexer_selection.py::test_global_default_muxer[YAMUX] 
[gw2] [ 83%] PASSED tests/core/pubsub/test_gossipsub_px_and_backoff.py::test_prune_backoff 
tests/core/pubsub/test_gossipsub_px_and_backoff.py::test_unsubscribe_backoff 
[gw0] [ 83%] PASSED tests/core/pubsub/test_gossipsub.py::test_mesh_heartbeat[10] 
tests/core/pubsub/test_gossipsub.py::test_mesh_heartbeat[13] 
[gw2] [ 83%] PASSED tests/core/pubsub/test_gossipsub_px_and_backoff.py::test_unsubscribe_backoff 
tests/core/stream_muxer/test_yamux.py::test_yamux_go_away_with_error 
[gw3] [ 83%] PASSED tests/core/stream_muxer/test_multiplexer_selection.py::test_multiplexer_preference_parameter[MPLEX] 
tests/core/stream_muxer/test_yamux.py::test_yamux_stream_close 
[gw2] [ 83%] PASSED tests/core/stream_muxer/test_yamux.py::test_yamux_go_away_with_error 
tests/core/stream_muxer/test_yamux.py::test_yamux_backpressure 
[gw3] [ 84%] PASSED tests/core/stream_muxer/test_yamux.py::test_yamux_stream_close 
tests/core/stream_muxer/test_yamux.py::test_yamux_stream_reset 
[gw1] [ 84%] PASSED tests/core/stream_muxer/test_multiplexer_selection.py::test_global_default_muxer[YAMUX] 
tests/core/stream_muxer/test_multiplexer_selection.py::test_global_default_muxer[MPLEX] 
[gw2] [ 84%] PASSED tests/core/stream_muxer/test_yamux.py::test_yamux_backpressure 
tests/core/stream_muxer/test_yamux_interleaving.py::test_yamux_race_condition_without_locks 
[gw0] [ 84%] PASSED tests/core/pubsub/test_gossipsub.py::test_mesh_heartbeat[13] 
tests/core/pubsub/test_gossipsub.py::test_gossip_heartbeat[1] 
[gw3] [ 84%] PASSED tests/core/stream_muxer/test_yamux.py::test_yamux_stream_reset 
tests/core/stream_muxer/test_yamux.py::test_yamux_connection_close 
[gw3] [ 85%] PASSED tests/core/stream_muxer/test_yamux.py::test_yamux_connection_close 
tests/core/stream_muxer/test_yamux.py::test_yamux_deadlines_raise_not_implemented 
[gw3] [ 85%] PASSED tests/core/stream_muxer/test_yamux.py::test_yamux_deadlines_raise_not_implemented 
tests/core/stream_muxer/test_yamux.py::test_yamux_flow_control 
[gw3] [ 85%] PASSED tests/core/stream_muxer/test_yamux.py::test_yamux_flow_control 
tests/core/stream_muxer/test_yamux.py::test_yamux_half_close 
[gw3] [ 85%] PASSED tests/core/stream_muxer/test_yamux.py::test_yamux_half_close 
tests/core/stream_muxer/test_yamux.py::test_yamux_ping 
[gw1] [ 86%] PASSED tests/core/stream_muxer/test_multiplexer_selection.py::test_global_default_muxer[MPLEX] 
tests/core/stream_muxer/test_yamux.py::test_yamux_stream_creation 
[gw3] [ 86%] PASSED tests/core/stream_muxer/test_yamux.py::test_yamux_ping 
tests/core/test_libp2p/test_libp2p.py::test_double_response 
[gw3] [ 86%] PASSED tests/core/test_libp2p/test_libp2p.py::test_double_response 
tests/core/test_libp2p/test_libp2p.py::test_multiple_streams 
[gw1] [ 86%] PASSED tests/core/stream_muxer/test_yamux.py::test_yamux_stream_creation 
tests/core/stream_muxer/test_yamux.py::test_yamux_accept_stream 
[gw3] [ 86%] PASSED tests/core/test_libp2p/test_libp2p.py::test_multiple_streams 
tests/core/test_libp2p/test_libp2p.py::test_multiple_streams_same_initiator_different_protocols 
[gw0] [ 87%] PASSED tests/core/pubsub/test_gossipsub.py::test_gossip_heartbeat[1] 
tests/core/pubsub/test_gossipsub.py::test_gossip_heartbeat[4] 
[gw3] [ 87%] PASSED tests/core/test_libp2p/test_libp2p.py::test_multiple_streams_same_initiator_different_protocols 
tests/core/test_libp2p/test_libp2p.py::test_multiple_streams_two_initiators 
[gw3] [ 87%] PASSED tests/core/test_libp2p/test_libp2p.py::test_multiple_streams_two_initiators 
tests/core/test_libp2p/test_libp2p.py::test_triangle_nodes_connection 
[gw1] [ 87%] PASSED tests/core/stream_muxer/test_yamux.py::test_yamux_accept_stream 
tests/core/stream_muxer/test_yamux.py::test_yamux_data_transfer 
[gw3] [ 87%] PASSED tests/core/test_libp2p/test_libp2p.py::test_triangle_nodes_connection 
tests/core/test_libp2p/test_libp2p.py::test_host_connect 
[gw3] [ 88%] PASSED tests/core/test_libp2p/test_libp2p.py::test_host_connect 
tests/core/tools/async_service/test_trio_based_service.py::test_service_manager_initial_state 
[gw3] [ 88%] PASSED tests/core/tools/async_service/test_trio_based_service.py::test_service_manager_initial_state 
tests/core/tools/async_service/test_trio_based_service.py::test_trio_service_lifecycle_run_and_clean_exit 
[gw3] [ 88%] PASSED tests/core/tools/async_service/test_trio_based_service.py::test_trio_service_lifecycle_run_and_clean_exit 
tests/core/tools/async_service/test_trio_based_service.py::test_trio_service_lifecycle_run_and_external_cancellation 
[gw3] [ 88%] PASSED tests/core/tools/async_service/test_trio_based_service.py::test_trio_service_lifecycle_run_and_external_cancellation 
tests/core/tools/async_service/test_trio_based_service.py::test_exceptiongroup_in_run 
[gw3] [ 89%] PASSED tests/core/tools/async_service/test_trio_based_service.py::test_exceptiongroup_in_run 
tests/core/tools/async_service/test_trio_based_service.py::test_trio_service_background_service_context_manager 
[gw3] [ 89%] PASSED tests/core/tools/async_service/test_trio_based_service.py::test_trio_service_background_service_context_manager 
tests/core/tools/async_service/test_trio_based_service.py::test_trio_service_manager_stop 
[gw3] [ 89%] PASSED tests/core/tools/async_service/test_trio_based_service.py::test_trio_service_manager_stop 
tests/core/tools/async_service/test_trio_based_service.py::test_trio_service_manager_run_task 
[gw3] [ 89%] PASSED tests/core/tools/async_service/test_trio_based_service.py::test_trio_service_manager_run_task 
tests/core/tools/async_service/test_trio_based_service.py::test_trio_service_manager_run_task_waits_for_task_completion 
[gw3] [ 89%] PASSED tests/core/tools/async_service/test_trio_based_service.py::test_trio_service_manager_run_task_waits_for_task_completion 
tests/core/tools/async_service/test_trio_based_service.py::test_trio_service_manager_run_task_can_still_cancel_after_run_finishes 
[gw3] [ 90%] PASSED tests/core/tools/async_service/test_trio_based_service.py::test_trio_service_manager_run_task_can_still_cancel_after_run_finishes 
tests/core/tools/async_service/test_trio_based_service.py::test_trio_service_manager_run_task_reraises_exceptions 
[gw3] [ 90%] PASSED tests/core/tools/async_service/test_trio_based_service.py::test_trio_service_manager_run_task_reraises_exceptions 
tests/core/tools/async_service/test_trio_based_service.py::test_trio_service_manager_run_daemon_task_cancels_if_exits 
[gw3] [ 90%] PASSED tests/core/tools/async_service/test_trio_based_service.py::test_trio_service_manager_run_daemon_task_cancels_if_exits 
tests/core/tools/async_service/test_trio_based_service.py::test_trio_service_manager_propogates_and_records_exceptions 
[gw3] [ 90%] PASSED tests/core/tools/async_service/test_trio_based_service.py::test_trio_service_manager_propogates_and_records_exceptions 
tests/core/tools/async_service/test_trio_based_service.py::test_trio_service_lifecycle_run_and_clean_exit_with_child_service 
[gw3] [ 90%] PASSED tests/core/tools/async_service/test_trio_based_service.py::test_trio_service_lifecycle_run_and_clean_exit_with_child_service 
tests/core/tools/async_service/test_trio_based_service.py::test_trio_service_with_daemon_child_service 
[gw3] [ 91%] PASSED tests/core/tools/async_service/test_trio_based_service.py::test_trio_service_with_daemon_child_service 
tests/core/tools/async_service/test_trio_based_service.py::test_trio_service_with_daemon_child_task 
[gw3] [ 91%] PASSED tests/core/tools/async_service/test_trio_based_service.py::test_trio_service_with_daemon_child_task 
tests/core/tools/async_service/test_trio_based_service.py::test_trio_service_with_async_generator 
[gw3] [ 91%] PASSED tests/core/tools/async_service/test_trio_based_service.py::test_trio_service_with_async_generator 
tests/core/tools/async_service/test_trio_based_service.py::test_trio_service_disallows_task_scheduling_when_not_running 
[gw3] [ 91%] PASSED tests/core/tools/async_service/test_trio_based_service.py::test_trio_service_disallows_task_scheduling_when_not_running 
tests/core/tools/async_service/test_trio_based_service.py::test_trio_service_disallows_task_scheduling_after_cancel 
[gw3] [ 92%] PASSED tests/core/tools/async_service/test_trio_based_service.py::test_trio_service_disallows_task_scheduling_after_cancel 
tests/core/tools/async_service/test_trio_based_service.py::test_trio_service_cancellation_with_running_daemon_task 
[gw3] [ 92%] PASSED tests/core/tools/async_service/test_trio_based_service.py::test_trio_service_cancellation_with_running_daemon_task 
tests/core/tools/async_service/test_trio_based_service.py::test_trio_service_with_try_finally_cleanup 
[gw3] [ 92%] PASSED tests/core/tools/async_service/test_trio_based_service.py::test_trio_service_with_try_finally_cleanup 
tests/core/tools/async_service/test_trio_based_service.py::test_trio_service_with_try_finally_cleanup_with_unshielded_await 
[gw3] [ 92%] PASSED tests/core/tools/async_service/test_trio_based_service.py::test_trio_service_with_try_finally_cleanup_with_unshielded_await 
tests/core/tools/async_service/test_trio_based_service.py::test_trio_service_with_try_finally_cleanup_with_shielded_await 
[gw3] [ 92%] PASSED tests/core/tools/async_service/test_trio_based_service.py::test_trio_service_with_try_finally_cleanup_with_shielded_await 
tests/core/tools/async_service/test_trio_based_service.py::test_error_in_service_run 
[gw3] [ 93%] PASSED tests/core/tools/async_service/test_trio_based_service.py::test_error_in_service_run 
tests/core/tools/async_service/test_trio_based_service.py::test_daemon_task_finishes_leaving_children 
[gw3] [ 93%] PASSED tests/core/tools/async_service/test_trio_based_service.py::test_daemon_task_finishes_leaving_children 
tests/core/tools/async_service/test_trio_external_api.py::test_trio_service_external_api_fails_before_start 
[gw3] [ 93%] PASSED tests/core/tools/async_service/test_trio_external_api.py::test_trio_service_external_api_fails_before_start 
tests/core/tools/async_service/test_trio_external_api.py::test_trio_service_external_api_works_while_running 
[gw3] [ 93%] PASSED tests/core/tools/async_service/test_trio_external_api.py::test_trio_service_external_api_works_while_running 
tests/core/tools/async_service/test_trio_external_api.py::test_trio_service_external_api_raises_when_cancelled 
[gw3] [ 93%] PASSED tests/core/tools/async_service/test_trio_external_api.py::test_trio_service_external_api_raises_when_cancelled 
tests/core/tools/async_service/test_trio_external_api.py::test_trio_service_external_api_raises_when_finished 
[gw3] [ 94%] PASSED tests/core/tools/async_service/test_trio_external_api.py::test_trio_service_external_api_raises_when_finished 
tests/core/tools/async_service/test_trio_external_api.py::test_trio_external_api_call_that_schedules_task 
[gw3] [ 94%] PASSED tests/core/tools/async_service/test_trio_external_api.py::test_trio_external_api_call_that_schedules_task 
tests/core/tools/async_service/test_trio_manager_stats.py::test_trio_manager_stats 
[gw3] [ 94%] PASSED tests/core/tools/async_service/test_trio_manager_stats.py::test_trio_manager_stats 
tests/core/tools/async_service/test_trio_manager_stats.py::test_trio_manager_stats_does_not_count_main_run_method 
[gw3] [ 94%] PASSED tests/core/tools/async_service/test_trio_manager_stats.py::test_trio_manager_stats_does_not_count_main_run_method 
tests/core/tools/timed_cache/test_timed_cache.py::test_simple_first_seen_cache 
[gw1] [ 95%] PASSED tests/core/stream_muxer/test_yamux.py::test_yamux_data_transfer 
tests/core/tools/async_service/test_trio_based_service.py::test_trio_service_lifecycle_run_and_exception 
[gw1] [ 95%] PASSED tests/core/tools/async_service/test_trio_based_service.py::test_trio_service_lifecycle_run_and_exception 
tests/core/tools/async_service/test_trio_based_service.py::test_trio_service_lifecycle_run_and_task_exception 
[gw1] [ 95%] PASSED tests/core/tools/async_service/test_trio_based_service.py::test_trio_service_lifecycle_run_and_task_exception 
tests/core/tools/async_service/test_trio_based_service.py::test_sub_service_cancelled_when_parent_stops 
[gw1] [ 95%] PASSED tests/core/tools/async_service/test_trio_based_service.py::test_sub_service_cancelled_when_parent_stops 
tests/core/tools/async_service/test_trio_based_service.py::test_trio_service_lifecycle_run_and_daemon_task_exit 
[gw1] [ 95%] PASSED tests/core/tools/async_service/test_trio_based_service.py::test_trio_service_lifecycle_run_and_daemon_task_exit 
tests/core/tools/timed_cache/test_timed_cache.py::test_timed_cache_expiry 
[gw3] [ 96%] PASSED tests/core/tools/timed_cache/test_timed_cache.py::test_simple_first_seen_cache 
tests/core/tools/timed_cache/test_timed_cache.py::test_simple_last_seen_cache 
[gw1] [ 96%] PASSED tests/core/tools/timed_cache/test_timed_cache.py::test_timed_cache_expiry 
tests/core/tools/timed_cache/test_timed_cache.py::test_concurrent_access 
[gw1] [ 96%] PASSED tests/core/tools/timed_cache/test_timed_cache.py::test_concurrent_access 
tests/core/tools/timed_cache/test_timed_cache.py::test_expiry_removal 
[gw3] [ 96%] PASSED tests/core/tools/timed_cache/test_timed_cache.py::test_simple_last_seen_cache 
tests/core/tools/timed_cache/test_timed_cache.py::test_timed_cache_stress_test 
[gw1] [ 96%] PASSED tests/core/tools/timed_cache/test_timed_cache.py::test_expiry_removal 
tests/core/tools/timed_cache/test_timed_cache.py::test_readding_after_expiry 
[gw3] [ 97%] PASSED tests/core/tools/timed_cache/test_timed_cache.py::test_timed_cache_stress_test 
tests/core/tools/timed_cache/test_timed_cache.py::test_multiple_adds_before_expiry 
[gw3] [ 97%] PASSED tests/core/tools/timed_cache/test_timed_cache.py::test_multiple_adds_before_expiry 
tests/core/transport/test_tcp.py::test_tcp_dial 
[gw3] [ 97%] PASSED tests/core/transport/test_tcp.py::test_tcp_dial 
[gw0] [ 97%] PASSED tests/core/pubsub/test_gossipsub.py::test_gossip_heartbeat[4] 
tests/core/pubsub/test_gossipsub.py::test_gossip_heartbeat[7] 
[gw1] [ 98%] PASSED tests/core/tools/timed_cache/test_timed_cache.py::test_readding_after_expiry 
tests/core/transport/test_tcp.py::test_tcp_listener 
[gw1] [ 98%] PASSED tests/core/transport/test_tcp.py::test_tcp_listener 
[gw0] [ 98%] PASSED tests/core/pubsub/test_gossipsub.py::test_gossip_heartbeat[7] 
tests/core/pubsub/test_gossipsub.py::test_dense_connect_fallback 
[gw0] [ 98%] PASSED tests/core/pubsub/test_gossipsub.py::test_dense_connect_fallback 
tests/core/pubsub/test_gossipsub.py::test_sparse_connect 
[gw0] [ 98%] PASSED tests/core/pubsub/test_gossipsub.py::test_sparse_connect 
tests/core/pubsub/test_gossipsub.py::test_connect_some_with_fewer_hosts_than_degree 
[gw0] [ 99%] PASSED tests/core/pubsub/test_gossipsub.py::test_connect_some_with_fewer_hosts_than_degree 
[gw2] [ 99%] FAILED tests/core/stream_muxer/test_yamux_interleaving.py::test_yamux_race_condition_without_locks 
tests/core/stream_muxer/test_yamux_interleaving_EOF.py::test_yamux_race_condition_without_locks 
[gw2] [ 99%] FAILED tests/core/stream_muxer/test_yamux_interleaving_EOF.py::test_yamux_race_condition_without_locks 
tests/core/test_import_and_version.py::test_import_and_version 
[gw2] [ 99%] PASSED tests/core/test_import_and_version.py::test_import_and_version 
tests/core/test_libp2p/test_libp2p.py::test_simple_messages 
ERROR:root:Error in handle_incoming for peer 12D3KooWDyoy3i87APyhAETdWydxenPo2dDuDuAw7C45Y82vXLDT: RuntimeError: must be called from async context
ERROR:root:Error in handle_incoming for peer 12D3KooWDyoy3i87APyhAETdWydxenPo2dDuDuAw7C45Y82vXLDT: RuntimeError: must be called from async context
/home/runner/work/py-libp2p/py-libp2p/.tox/py311-core/lib/python3.11/site-packages/_pytest/unraisableexception.py:67: PytestUnraisableExceptionWarning: Exception ignored in: <async_generator object TrioFixture._fixture_manager at 0x7fe4cb8cad40>

Traceback (most recent call last):
  File "/home/runner/work/py-libp2p/py-libp2p/.tox/py311-core/lib/python3.11/site-packages/trio/_core/_asyncgens.py", line 112, in finalizer
    runner.entry_queue.run_sync_soon(
  File "/home/runner/work/py-libp2p/py-libp2p/.tox/py311-core/lib/python3.11/site-packages/trio/_core/_entry_queue.py", line 148, in run_sync_soon
    self.wakeup.wakeup_thread_and_signal_safe()
  File "/home/runner/work/py-libp2p/py-libp2p/.tox/py311-core/lib/python3.11/site-packages/trio/_core/_wakeup_socketpair.py", line 39, in wakeup_thread_and_signal_safe
    self.write_sock.send(b"\x00")
OSError: [Errno 9] Bad file descriptor

Enable tracemalloc to get traceback where the object was allocated.
See https://docs.pytest.org/en/stable/how-to/capture-warnings.html#resource-warnings for more info.
  warnings.warn(pytest.PytestUnraisableExceptionWarning(msg))
/home/runner/work/py-libp2p/py-libp2p/.tox/py311-core/lib/python3.11/site-packages/_pytest/unraisableexception.py:67: PytestUnraisableExceptionWarning: Exception ignored in: <async_generator object TrioFixture._fixture_manager at 0x7fe4cb8cbb40>

Traceback (most recent call last):
  File "/home/runner/work/py-libp2p/py-libp2p/.tox/py311-core/lib/python3.11/site-packages/trio/_core/_asyncgens.py", line 112, in finalizer
    runner.entry_queue.run_sync_soon(
  File "/home/runner/work/py-libp2p/py-libp2p/.tox/py311-core/lib/python3.11/site-packages/trio/_core/_entry_queue.py", line 148, in run_sync_soon
    self.wakeup.wakeup_thread_and_signal_safe()
  File "/home/runner/work/py-libp2p/py-libp2p/.tox/py311-core/lib/python3.11/site-packages/trio/_core/_wakeup_socketpair.py", line 39, in wakeup_thread_and_signal_safe
    self.write_sock.send(b"\x00")
OSError: [Errno 9] Bad file descriptor

Enable tracemalloc to get traceback where the object was allocated.
See https://docs.pytest.org/en/stable/how-to/capture-warnings.html#resource-warnings for more info.
  warnings.warn(pytest.PytestUnraisableExceptionWarning(msg))
/home/runner/work/py-libp2p/py-libp2p/.tox/py311-core/lib/python3.11/site-packages/_pytest/unraisableexception.py:67: PytestUnraisableExceptionWarning: Exception ignored in: <async_generator object yamux_pair at 0x7fe4cbb9a9e0>

Traceback (most recent call last):
  File "/home/runner/work/py-libp2p/py-libp2p/.tox/py311-core/lib/python3.11/site-packages/trio/_core/_asyncgens.py", line 112, in finalizer
    runner.entry_queue.run_sync_soon(
  File "/home/runner/work/py-libp2p/py-libp2p/.tox/py311-core/lib/python3.11/site-packages/trio/_core/_entry_queue.py", line 148, in run_sync_soon
    self.wakeup.wakeup_thread_and_signal_safe()
  File "/home/runner/work/py-libp2p/py-libp2p/.tox/py311-core/lib/python3.11/site-packages/trio/_core/_wakeup_socketpair.py", line 39, in wakeup_thread_and_signal_safe
    self.write_sock.send(b"\x00")
OSError: [Errno 9] Bad file descriptor

Enable tracemalloc to get traceback where the object was allocated.
See https://docs.pytest.org/en/stable/how-to/capture-warnings.html#resource-warnings for more info.
  warnings.warn(pytest.PytestUnraisableExceptionWarning(msg))
/home/runner/work/py-libp2p/py-libp2p/.tox/py311-core/lib/python3.11/site-packages/_pytest/unraisableexception.py:67: PytestUnraisableExceptionWarning: Exception ignored in: <coroutine object Yamux.handle_incoming at 0x7fe4cbc9bc60>

Traceback (most recent call last):
  File "/home/runner/work/py-libp2p/py-libp2p/libp2p/stream_muxer/yamux/yamux.py", line 734, in handle_incoming
    await trio.sleep(0.01)
  File "/home/runner/work/py-libp2p/py-libp2p/.tox/py311-core/lib/python3.11/site-packages/trio/_timeouts.py", line 111, in sleep
    await sleep_until(trio.current_time() + seconds)
                      ^^^^^^^^^^^^^^^^^^^
  File "/home/runner/work/py-libp2p/py-libp2p/.tox/py311-core/lib/python3.11/site-packages/trio/_core/_generated_run.py", line 79, in current_time
    raise RuntimeError("must be called from async context") from None
RuntimeError: must be called from async context

Enable tracemalloc to get traceback where the object was allocated.
See https://docs.pytest.org/en/stable/how-to/capture-warnings.html#resource-warnings for more info.
  warnings.warn(pytest.PytestUnraisableExceptionWarning(msg))
/home/runner/work/py-libp2p/py-libp2p/.tox/py311-core/lib/python3.11/site-packages/_pytest/unraisableexception.py:67: PytestUnraisableExceptionWarning: Exception ignored in: <coroutine object Yamux.handle_incoming at 0x7fe4cbc9b440>

Traceback (most recent call last):
  File "/home/runner/work/py-libp2p/py-libp2p/libp2p/stream_muxer/yamux/yamux.py", line 734, in handle_incoming
    await trio.sleep(0.01)
  File "/home/runner/work/py-libp2p/py-libp2p/.tox/py311-core/lib/python3.11/site-packages/trio/_timeouts.py", line 111, in sleep
    await sleep_until(trio.current_time() + seconds)
                      ^^^^^^^^^^^^^^^^^^^
  File "/home/runner/work/py-libp2p/py-libp2p/.tox/py311-core/lib/python3.11/site-packages/trio/_core/_generated_run.py", line 79, in current_time
    raise RuntimeError("must be called from async context") from None
RuntimeError: must be called from async context

Enable tracemalloc to get traceback where the object was allocated.
See https://docs.pytest.org/en/stable/how-to/capture-warnings.html#resource-warnings for more info.
  warnings.warn(pytest.PytestUnraisableExceptionWarning(msg))
/home/runner/work/py-libp2p/py-libp2p/.tox/py311-core/lib/python3.11/site-packages/_pytest/unraisableexception.py:67: PytestUnraisableExceptionWarning: Exception ignored in: <coroutine object TrioFixture.run at 0x7fe4cb9552d0>

Traceback (most recent call last):
  File "/home/runner/work/py-libp2p/py-libp2p/.tox/py311-core/lib/python3.11/site-packages/_pytest/unraisableexception.py", line 33, in gc_collect_harder
    gc.collect()
RuntimeError: coroutine ignored GeneratorExit

Enable tracemalloc to get traceback where the object was allocated.
See https://docs.pytest.org/en/stable/how-to/capture-warnings.html#resource-warnings for more info.
  warnings.warn(pytest.PytestUnraisableExceptionWarning(msg))
/home/runner/work/py-libp2p/py-libp2p/.tox/py311-core/lib/python3.11/site-packages/_pytest/unraisableexception.py:67: PytestUnraisableExceptionWarning: Exception ignored in: <coroutine object TrioFixture.run at 0x7fe4cb955480>

Traceback (most recent call last):
  File "/home/runner/work/py-libp2p/py-libp2p/.tox/py311-core/lib/python3.11/site-packages/_pytest/unraisableexception.py", line 33, in gc_collect_harder
    gc.collect()
RuntimeError: coroutine ignored GeneratorExit

Enable tracemalloc to get traceback where the object was allocated.
See https://docs.pytest.org/en/stable/how-to/capture-warnings.html#resource-warnings for more info.
  warnings.warn(pytest.PytestUnraisableExceptionWarning(msg))
/home/runner/work/py-libp2p/py-libp2p/.tox/py311-core/lib/python3.11/site-packages/_pytest/unraisableexception.py:67: PytestUnraisableExceptionWarning: Exception ignored in: <coroutine object Runner.init at 0x7fe4cba75210>

Traceback (most recent call last):
  File "/home/runner/work/py-libp2p/py-libp2p/.tox/py311-core/lib/python3.11/site-packages/trio/_core/_run.py", line 2056, in init
    async with open_nursery() as self.system_nursery:
  File "/home/runner/work/py-libp2p/py-libp2p/.tox/py311-core/lib/python3.11/site-packages/trio/_core/_run.py", line 1057, in __aexit__
    new_exc = await self._nursery._nested_child_finished(exc)
              ^^^^^^^^^^^^^^^^^^^^^^^^^^^^^^^^^^^^^^^^^^^^^^^
  File "/home/runner/work/py-libp2p/py-libp2p/.tox/py311-core/lib/python3.11/site-packages/trio/_core/_run.py", line 1223, in _nested_child_finished
    self._add_exc(nested_child_exc)
  File "/home/runner/work/py-libp2p/py-libp2p/.tox/py311-core/lib/python3.11/site-packages/trio/_core/_run.py", line 1197, in _add_exc
    self.cancel_scope.cancel()
  File "/home/runner/work/py-libp2p/py-libp2p/.tox/py311-core/lib/python3.11/site-packages/trio/_core/_run.py", line 897, in cancel
    self._cancel_status.recalculate()
  File "/home/runner/work/py-libp2p/py-libp2p/.tox/py311-core/lib/python3.11/site-packages/trio/_core/_run.py", line 467, in recalculate
    current._scope.cancel_called
  File "/home/runner/work/py-libp2p/py-libp2p/.tox/py311-core/lib/python3.11/site-packages/trio/_core/_run.py", line 926, in cancel_called
    if not self._cancel_called and current_time() >= self._deadline:
                                   ^^^^^^^^^^^^^^
  File "/home/runner/work/py-libp2p/py-libp2p/.tox/py311-core/lib/python3.11/site-packages/trio/_core/_generated_run.py", line 79, in current_time
    raise RuntimeError("must be called from async context") from None
RuntimeError: must be called from async context

During handling of the above exception, another exception occurred:

Traceback (most recent call last):
  File "/home/runner/work/py-libp2p/py-libp2p/.tox/py311-core/lib/python3.11/site-packages/trio/_core/_run.py", line 2054, in init
    async with open_nursery() as run_sync_soon_nursery:
  File "/home/runner/work/py-libp2p/py-libp2p/.tox/py311-core/lib/python3.11/site-packages/trio/_core/_run.py", line 1057, in __aexit__
    new_exc = await self._nursery._nested_child_finished(exc)
              ^^^^^^^^^^^^^^^^^^^^^^^^^^^^^^^^^^^^^^^^^^^^^^^
  File "/home/runner/work/py-libp2p/py-libp2p/.tox/py311-core/lib/python3.11/site-packages/trio/_core/_run.py", line 1223, in _nested_child_finished
    self._add_exc(nested_child_exc)
  File "/home/runner/work/py-libp2p/py-libp2p/.tox/py311-core/lib/python3.11/site-packages/trio/_core/_run.py", line 1197, in _add_exc
    self.cancel_scope.cancel()
  File "/home/runner/work/py-libp2p/py-libp2p/.tox/py311-core/lib/python3.11/site-packages/trio/_core/_run.py", line 897, in cancel
    self._cancel_status.recalculate()
  File "/home/runner/work/py-libp2p/py-libp2p/.tox/py311-core/lib/python3.11/site-packages/trio/_core/_run.py", line 474, in recalculate
    task._attempt_delivery_of_any_pending_cancel()
  File "/home/runner/work/py-libp2p/py-libp2p/.tox/py311-core/lib/python3.11/site-packages/trio/_core/_run.py", line 1581, in _attempt_delivery_of_any_pending_cancel
    self._attempt_abort(raise_cancel)
  File "/home/runner/work/py-libp2p/py-libp2p/.tox/py311-core/lib/python3.11/site-packages/trio/_core/_run.py", line 1563, in _attempt_abort
    success = self._abort_func(raise_cancel)
              ^^^^^^^^^^^^^^^^^^^^^^^^^^^^^^
  File "/home/runner/work/py-libp2p/py-libp2p/.tox/py311-core/lib/python3.11/site-packages/trio/_core/_io_epoll.py", line 308, in abort
    self._update_registrations(fd)
  File "/home/runner/work/py-libp2p/py-libp2p/.tox/py311-core/lib/python3.11/site-packages/trio/_core/_io_epoll.py", line 277, in _update_registrations
    self._epoll.modify(fd, wanted_flags | select.EPOLLONESHOT)
ValueError: I/O operation on closed epoll object

Enable tracemalloc to get traceback where the object was allocated.
See https://docs.pytest.org/en/stable/how-to/capture-warnings.html#resource-warnings for more info.
  warnings.warn(pytest.PytestUnraisableExceptionWarning(msg))
/home/runner/work/py-libp2p/py-libp2p/.tox/py311-core/lib/python3.11/site-packages/_pytest/unraisableexception.py:67: PytestUnraisableExceptionWarning: Exception ignored in: <function Nursery.__del__ at 0x7fe4d23565c0>

Traceback (most recent call last):
  File "/home/runner/work/py-libp2p/py-libp2p/.tox/py311-core/lib/python3.11/site-packages/trio/_core/_run.py", line 1407, in __del__
    assert not self._children
           ^^^^^^^^^^^^^^^^^^
AssertionError

Enable tracemalloc to get traceback where the object was allocated.
See https://docs.pytest.org/en/stable/how-to/capture-warnings.html#resource-warnings for more info.
  warnings.warn(pytest.PytestUnraisableExceptionWarning(msg))
Exception ignored in: <coroutine object NurseryManager.__aexit__ at 0x7fe4cbb8f640>
Traceback (most recent call last):
  File "/home/runner/work/py-libp2p/py-libp2p/.tox/py311-core/lib/python3.11/site-packages/trio/_core/_run.py", line 1057, in __aexit__
    new_exc = await self._nursery._nested_child_finished(exc)
              ^^^^^^^^^^^^^^^^^^^^^^^^^^^^^^^^^^^^^^^^^^^^^^^
  File "/home/runner/work/py-libp2p/py-libp2p/.tox/py311-core/lib/python3.11/site-packages/trio/_core/_run.py", line 1251, in _nested_child_finished
    assert popped is self
           ^^^^^^^^^^^^^^
AssertionError: 
[gw2] [100%] PASSED tests/core/test_libp2p/test_libp2p.py::test_simple_messages 

=================================== FAILURES ===================================
___________________ test_yamux_race_condition_without_locks ____________________
[gw2] linux -- Python 3.11.13 /home/runner/work/py-libp2p/py-libp2p/.tox/py311-core/bin/python

self = EpollIOManager(_epoll=<select.epoll object at 0x7fe4cb79de10>, _registered=defaultdict(<class 'trio._core._io_epoll.Ep...ags=1)}), _force_wakeup=<trio._core._wakeup_socketpair.WakeupSocketpair object at 0x7fe4cb8675d0>, _force_wakeup_fd=14)
timeout = 1.9999006239959272

    def get_events(self, timeout: float) -> EventResult:
        # max_events must be > 0 or epoll gets cranky
        # accessing self._registered from a thread looks dangerous, but it's
        # OK because it doesn't matter if our value is a little bit off.
        max_events = max(1, len(self._registered))
>       return self._epoll.poll(timeout, max_events)
               ^^^^^^^^^^^^^^^^^^^^^^^^^^^^^^^^^^^^^
E       Failed: Timeout (>300.0s) from pytest-timeout.

max_events = 1
self       = EpollIOManager(_epoll=<select.epoll object at 0x7fe4cb79de10>, _registered=defaultdict(<class 'trio._core._io_epoll.Ep...ags=1)}), _force_wakeup=<trio._core._wakeup_socketpair.WakeupSocketpair object at 0x7fe4cb8675d0>, _force_wakeup_fd=14)
timeout    = 1.9999006239959272

.tox/py311-core/lib/python3.11/site-packages/trio/_core/_io_epoll.py:245: Failed
----------------------------- Captured stdout call -----------------------------
+++++++++++++++++++++++++++++++++++ Timeout ++++++++++++++++++++++++++++++++++++
~~~~~~~~~~ Stack of Thread-79 (_background_cleanup) (140617161963200) ~~~~~~~~~~
  File "/opt/hostedtoolcache/Python/3.11.13/x64/lib/python3.11/threading.py", line 1002, in _bootstrap
    self._bootstrap_inner()
  File "/opt/hostedtoolcache/Python/3.11.13/x64/lib/python3.11/threading.py", line 1045, in _bootstrap_inner
    self.run()
  File "/opt/hostedtoolcache/Python/3.11.13/x64/lib/python3.11/threading.py", line 982, in run
    self._target(*self._args, **self._kwargs)
  File "/home/runner/work/py-libp2p/py-libp2p/libp2p/tools/timed_cache/base_timed_cache.py", line 29, in _background_cleanup
    while not self._stop_event.wait(self.sweep_interval):
  File "/opt/hostedtoolcache/Python/3.11.13/x64/lib/python3.11/threading.py", line 629, in wait
    signaled = self._cond.wait(timeout)
  File "/opt/hostedtoolcache/Python/3.11.13/x64/lib/python3.11/threading.py", line 331, in wait
    gotit = waiter.acquire(True, timeout)
~~~~~~~~~~ Stack of Thread-78 (_background_cleanup) (140617178744512) ~~~~~~~~~~
  File "/opt/hostedtoolcache/Python/3.11.13/x64/lib/python3.11/threading.py", line 1002, in _bootstrap
    self._bootstrap_inner()
  File "/opt/hostedtoolcache/Python/3.11.13/x64/lib/python3.11/threading.py", line 1045, in _bootstrap_inner
    self.run()
  File "/opt/hostedtoolcache/Python/3.11.13/x64/lib/python3.11/threading.py", line 982, in run
    self._target(*self._args, **self._kwargs)
  File "/home/runner/work/py-libp2p/py-libp2p/libp2p/tools/timed_cache/base_timed_cache.py", line 29, in _background_cleanup
    while not self._stop_event.wait(self.sweep_interval):
  File "/opt/hostedtoolcache/Python/3.11.13/x64/lib/python3.11/threading.py", line 629, in wait
    signaled = self._cond.wait(timeout)
  File "/opt/hostedtoolcache/Python/3.11.13/x64/lib/python3.11/threading.py", line 331, in wait
    gotit = waiter.acquire(True, timeout)
~~~~~~~~~~ Stack of Thread-77 (_background_cleanup) (140617195525824) ~~~~~~~~~~
  File "/opt/hostedtoolcache/Python/3.11.13/x64/lib/python3.11/threading.py", line 1002, in _bootstrap
    self._bootstrap_inner()
  File "/opt/hostedtoolcache/Python/3.11.13/x64/lib/python3.11/threading.py", line 1045, in _bootstrap_inner
    self.run()
  File "/opt/hostedtoolcache/Python/3.11.13/x64/lib/python3.11/threading.py", line 982, in run
    self._target(*self._args, **self._kwargs)
  File "/home/runner/work/py-libp2p/py-libp2p/libp2p/tools/timed_cache/base_timed_cache.py", line 29, in _background_cleanup
    while not self._stop_event.wait(self.sweep_interval):
  File "/opt/hostedtoolcache/Python/3.11.13/x64/lib/python3.11/threading.py", line 629, in wait
    signaled = self._cond.wait(timeout)
  File "/opt/hostedtoolcache/Python/3.11.13/x64/lib/python3.11/threading.py", line 331, in wait
    gotit = waiter.acquire(True, timeout)
~~~~~~~~~~ Stack of Thread-76 (_background_cleanup) (140617212307136) ~~~~~~~~~~
  File "/opt/hostedtoolcache/Python/3.11.13/x64/lib/python3.11/threading.py", line 1002, in _bootstrap
    self._bootstrap_inner()
  File "/opt/hostedtoolcache/Python/3.11.13/x64/lib/python3.11/threading.py", line 1045, in _bootstrap_inner
    self.run()
  File "/opt/hostedtoolcache/Python/3.11.13/x64/lib/python3.11/threading.py", line 982, in run
    self._target(*self._args, **self._kwargs)
  File "/home/runner/work/py-libp2p/py-libp2p/libp2p/tools/timed_cache/base_timed_cache.py", line 29, in _background_cleanup
    while not self._stop_event.wait(self.sweep_interval):
  File "/opt/hostedtoolcache/Python/3.11.13/x64/lib/python3.11/threading.py", line 629, in wait
    signaled = self._cond.wait(timeout)
  File "/opt/hostedtoolcache/Python/3.11.13/x64/lib/python3.11/threading.py", line 331, in wait
    gotit = waiter.acquire(True, timeout)
~~~~~~~~~~ Stack of Thread-75 (_background_cleanup) (140617229088448) ~~~~~~~~~~
  File "/opt/hostedtoolcache/Python/3.11.13/x64/lib/python3.11/threading.py", line 1002, in _bootstrap
    self._bootstrap_inner()
  File "/opt/hostedtoolcache/Python/3.11.13/x64/lib/python3.11/threading.py", line 1045, in _bootstrap_inner
    self.run()
  File "/opt/hostedtoolcache/Python/3.11.13/x64/lib/python3.11/threading.py", line 982, in run
    self._target(*self._args, **self._kwargs)
  File "/home/runner/work/py-libp2p/py-libp2p/libp2p/tools/timed_cache/base_timed_cache.py", line 29, in _background_cleanup
    while not self._stop_event.wait(self.sweep_interval):
  File "/opt/hostedtoolcache/Python/3.11.13/x64/lib/python3.11/threading.py", line 629, in wait
    signaled = self._cond.wait(timeout)
  File "/opt/hostedtoolcache/Python/3.11.13/x64/lib/python3.11/threading.py", line 331, in wait
    gotit = waiter.acquire(True, timeout)
~~~~~~~~~~ Stack of Thread-74 (_background_cleanup) (140617245869760) ~~~~~~~~~~
  File "/opt/hostedtoolcache/Python/3.11.13/x64/lib/python3.11/threading.py", line 1002, in _bootstrap
    self._bootstrap_inner()
  File "/opt/hostedtoolcache/Python/3.11.13/x64/lib/python3.11/threading.py", line 1045, in _bootstrap_inner
    self.run()
  File "/opt/hostedtoolcache/Python/3.11.13/x64/lib/python3.11/threading.py", line 982, in run
    self._target(*self._args, **self._kwargs)
  File "/home/runner/work/py-libp2p/py-libp2p/libp2p/tools/timed_cache/base_timed_cache.py", line 29, in _background_cleanup
    while not self._stop_event.wait(self.sweep_interval):
  File "/opt/hostedtoolcache/Python/3.11.13/x64/lib/python3.11/threading.py", line 629, in wait
    signaled = self._cond.wait(timeout)
  File "/opt/hostedtoolcache/Python/3.11.13/x64/lib/python3.11/threading.py", line 331, in wait
    gotit = waiter.acquire(True, timeout)
~~~~~~~~~~ Stack of Thread-73 (_background_cleanup) (140617262651072) ~~~~~~~~~~
  File "/opt/hostedtoolcache/Python/3.11.13/x64/lib/python3.11/threading.py", line 1002, in _bootstrap
    self._bootstrap_inner()
  File "/opt/hostedtoolcache/Python/3.11.13/x64/lib/python3.11/threading.py", line 1045, in _bootstrap_inner
    self.run()
  File "/opt/hostedtoolcache/Python/3.11.13/x64/lib/python3.11/threading.py", line 982, in run
    self._target(*self._args, **self._kwargs)
  File "/home/runner/work/py-libp2p/py-libp2p/libp2p/tools/timed_cache/base_timed_cache.py", line 29, in _background_cleanup
    while not self._stop_event.wait(self.sweep_interval):
  File "/opt/hostedtoolcache/Python/3.11.13/x64/lib/python3.11/threading.py", line 629, in wait
    signaled = self._cond.wait(timeout)
  File "/opt/hostedtoolcache/Python/3.11.13/x64/lib/python3.11/threading.py", line 331, in wait
    gotit = waiter.acquire(True, timeout)
~~~~~~~~~~ Stack of Thread-72 (_background_cleanup) (140617279432384) ~~~~~~~~~~
  File "/opt/hostedtoolcache/Python/3.11.13/x64/lib/python3.11/threading.py", line 1002, in _bootstrap
    self._bootstrap_inner()
  File "/opt/hostedtoolcache/Python/3.11.13/x64/lib/python3.11/threading.py", line 1045, in _bootstrap_inner
    self.run()
  File "/opt/hostedtoolcache/Python/3.11.13/x64/lib/python3.11/threading.py", line 982, in run
    self._target(*self._args, **self._kwargs)
  File "/home/runner/work/py-libp2p/py-libp2p/libp2p/tools/timed_cache/base_timed_cache.py", line 29, in _background_cleanup
    while not self._stop_event.wait(self.sweep_interval):
  File "/opt/hostedtoolcache/Python/3.11.13/x64/lib/python3.11/threading.py", line 629, in wait
    signaled = self._cond.wait(timeout)
  File "/opt/hostedtoolcache/Python/3.11.13/x64/lib/python3.11/threading.py", line 331, in wait
    gotit = waiter.acquire(True, timeout)
~~~~~~~~~~ Stack of Thread-71 (_background_cleanup) (140617296213696) ~~~~~~~~~~
  File "/opt/hostedtoolcache/Python/3.11.13/x64/lib/python3.11/threading.py", line 1002, in _bootstrap
    self._bootstrap_inner()
  File "/opt/hostedtoolcache/Python/3.11.13/x64/lib/python3.11/threading.py", line 1045, in _bootstrap_inner
    self.run()
  File "/opt/hostedtoolcache/Python/3.11.13/x64/lib/python3.11/threading.py", line 982, in run
    self._target(*self._args, **self._kwargs)
  File "/home/runner/work/py-libp2p/py-libp2p/libp2p/tools/timed_cache/base_timed_cache.py", line 29, in _background_cleanup
    while not self._stop_event.wait(self.sweep_interval):
  File "/opt/hostedtoolcache/Python/3.11.13/x64/lib/python3.11/threading.py", line 629, in wait
    signaled = self._cond.wait(timeout)
  File "/opt/hostedtoolcache/Python/3.11.13/x64/lib/python3.11/threading.py", line 331, in wait
    gotit = waiter.acquire(True, timeout)
~~~~~~~~~~ Stack of Thread-70 (_background_cleanup) (140617312995008) ~~~~~~~~~~
  File "/opt/hostedtoolcache/Python/3.11.13/x64/lib/python3.11/threading.py", line 1002, in _bootstrap
    self._bootstrap_inner()
  File "/opt/hostedtoolcache/Python/3.11.13/x64/lib/python3.11/threading.py", line 1045, in _bootstrap_inner
    self.run()
  File "/opt/hostedtoolcache/Python/3.11.13/x64/lib/python3.11/threading.py", line 982, in run
    self._target(*self._args, **self._kwargs)
  File "/home/runner/work/py-libp2p/py-libp2p/libp2p/tools/timed_cache/base_timed_cache.py", line 29, in _background_cleanup
    while not self._stop_event.wait(self.sweep_interval):
  File "/opt/hostedtoolcache/Python/3.11.13/x64/lib/python3.11/threading.py", line 629, in wait
    signaled = self._cond.wait(timeout)
  File "/opt/hostedtoolcache/Python/3.11.13/x64/lib/python3.11/threading.py", line 331, in wait
    gotit = waiter.acquire(True, timeout)
~~~~~~~~~~ Stack of Thread-69 (_background_cleanup) (140617329776320) ~~~~~~~~~~
  File "/opt/hostedtoolcache/Python/3.11.13/x64/lib/python3.11/threading.py", line 1002, in _bootstrap
    self._bootstrap_inner()
  File "/opt/hostedtoolcache/Python/3.11.13/x64/lib/python3.11/threading.py", line 1045, in _bootstrap_inner
    self.run()
  File "/opt/hostedtoolcache/Python/3.11.13/x64/lib/python3.11/threading.py", line 982, in run
    self._target(*self._args, **self._kwargs)
  File "/home/runner/work/py-libp2p/py-libp2p/libp2p/tools/timed_cache/base_timed_cache.py", line 29, in _background_cleanup
    while not self._stop_event.wait(self.sweep_interval):
  File "/opt/hostedtoolcache/Python/3.11.13/x64/lib/python3.11/threading.py", line 629, in wait
    signaled = self._cond.wait(timeout)
  File "/opt/hostedtoolcache/Python/3.11.13/x64/lib/python3.11/threading.py", line 331, in wait
    gotit = waiter.acquire(True, timeout)
~~~~~~~~~~ Stack of Thread-68 (_background_cleanup) (140617346557632) ~~~~~~~~~~
  File "/opt/hostedtoolcache/Python/3.11.13/x64/lib/python3.11/threading.py", line 1002, in _bootstrap
    self._bootstrap_inner()
  File "/opt/hostedtoolcache/Python/3.11.13/x64/lib/python3.11/threading.py", line 1045, in _bootstrap_inner
    self.run()
  File "/opt/hostedtoolcache/Python/3.11.13/x64/lib/python3.11/threading.py", line 982, in run
    self._target(*self._args, **self._kwargs)
  File "/home/runner/work/py-libp2p/py-libp2p/libp2p/tools/timed_cache/base_timed_cache.py", line 29, in _background_cleanup
    while not self._stop_event.wait(self.sweep_interval):
  File "/opt/hostedtoolcache/Python/3.11.13/x64/lib/python3.11/threading.py", line 629, in wait
    signaled = self._cond.wait(timeout)
  File "/opt/hostedtoolcache/Python/3.11.13/x64/lib/python3.11/threading.py", line 331, in wait
    gotit = waiter.acquire(True, timeout)
~~~~~~~~~~ Stack of Thread-67 (_background_cleanup) (140617363338944) ~~~~~~~~~~
  File "/opt/hostedtoolcache/Python/3.11.13/x64/lib/python3.11/threading.py", line 1002, in _bootstrap
    self._bootstrap_inner()
  File "/opt/hostedtoolcache/Python/3.11.13/x64/lib/python3.11/threading.py", line 1045, in _bootstrap_inner
    self.run()
  File "/opt/hostedtoolcache/Python/3.11.13/x64/lib/python3.11/threading.py", line 982, in run
    self._target(*self._args, **self._kwargs)
  File "/home/runner/work/py-libp2p/py-libp2p/libp2p/tools/timed_cache/base_timed_cache.py", line 29, in _background_cleanup
    while not self._stop_event.wait(self.sweep_interval):
  File "/opt/hostedtoolcache/Python/3.11.13/x64/lib/python3.11/threading.py", line 629, in wait
    signaled = self._cond.wait(timeout)
  File "/opt/hostedtoolcache/Python/3.11.13/x64/lib/python3.11/threading.py", line 331, in wait
    gotit = waiter.acquire(True, timeout)
~~~~~~~~~~ Stack of Thread-66 (_background_cleanup) (140617380120256) ~~~~~~~~~~
  File "/opt/hostedtoolcache/Python/3.11.13/x64/lib/python3.11/threading.py", line 1002, in _bootstrap
    self._bootstrap_inner()
  File "/opt/hostedtoolcache/Python/3.11.13/x64/lib/python3.11/threading.py", line 1045, in _bootstrap_inner
    self.run()
  File "/opt/hostedtoolcache/Python/3.11.13/x64/lib/python3.11/threading.py", line 982, in run
    self._target(*self._args, **self._kwargs)
  File "/home/runner/work/py-libp2p/py-libp2p/libp2p/tools/timed_cache/base_timed_cache.py", line 29, in _background_cleanup
    while not self._stop_event.wait(self.sweep_interval):
  File "/opt/hostedtoolcache/Python/3.11.13/x64/lib/python3.11/threading.py", line 629, in wait
    signaled = self._cond.wait(timeout)
  File "/opt/hostedtoolcache/Python/3.11.13/x64/lib/python3.11/threading.py", line 331, in wait
    gotit = waiter.acquire(True, timeout)
~~~~~~~~~~ Stack of Thread-65 (_background_cleanup) (140617396901568) ~~~~~~~~~~
  File "/opt/hostedtoolcache/Python/3.11.13/x64/lib/python3.11/threading.py", line 1002, in _bootstrap
    self._bootstrap_inner()
  File "/opt/hostedtoolcache/Python/3.11.13/x64/lib/python3.11/threading.py", line 1045, in _bootstrap_inner
    self.run()
  File "/opt/hostedtoolcache/Python/3.11.13/x64/lib/python3.11/threading.py", line 982, in run
    self._target(*self._args, **self._kwargs)
  File "/home/runner/work/py-libp2p/py-libp2p/libp2p/tools/timed_cache/base_timed_cache.py", line 29, in _background_cleanup
    while not self._stop_event.wait(self.sweep_interval):
  File "/opt/hostedtoolcache/Python/3.11.13/x64/lib/python3.11/threading.py", line 629, in wait
    signaled = self._cond.wait(timeout)
  File "/opt/hostedtoolcache/Python/3.11.13/x64/lib/python3.11/threading.py", line 331, in wait
    gotit = waiter.acquire(True, timeout)
~~~~~~~~~~ Stack of Thread-64 (_background_cleanup) (140617413682880) ~~~~~~~~~~
  File "/opt/hostedtoolcache/Python/3.11.13/x64/lib/python3.11/threading.py", line 1002, in _bootstrap
    self._bootstrap_inner()
  File "/opt/hostedtoolcache/Python/3.11.13/x64/lib/python3.11/threading.py", line 1045, in _bootstrap_inner
    self.run()
  File "/opt/hostedtoolcache/Python/3.11.13/x64/lib/python3.11/threading.py", line 982, in run
    self._target(*self._args, **self._kwargs)
  File "/home/runner/work/py-libp2p/py-libp2p/libp2p/tools/timed_cache/base_timed_cache.py", line 29, in _background_cleanup
    while not self._stop_event.wait(self.sweep_interval):
  File "/opt/hostedtoolcache/Python/3.11.13/x64/lib/python3.11/threading.py", line 629, in wait
    signaled = self._cond.wait(timeout)
  File "/opt/hostedtoolcache/Python/3.11.13/x64/lib/python3.11/threading.py", line 331, in wait
    gotit = waiter.acquire(True, timeout)
~~~~~~~~~~ Stack of Thread-63 (_background_cleanup) (140617430464192) ~~~~~~~~~~
  File "/opt/hostedtoolcache/Python/3.11.13/x64/lib/python3.11/threading.py", line 1002, in _bootstrap
    self._bootstrap_inner()
  File "/opt/hostedtoolcache/Python/3.11.13/x64/lib/python3.11/threading.py", line 1045, in _bootstrap_inner
    self.run()
  File "/opt/hostedtoolcache/Python/3.11.13/x64/lib/python3.11/threading.py", line 982, in run
    self._target(*self._args, **self._kwargs)
  File "/home/runner/work/py-libp2p/py-libp2p/libp2p/tools/timed_cache/base_timed_cache.py", line 29, in _background_cleanup
    while not self._stop_event.wait(self.sweep_interval):
  File "/opt/hostedtoolcache/Python/3.11.13/x64/lib/python3.11/threading.py", line 629, in wait
    signaled = self._cond.wait(timeout)
  File "/opt/hostedtoolcache/Python/3.11.13/x64/lib/python3.11/threading.py", line 331, in wait
    gotit = waiter.acquire(True, timeout)
~~~~~~~~~~ Stack of Thread-62 (_background_cleanup) (140617447245504) ~~~~~~~~~~
  File "/opt/hostedtoolcache/Python/3.11.13/x64/lib/python3.11/threading.py", line 1002, in _bootstrap
    self._bootstrap_inner()
  File "/opt/hostedtoolcache/Python/3.11.13/x64/lib/python3.11/threading.py", line 1045, in _bootstrap_inner
    self.run()
  File "/opt/hostedtoolcache/Python/3.11.13/x64/lib/python3.11/threading.py", line 982, in run
    self._target(*self._args, **self._kwargs)
  File "/home/runner/work/py-libp2p/py-libp2p/libp2p/tools/timed_cache/base_timed_cache.py", line 29, in _background_cleanup
    while not self._stop_event.wait(self.sweep_interval):
  File "/opt/hostedtoolcache/Python/3.11.13/x64/lib/python3.11/threading.py", line 629, in wait
    signaled = self._cond.wait(timeout)
  File "/opt/hostedtoolcache/Python/3.11.13/x64/lib/python3.11/threading.py", line 331, in wait
    gotit = waiter.acquire(True, timeout)
~~~~~~~~~~ Stack of Thread-61 (_background_cleanup) (140617464026816) ~~~~~~~~~~
  File "/opt/hostedtoolcache/Python/3.11.13/x64/lib/python3.11/threading.py", line 1002, in _bootstrap
    self._bootstrap_inner()
  File "/opt/hostedtoolcache/Python/3.11.13/x64/lib/python3.11/threading.py", line 1045, in _bootstrap_inner
    self.run()
  File "/opt/hostedtoolcache/Python/3.11.13/x64/lib/python3.11/threading.py", line 982, in run
    self._target(*self._args, **self._kwargs)
  File "/home/runner/work/py-libp2p/py-libp2p/libp2p/tools/timed_cache/base_timed_cache.py", line 29, in _background_cleanup
    while not self._stop_event.wait(self.sweep_interval):
  File "/opt/hostedtoolcache/Python/3.11.13/x64/lib/python3.11/threading.py", line 629, in wait
    signaled = self._cond.wait(timeout)
  File "/opt/hostedtoolcache/Python/3.11.13/x64/lib/python3.11/threading.py", line 331, in wait
    gotit = waiter.acquire(True, timeout)
~~~~~~~~~~ Stack of Thread-60 (_background_cleanup) (140617480808128) ~~~~~~~~~~
  File "/opt/hostedtoolcache/Python/3.11.13/x64/lib/python3.11/threading.py", line 1002, in _bootstrap
    self._bootstrap_inner()
  File "/opt/hostedtoolcache/Python/3.11.13/x64/lib/python3.11/threading.py", line 1045, in _bootstrap_inner
    self.run()
  File "/opt/hostedtoolcache/Python/3.11.13/x64/lib/python3.11/threading.py", line 982, in run
    self._target(*self._args, **self._kwargs)
  File "/home/runner/work/py-libp2p/py-libp2p/libp2p/tools/timed_cache/base_timed_cache.py", line 29, in _background_cleanup
    while not self._stop_event.wait(self.sweep_interval):
  File "/opt/hostedtoolcache/Python/3.11.13/x64/lib/python3.11/threading.py", line 629, in wait
    signaled = self._cond.wait(timeout)
  File "/opt/hostedtoolcache/Python/3.11.13/x64/lib/python3.11/threading.py", line 331, in wait
    gotit = waiter.acquire(True, timeout)
~~~~~~~~~~ Stack of Thread-59 (_background_cleanup) (140617497589440) ~~~~~~~~~~
  File "/opt/hostedtoolcache/Python/3.11.13/x64/lib/python3.11/threading.py", line 1002, in _bootstrap
    self._bootstrap_inner()
  File "/opt/hostedtoolcache/Python/3.11.13/x64/lib/python3.11/threading.py", line 1045, in _bootstrap_inner
    self.run()
  File "/opt/hostedtoolcache/Python/3.11.13/x64/lib/python3.11/threading.py", line 982, in run
    self._target(*self._args, **self._kwargs)
  File "/home/runner/work/py-libp2p/py-libp2p/libp2p/tools/timed_cache/base_timed_cache.py", line 29, in _background_cleanup
    while not self._stop_event.wait(self.sweep_interval):
  File "/opt/hostedtoolcache/Python/3.11.13/x64/lib/python3.11/threading.py", line 629, in wait
    signaled = self._cond.wait(timeout)
  File "/opt/hostedtoolcache/Python/3.11.13/x64/lib/python3.11/threading.py", line 331, in wait
    gotit = waiter.acquire(True, timeout)
~~~~~~~~~~ Stack of Thread-58 (_background_cleanup) (140617514370752) ~~~~~~~~~~
  File "/opt/hostedtoolcache/Python/3.11.13/x64/lib/python3.11/threading.py", line 1002, in _bootstrap
    self._bootstrap_inner()
  File "/opt/hostedtoolcache/Python/3.11.13/x64/lib/python3.11/threading.py", line 1045, in _bootstrap_inner
    self.run()
  File "/opt/hostedtoolcache/Python/3.11.13/x64/lib/python3.11/threading.py", line 982, in run
    self._target(*self._args, **self._kwargs)
  File "/home/runner/work/py-libp2p/py-libp2p/libp2p/tools/timed_cache/base_timed_cache.py", line 29, in _background_cleanup
    while not self._stop_event.wait(self.sweep_interval):
  File "/opt/hostedtoolcache/Python/3.11.13/x64/lib/python3.11/threading.py", line 629, in wait
    signaled = self._cond.wait(timeout)
  File "/opt/hostedtoolcache/Python/3.11.13/x64/lib/python3.11/threading.py", line 331, in wait
    gotit = waiter.acquire(True, timeout)
~~~~~~~~~~ Stack of Thread-57 (_background_cleanup) (140617531152064) ~~~~~~~~~~
  File "/opt/hostedtoolcache/Python/3.11.13/x64/lib/python3.11/threading.py", line 1002, in _bootstrap
    self._bootstrap_inner()
  File "/opt/hostedtoolcache/Python/3.11.13/x64/lib/python3.11/threading.py", line 1045, in _bootstrap_inner
    self.run()
  File "/opt/hostedtoolcache/Python/3.11.13/x64/lib/python3.11/threading.py", line 982, in run
    self._target(*self._args, **self._kwargs)
  File "/home/runner/work/py-libp2p/py-libp2p/libp2p/tools/timed_cache/base_timed_cache.py", line 29, in _background_cleanup
    while not self._stop_event.wait(self.sweep_interval):
  File "/opt/hostedtoolcache/Python/3.11.13/x64/lib/python3.11/threading.py", line 629, in wait
    signaled = self._cond.wait(timeout)
  File "/opt/hostedtoolcache/Python/3.11.13/x64/lib/python3.11/threading.py", line 331, in wait
    gotit = waiter.acquire(True, timeout)
~~~~~~~~~~ Stack of Thread-56 (_background_cleanup) (140617547933376) ~~~~~~~~~~
  File "/opt/hostedtoolcache/Python/3.11.13/x64/lib/python3.11/threading.py", line 1002, in _bootstrap
    self._bootstrap_inner()
  File "/opt/hostedtoolcache/Python/3.11.13/x64/lib/python3.11/threading.py", line 1045, in _bootstrap_inner
    self.run()
  File "/opt/hostedtoolcache/Python/3.11.13/x64/lib/python3.11/threading.py", line 982, in run
    self._target(*self._args, **self._kwargs)
  File "/home/runner/work/py-libp2p/py-libp2p/libp2p/tools/timed_cache/base_timed_cache.py", line 29, in _background_cleanup
    while not self._stop_event.wait(self.sweep_interval):
  File "/opt/hostedtoolcache/Python/3.11.13/x64/lib/python3.11/threading.py", line 629, in wait
    signaled = self._cond.wait(timeout)
  File "/opt/hostedtoolcache/Python/3.11.13/x64/lib/python3.11/threading.py", line 331, in wait
    gotit = waiter.acquire(True, timeout)
~~~~~~~~~~ Stack of Thread-55 (_background_cleanup) (140617564714688) ~~~~~~~~~~
  File "/opt/hostedtoolcache/Python/3.11.13/x64/lib/python3.11/threading.py", line 1002, in _bootstrap
    self._bootstrap_inner()
  File "/opt/hostedtoolcache/Python/3.11.13/x64/lib/python3.11/threading.py", line 1045, in _bootstrap_inner
    self.run()
  File "/opt/hostedtoolcache/Python/3.11.13/x64/lib/python3.11/threading.py", line 982, in run
    self._target(*self._args, **self._kwargs)
  File "/home/runner/work/py-libp2p/py-libp2p/libp2p/tools/timed_cache/base_timed_cache.py", line 29, in _background_cleanup
    while not self._stop_event.wait(self.sweep_interval):
  File "/opt/hostedtoolcache/Python/3.11.13/x64/lib/python3.11/threading.py", line 629, in wait
    signaled = self._cond.wait(timeout)
  File "/opt/hostedtoolcache/Python/3.11.13/x64/lib/python3.11/threading.py", line 331, in wait
    gotit = waiter.acquire(True, timeout)
~~~~~~~~~~ Stack of Thread-54 (_background_cleanup) (140617581496000) ~~~~~~~~~~
  File "/opt/hostedtoolcache/Python/3.11.13/x64/lib/python3.11/threading.py", line 1002, in _bootstrap
    self._bootstrap_inner()
  File "/opt/hostedtoolcache/Python/3.11.13/x64/lib/python3.11/threading.py", line 1045, in _bootstrap_inner
    self.run()
  File "/opt/hostedtoolcache/Python/3.11.13/x64/lib/python3.11/threading.py", line 982, in run
    self._target(*self._args, **self._kwargs)
  File "/home/runner/work/py-libp2p/py-libp2p/libp2p/tools/timed_cache/base_timed_cache.py", line 29, in _background_cleanup
    while not self._stop_event.wait(self.sweep_interval):
  File "/opt/hostedtoolcache/Python/3.11.13/x64/lib/python3.11/threading.py", line 629, in wait
    signaled = self._cond.wait(timeout)
  File "/opt/hostedtoolcache/Python/3.11.13/x64/lib/python3.11/threading.py", line 331, in wait
    gotit = waiter.acquire(True, timeout)
~~~~~~~~~~ Stack of Thread-53 (_background_cleanup) (140617598277312) ~~~~~~~~~~
  File "/opt/hostedtoolcache/Python/3.11.13/x64/lib/python3.11/threading.py", line 1002, in _bootstrap
    self._bootstrap_inner()
  File "/opt/hostedtoolcache/Python/3.11.13/x64/lib/python3.11/threading.py", line 1045, in _bootstrap_inner
    self.run()
  File "/opt/hostedtoolcache/Python/3.11.13/x64/lib/python3.11/threading.py", line 982, in run
    self._target(*self._args, **self._kwargs)
  File "/home/runner/work/py-libp2p/py-libp2p/libp2p/tools/timed_cache/base_timed_cache.py", line 29, in _background_cleanup
    while not self._stop_event.wait(self.sweep_interval):
  File "/opt/hostedtoolcache/Python/3.11.13/x64/lib/python3.11/threading.py", line 629, in wait
    signaled = self._cond.wait(timeout)
  File "/opt/hostedtoolcache/Python/3.11.13/x64/lib/python3.11/threading.py", line 331, in wait
    gotit = waiter.acquire(True, timeout)
~~~~~~~~~~ Stack of Thread-52 (_background_cleanup) (140617615058624) ~~~~~~~~~~
  File "/opt/hostedtoolcache/Python/3.11.13/x64/lib/python3.11/threading.py", line 1002, in _bootstrap
    self._bootstrap_inner()
  File "/opt/hostedtoolcache/Python/3.11.13/x64/lib/python3.11/threading.py", line 1045, in _bootstrap_inner
    self.run()
  File "/opt/hostedtoolcache/Python/3.11.13/x64/lib/python3.11/threading.py", line 982, in run
    self._target(*self._args, **self._kwargs)
  File "/home/runner/work/py-libp2p/py-libp2p/libp2p/tools/timed_cache/base_timed_cache.py", line 29, in _background_cleanup
    while not self._stop_event.wait(self.sweep_interval):
  File "/opt/hostedtoolcache/Python/3.11.13/x64/lib/python3.11/threading.py", line 629, in wait
    signaled = self._cond.wait(timeout)
  File "/opt/hostedtoolcache/Python/3.11.13/x64/lib/python3.11/threading.py", line 331, in wait
    gotit = waiter.acquire(True, timeout)
~~~~~~~~~~ Stack of Thread-51 (_background_cleanup) (140617631839936) ~~~~~~~~~~
  File "/opt/hostedtoolcache/Python/3.11.13/x64/lib/python3.11/threading.py", line 1002, in _bootstrap
    self._bootstrap_inner()
  File "/opt/hostedtoolcache/Python/3.11.13/x64/lib/python3.11/threading.py", line 1045, in _bootstrap_inner
    self.run()
  File "/opt/hostedtoolcache/Python/3.11.13/x64/lib/python3.11/threading.py", line 982, in run
    self._target(*self._args, **self._kwargs)
  File "/home/runner/work/py-libp2p/py-libp2p/libp2p/tools/timed_cache/base_timed_cache.py", line 29, in _background_cleanup
    while not self._stop_event.wait(self.sweep_interval):
  File "/opt/hostedtoolcache/Python/3.11.13/x64/lib/python3.11/threading.py", line 629, in wait
    signaled = self._cond.wait(timeout)
  File "/opt/hostedtoolcache/Python/3.11.13/x64/lib/python3.11/threading.py", line 331, in wait
    gotit = waiter.acquire(True, timeout)
~~~~~~~~~~ Stack of Thread-50 (_background_cleanup) (140617648621248) ~~~~~~~~~~
  File "/opt/hostedtoolcache/Python/3.11.13/x64/lib/python3.11/threading.py", line 1002, in _bootstrap
    self._bootstrap_inner()
  File "/opt/hostedtoolcache/Python/3.11.13/x64/lib/python3.11/threading.py", line 1045, in _bootstrap_inner
    self.run()
  File "/opt/hostedtoolcache/Python/3.11.13/x64/lib/python3.11/threading.py", line 982, in run
    self._target(*self._args, **self._kwargs)
  File "/home/runner/work/py-libp2p/py-libp2p/libp2p/tools/timed_cache/base_timed_cache.py", line 29, in _background_cleanup
    while not self._stop_event.wait(self.sweep_interval):
  File "/opt/hostedtoolcache/Python/3.11.13/x64/lib/python3.11/threading.py", line 629, in wait
    signaled = self._cond.wait(timeout)
  File "/opt/hostedtoolcache/Python/3.11.13/x64/lib/python3.11/threading.py", line 331, in wait
    gotit = waiter.acquire(True, timeout)
~~~~~~~~~~ Stack of Thread-49 (_background_cleanup) (140617665402560) ~~~~~~~~~~
  File "/opt/hostedtoolcache/Python/3.11.13/x64/lib/python3.11/threading.py", line 1002, in _bootstrap
    self._bootstrap_inner()
  File "/opt/hostedtoolcache/Python/3.11.13/x64/lib/python3.11/threading.py", line 1045, in _bootstrap_inner
    self.run()
  File "/opt/hostedtoolcache/Python/3.11.13/x64/lib/python3.11/threading.py", line 982, in run
    self._target(*self._args, **self._kwargs)
  File "/home/runner/work/py-libp2p/py-libp2p/libp2p/tools/timed_cache/base_timed_cache.py", line 29, in _background_cleanup
    while not self._stop_event.wait(self.sweep_interval):
  File "/opt/hostedtoolcache/Python/3.11.13/x64/lib/python3.11/threading.py", line 629, in wait
    signaled = self._cond.wait(timeout)
  File "/opt/hostedtoolcache/Python/3.11.13/x64/lib/python3.11/threading.py", line 331, in wait
    gotit = waiter.acquire(True, timeout)
~~~~~~~~~~ Stack of Thread-48 (_background_cleanup) (140617682183872) ~~~~~~~~~~
  File "/opt/hostedtoolcache/Python/3.11.13/x64/lib/python3.11/threading.py", line 1002, in _bootstrap
    self._bootstrap_inner()
  File "/opt/hostedtoolcache/Python/3.11.13/x64/lib/python3.11/threading.py", line 1045, in _bootstrap_inner
    self.run()
  File "/opt/hostedtoolcache/Python/3.11.13/x64/lib/python3.11/threading.py", line 982, in run
    self._target(*self._args, **self._kwargs)
  File "/home/runner/work/py-libp2p/py-libp2p/libp2p/tools/timed_cache/base_timed_cache.py", line 29, in _background_cleanup
    while not self._stop_event.wait(self.sweep_interval):
  File "/opt/hostedtoolcache/Python/3.11.13/x64/lib/python3.11/threading.py", line 629, in wait
    signaled = self._cond.wait(timeout)
  File "/opt/hostedtoolcache/Python/3.11.13/x64/lib/python3.11/threading.py", line 331, in wait
    gotit = waiter.acquire(True, timeout)
~~~~~~~~~~ Stack of Thread-47 (_background_cleanup) (140617698965184) ~~~~~~~~~~
  File "/opt/hostedtoolcache/Python/3.11.13/x64/lib/python3.11/threading.py", line 1002, in _bootstrap
    self._bootstrap_inner()
  File "/opt/hostedtoolcache/Python/3.11.13/x64/lib/python3.11/threading.py", line 1045, in _bootstrap_inner
    self.run()
  File "/opt/hostedtoolcache/Python/3.11.13/x64/lib/python3.11/threading.py", line 982, in run
    self._target(*self._args, **self._kwargs)
  File "/home/runner/work/py-libp2p/py-libp2p/libp2p/tools/timed_cache/base_timed_cache.py", line 29, in _background_cleanup
    while not self._stop_event.wait(self.sweep_interval):
  File "/opt/hostedtoolcache/Python/3.11.13/x64/lib/python3.11/threading.py", line 629, in wait
    signaled = self._cond.wait(timeout)
  File "/opt/hostedtoolcache/Python/3.11.13/x64/lib/python3.11/threading.py", line 331, in wait
    gotit = waiter.acquire(True, timeout)
~~~~~~~~~~ Stack of Thread-46 (_background_cleanup) (140617715746496) ~~~~~~~~~~
  File "/opt/hostedtoolcache/Python/3.11.13/x64/lib/python3.11/threading.py", line 1002, in _bootstrap
    self._bootstrap_inner()
  File "/opt/hostedtoolcache/Python/3.11.13/x64/lib/python3.11/threading.py", line 1045, in _bootstrap_inner
    self.run()
  File "/opt/hostedtoolcache/Python/3.11.13/x64/lib/python3.11/threading.py", line 982, in run
    self._target(*self._args, **self._kwargs)
  File "/home/runner/work/py-libp2p/py-libp2p/libp2p/tools/timed_cache/base_timed_cache.py", line 29, in _background_cleanup
    while not self._stop_event.wait(self.sweep_interval):
  File "/opt/hostedtoolcache/Python/3.11.13/x64/lib/python3.11/threading.py", line 629, in wait
    signaled = self._cond.wait(timeout)
  File "/opt/hostedtoolcache/Python/3.11.13/x64/lib/python3.11/threading.py", line 331, in wait
    gotit = waiter.acquire(True, timeout)
~~~~~~~~~~ Stack of Thread-45 (_background_cleanup) (140617732527808) ~~~~~~~~~~
  File "/opt/hostedtoolcache/Python/3.11.13/x64/lib/python3.11/threading.py", line 1002, in _bootstrap
    self._bootstrap_inner()
  File "/opt/hostedtoolcache/Python/3.11.13/x64/lib/python3.11/threading.py", line 1045, in _bootstrap_inner
    self.run()
  File "/opt/hostedtoolcache/Python/3.11.13/x64/lib/python3.11/threading.py", line 982, in run
    self._target(*self._args, **self._kwargs)
  File "/home/runner/work/py-libp2p/py-libp2p/libp2p/tools/timed_cache/base_timed_cache.py", line 29, in _background_cleanup
    while not self._stop_event.wait(self.sweep_interval):
  File "/opt/hostedtoolcache/Python/3.11.13/x64/lib/python3.11/threading.py", line 629, in wait
    signaled = self._cond.wait(timeout)
  File "/opt/hostedtoolcache/Python/3.11.13/x64/lib/python3.11/threading.py", line 331, in wait
    gotit = waiter.acquire(True, timeout)
~~~~~~~~~~ Stack of Thread-44 (_background_cleanup) (140617749309120) ~~~~~~~~~~
  File "/opt/hostedtoolcache/Python/3.11.13/x64/lib/python3.11/threading.py", line 1002, in _bootstrap
    self._bootstrap_inner()
  File "/opt/hostedtoolcache/Python/3.11.13/x64/lib/python3.11/threading.py", line 1045, in _bootstrap_inner
    self.run()
  File "/opt/hostedtoolcache/Python/3.11.13/x64/lib/python3.11/threading.py", line 982, in run
    self._target(*self._args, **self._kwargs)
  File "/home/runner/work/py-libp2p/py-libp2p/libp2p/tools/timed_cache/base_timed_cache.py", line 29, in _background_cleanup
    while not self._stop_event.wait(self.sweep_interval):
  File "/opt/hostedtoolcache/Python/3.11.13/x64/lib/python3.11/threading.py", line 629, in wait
    signaled = self._cond.wait(timeout)
  File "/opt/hostedtoolcache/Python/3.11.13/x64/lib/python3.11/threading.py", line 331, in wait
    gotit = waiter.acquire(True, timeout)
~~~~~~~~~~ Stack of Thread-43 (_background_cleanup) (140617766090432) ~~~~~~~~~~
  File "/opt/hostedtoolcache/Python/3.11.13/x64/lib/python3.11/threading.py", line 1002, in _bootstrap
    self._bootstrap_inner()
  File "/opt/hostedtoolcache/Python/3.11.13/x64/lib/python3.11/threading.py", line 1045, in _bootstrap_inner
    self.run()
  File "/opt/hostedtoolcache/Python/3.11.13/x64/lib/python3.11/threading.py", line 982, in run
    self._target(*self._args, **self._kwargs)
  File "/home/runner/work/py-libp2p/py-libp2p/libp2p/tools/timed_cache/base_timed_cache.py", line 29, in _background_cleanup
    while not self._stop_event.wait(self.sweep_interval):
  File "/opt/hostedtoolcache/Python/3.11.13/x64/lib/python3.11/threading.py", line 629, in wait
    signaled = self._cond.wait(timeout)
  File "/opt/hostedtoolcache/Python/3.11.13/x64/lib/python3.11/threading.py", line 331, in wait
    gotit = waiter.acquire(True, timeout)
~~~~~~~~~~ Stack of Thread-42 (_background_cleanup) (140617782871744) ~~~~~~~~~~
  File "/opt/hostedtoolcache/Python/3.11.13/x64/lib/python3.11/threading.py", line 1002, in _bootstrap
    self._bootstrap_inner()
  File "/opt/hostedtoolcache/Python/3.11.13/x64/lib/python3.11/threading.py", line 1045, in _bootstrap_inner
    self.run()
  File "/opt/hostedtoolcache/Python/3.11.13/x64/lib/python3.11/threading.py", line 982, in run
    self._target(*self._args, **self._kwargs)
  File "/home/runner/work/py-libp2p/py-libp2p/libp2p/tools/timed_cache/base_timed_cache.py", line 29, in _background_cleanup
    while not self._stop_event.wait(self.sweep_interval):
  File "/opt/hostedtoolcache/Python/3.11.13/x64/lib/python3.11/threading.py", line 629, in wait
    signaled = self._cond.wait(timeout)
  File "/opt/hostedtoolcache/Python/3.11.13/x64/lib/python3.11/threading.py", line 331, in wait
    gotit = waiter.acquire(True, timeout)
~~~~~~~~~~ Stack of Thread-41 (_background_cleanup) (140617799653056) ~~~~~~~~~~
  File "/opt/hostedtoolcache/Python/3.11.13/x64/lib/python3.11/threading.py", line 1002, in _bootstrap
    self._bootstrap_inner()
  File "/opt/hostedtoolcache/Python/3.11.13/x64/lib/python3.11/threading.py", line 1045, in _bootstrap_inner
    self.run()
  File "/opt/hostedtoolcache/Python/3.11.13/x64/lib/python3.11/threading.py", line 982, in run
    self._target(*self._args, **self._kwargs)
  File "/home/runner/work/py-libp2p/py-libp2p/libp2p/tools/timed_cache/base_timed_cache.py", line 29, in _background_cleanup
    while not self._stop_event.wait(self.sweep_interval):
  File "/opt/hostedtoolcache/Python/3.11.13/x64/lib/python3.11/threading.py", line 629, in wait
    signaled = self._cond.wait(timeout)
  File "/opt/hostedtoolcache/Python/3.11.13/x64/lib/python3.11/threading.py", line 331, in wait
    gotit = waiter.acquire(True, timeout)
~~~~~~~~~~ Stack of Thread-40 (_background_cleanup) (140617816434368) ~~~~~~~~~~
  File "/opt/hostedtoolcache/Python/3.11.13/x64/lib/python3.11/threading.py", line 1002, in _bootstrap
    self._bootstrap_inner()
  File "/opt/hostedtoolcache/Python/3.11.13/x64/lib/python3.11/threading.py", line 1045, in _bootstrap_inner
    self.run()
  File "/opt/hostedtoolcache/Python/3.11.13/x64/lib/python3.11/threading.py", line 982, in run
    self._target(*self._args, **self._kwargs)
  File "/home/runner/work/py-libp2p/py-libp2p/libp2p/tools/timed_cache/base_timed_cache.py", line 29, in _background_cleanup
    while not self._stop_event.wait(self.sweep_interval):
  File "/opt/hostedtoolcache/Python/3.11.13/x64/lib/python3.11/threading.py", line 629, in wait
    signaled = self._cond.wait(timeout)
  File "/opt/hostedtoolcache/Python/3.11.13/x64/lib/python3.11/threading.py", line 331, in wait
    gotit = waiter.acquire(True, timeout)
~~~~~~~~~~ Stack of Thread-39 (_background_cleanup) (140617833215680) ~~~~~~~~~~
  File "/opt/hostedtoolcache/Python/3.11.13/x64/lib/python3.11/threading.py", line 1002, in _bootstrap
    self._bootstrap_inner()
  File "/opt/hostedtoolcache/Python/3.11.13/x64/lib/python3.11/threading.py", line 1045, in _bootstrap_inner
    self.run()
  File "/opt/hostedtoolcache/Python/3.11.13/x64/lib/python3.11/threading.py", line 982, in run
    self._target(*self._args, **self._kwargs)
  File "/home/runner/work/py-libp2p/py-libp2p/libp2p/tools/timed_cache/base_timed_cache.py", line 29, in _background_cleanup
    while not self._stop_event.wait(self.sweep_interval):
  File "/opt/hostedtoolcache/Python/3.11.13/x64/lib/python3.11/threading.py", line 629, in wait
    signaled = self._cond.wait(timeout)
  File "/opt/hostedtoolcache/Python/3.11.13/x64/lib/python3.11/threading.py", line 331, in wait
    gotit = waiter.acquire(True, timeout)
~~~~~~~~~~ Stack of Thread-38 (_background_cleanup) (140617849996992) ~~~~~~~~~~
  File "/opt/hostedtoolcache/Python/3.11.13/x64/lib/python3.11/threading.py", line 1002, in _bootstrap
    self._bootstrap_inner()
  File "/opt/hostedtoolcache/Python/3.11.13/x64/lib/python3.11/threading.py", line 1045, in _bootstrap_inner
    self.run()
  File "/opt/hostedtoolcache/Python/3.11.13/x64/lib/python3.11/threading.py", line 982, in run
    self._target(*self._args, **self._kwargs)
  File "/home/runner/work/py-libp2p/py-libp2p/libp2p/tools/timed_cache/base_timed_cache.py", line 29, in _background_cleanup
    while not self._stop_event.wait(self.sweep_interval):
  File "/opt/hostedtoolcache/Python/3.11.13/x64/lib/python3.11/threading.py", line 629, in wait
    signaled = self._cond.wait(timeout)
  File "/opt/hostedtoolcache/Python/3.11.13/x64/lib/python3.11/threading.py", line 331, in wait
    gotit = waiter.acquire(True, timeout)
~~~~~~~~~~ Stack of Thread-37 (_background_cleanup) (140617866778304) ~~~~~~~~~~
  File "/opt/hostedtoolcache/Python/3.11.13/x64/lib/python3.11/threading.py", line 1002, in _bootstrap
    self._bootstrap_inner()
  File "/opt/hostedtoolcache/Python/3.11.13/x64/lib/python3.11/threading.py", line 1045, in _bootstrap_inner
    self.run()
  File "/opt/hostedtoolcache/Python/3.11.13/x64/lib/python3.11/threading.py", line 982, in run
    self._target(*self._args, **self._kwargs)
  File "/home/runner/work/py-libp2p/py-libp2p/libp2p/tools/timed_cache/base_timed_cache.py", line 29, in _background_cleanup
    while not self._stop_event.wait(self.sweep_interval):
  File "/opt/hostedtoolcache/Python/3.11.13/x64/lib/python3.11/threading.py", line 629, in wait
    signaled = self._cond.wait(timeout)
  File "/opt/hostedtoolcache/Python/3.11.13/x64/lib/python3.11/threading.py", line 331, in wait
    gotit = waiter.acquire(True, timeout)
~~~~~~~~~~ Stack of Thread-36 (_background_cleanup) (140617883559616) ~~~~~~~~~~
  File "/opt/hostedtoolcache/Python/3.11.13/x64/lib/python3.11/threading.py", line 1002, in _bootstrap
    self._bootstrap_inner()
  File "/opt/hostedtoolcache/Python/3.11.13/x64/lib/python3.11/threading.py", line 1045, in _bootstrap_inner
    self.run()
  File "/opt/hostedtoolcache/Python/3.11.13/x64/lib/python3.11/threading.py", line 982, in run
    self._target(*self._args, **self._kwargs)
  File "/home/runner/work/py-libp2p/py-libp2p/libp2p/tools/timed_cache/base_timed_cache.py", line 29, in _background_cleanup
    while not self._stop_event.wait(self.sweep_interval):
  File "/opt/hostedtoolcache/Python/3.11.13/x64/lib/python3.11/threading.py", line 629, in wait
    signaled = self._cond.wait(timeout)
  File "/opt/hostedtoolcache/Python/3.11.13/x64/lib/python3.11/threading.py", line 331, in wait
    gotit = waiter.acquire(True, timeout)
~~~~~~~~~~ Stack of Thread-35 (_background_cleanup) (140617900340928) ~~~~~~~~~~
  File "/opt/hostedtoolcache/Python/3.11.13/x64/lib/python3.11/threading.py", line 1002, in _bootstrap
    self._bootstrap_inner()
  File "/opt/hostedtoolcache/Python/3.11.13/x64/lib/python3.11/threading.py", line 1045, in _bootstrap_inner
    self.run()
  File "/opt/hostedtoolcache/Python/3.11.13/x64/lib/python3.11/threading.py", line 982, in run
    self._target(*self._args, **self._kwargs)
  File "/home/runner/work/py-libp2p/py-libp2p/libp2p/tools/timed_cache/base_timed_cache.py", line 29, in _background_cleanup
    while not self._stop_event.wait(self.sweep_interval):
  File "/opt/hostedtoolcache/Python/3.11.13/x64/lib/python3.11/threading.py", line 629, in wait
    signaled = self._cond.wait(timeout)
  File "/opt/hostedtoolcache/Python/3.11.13/x64/lib/python3.11/threading.py", line 331, in wait
    gotit = waiter.acquire(True, timeout)
~~~~~~~~~~ Stack of Thread-34 (_background_cleanup) (140617917122240) ~~~~~~~~~~
  File "/opt/hostedtoolcache/Python/3.11.13/x64/lib/python3.11/threading.py", line 1002, in _bootstrap
    self._bootstrap_inner()
  File "/opt/hostedtoolcache/Python/3.11.13/x64/lib/python3.11/threading.py", line 1045, in _bootstrap_inner
    self.run()
  File "/opt/hostedtoolcache/Python/3.11.13/x64/lib/python3.11/threading.py", line 982, in run
    self._target(*self._args, **self._kwargs)
  File "/home/runner/work/py-libp2p/py-libp2p/libp2p/tools/timed_cache/base_timed_cache.py", line 29, in _background_cleanup
    while not self._stop_event.wait(self.sweep_interval):
  File "/opt/hostedtoolcache/Python/3.11.13/x64/lib/python3.11/threading.py", line 629, in wait
    signaled = self._cond.wait(timeout)
  File "/opt/hostedtoolcache/Python/3.11.13/x64/lib/python3.11/threading.py", line 331, in wait
    gotit = waiter.acquire(True, timeout)
~~~~~~~~~~ Stack of Thread-33 (_background_cleanup) (140617933903552) ~~~~~~~~~~
  File "/opt/hostedtoolcache/Python/3.11.13/x64/lib/python3.11/threading.py", line 1002, in _bootstrap
    self._bootstrap_inner()
  File "/opt/hostedtoolcache/Python/3.11.13/x64/lib/python3.11/threading.py", line 1045, in _bootstrap_inner
    self.run()
  File "/opt/hostedtoolcache/Python/3.11.13/x64/lib/python3.11/threading.py", line 982, in run
    self._target(*self._args, **self._kwargs)
  File "/home/runner/work/py-libp2p/py-libp2p/libp2p/tools/timed_cache/base_timed_cache.py", line 29, in _background_cleanup
    while not self._stop_event.wait(self.sweep_interval):
  File "/opt/hostedtoolcache/Python/3.11.13/x64/lib/python3.11/threading.py", line 629, in wait
    signaled = self._cond.wait(timeout)
  File "/opt/hostedtoolcache/Python/3.11.13/x64/lib/python3.11/threading.py", line 331, in wait
    gotit = waiter.acquire(True, timeout)
~~~~~~~~~~ Stack of Thread-32 (_background_cleanup) (140617950684864) ~~~~~~~~~~
  File "/opt/hostedtoolcache/Python/3.11.13/x64/lib/python3.11/threading.py", line 1002, in _bootstrap
    self._bootstrap_inner()
  File "/opt/hostedtoolcache/Python/3.11.13/x64/lib/python3.11/threading.py", line 1045, in _bootstrap_inner
    self.run()
  File "/opt/hostedtoolcache/Python/3.11.13/x64/lib/python3.11/threading.py", line 982, in run
    self._target(*self._args, **self._kwargs)
  File "/home/runner/work/py-libp2p/py-libp2p/libp2p/tools/timed_cache/base_timed_cache.py", line 29, in _background_cleanup
    while not self._stop_event.wait(self.sweep_interval):
  File "/opt/hostedtoolcache/Python/3.11.13/x64/lib/python3.11/threading.py", line 629, in wait
    signaled = self._cond.wait(timeout)
  File "/opt/hostedtoolcache/Python/3.11.13/x64/lib/python3.11/threading.py", line 331, in wait
    gotit = waiter.acquire(True, timeout)
~~~~~~~~~~ Stack of Thread-31 (_background_cleanup) (140617967466176) ~~~~~~~~~~
  File "/opt/hostedtoolcache/Python/3.11.13/x64/lib/python3.11/threading.py", line 1002, in _bootstrap
    self._bootstrap_inner()
  File "/opt/hostedtoolcache/Python/3.11.13/x64/lib/python3.11/threading.py", line 1045, in _bootstrap_inner
    self.run()
  File "/opt/hostedtoolcache/Python/3.11.13/x64/lib/python3.11/threading.py", line 982, in run
    self._target(*self._args, **self._kwargs)
  File "/home/runner/work/py-libp2p/py-libp2p/libp2p/tools/timed_cache/base_timed_cache.py", line 29, in _background_cleanup
    while not self._stop_event.wait(self.sweep_interval):
  File "/opt/hostedtoolcache/Python/3.11.13/x64/lib/python3.11/threading.py", line 629, in wait
    signaled = self._cond.wait(timeout)
  File "/opt/hostedtoolcache/Python/3.11.13/x64/lib/python3.11/threading.py", line 331, in wait
    gotit = waiter.acquire(True, timeout)
~~~~~~~~~~ Stack of Thread-30 (_background_cleanup) (140618202339008) ~~~~~~~~~~
  File "/opt/hostedtoolcache/Python/3.11.13/x64/lib/python3.11/threading.py", line 1002, in _bootstrap
    self._bootstrap_inner()
  File "/opt/hostedtoolcache/Python/3.11.13/x64/lib/python3.11/threading.py", line 1045, in _bootstrap_inner
    self.run()
  File "/opt/hostedtoolcache/Python/3.11.13/x64/lib/python3.11/threading.py", line 982, in run
    self._target(*self._args, **self._kwargs)
  File "/home/runner/work/py-libp2p/py-libp2p/libp2p/tools/timed_cache/base_timed_cache.py", line 29, in _background_cleanup
    while not self._stop_event.wait(self.sweep_interval):
  File "/opt/hostedtoolcache/Python/3.11.13/x64/lib/python3.11/threading.py", line 629, in wait
    signaled = self._cond.wait(timeout)
  File "/opt/hostedtoolcache/Python/3.11.13/x64/lib/python3.11/threading.py", line 331, in wait
    gotit = waiter.acquire(True, timeout)
~~~~~~~~~~ Stack of Thread-29 (_background_cleanup) (140618219120320) ~~~~~~~~~~
  File "/opt/hostedtoolcache/Python/3.11.13/x64/lib/python3.11/threading.py", line 1002, in _bootstrap
    self._bootstrap_inner()
  File "/opt/hostedtoolcache/Python/3.11.13/x64/lib/python3.11/threading.py", line 1045, in _bootstrap_inner
    self.run()
  File "/opt/hostedtoolcache/Python/3.11.13/x64/lib/python3.11/threading.py", line 982, in run
    self._target(*self._args, **self._kwargs)
  File "/home/runner/work/py-libp2p/py-libp2p/libp2p/tools/timed_cache/base_timed_cache.py", line 29, in _background_cleanup
    while not self._stop_event.wait(self.sweep_interval):
  File "/opt/hostedtoolcache/Python/3.11.13/x64/lib/python3.11/threading.py", line 629, in wait
    signaled = self._cond.wait(timeout)
  File "/opt/hostedtoolcache/Python/3.11.13/x64/lib/python3.11/threading.py", line 331, in wait
    gotit = waiter.acquire(True, timeout)
~~~~~~~~~~ Stack of Thread-28 (_background_cleanup) (140618235901632) ~~~~~~~~~~
  File "/opt/hostedtoolcache/Python/3.11.13/x64/lib/python3.11/threading.py", line 1002, in _bootstrap
    self._bootstrap_inner()
  File "/opt/hostedtoolcache/Python/3.11.13/x64/lib/python3.11/threading.py", line 1045, in _bootstrap_inner
    self.run()
  File "/opt/hostedtoolcache/Python/3.11.13/x64/lib/python3.11/threading.py", line 982, in run
    self._target(*self._args, **self._kwargs)
  File "/home/runner/work/py-libp2p/py-libp2p/libp2p/tools/timed_cache/base_timed_cache.py", line 29, in _background_cleanup
    while not self._stop_event.wait(self.sweep_interval):
  File "/opt/hostedtoolcache/Python/3.11.13/x64/lib/python3.11/threading.py", line 629, in wait
    signaled = self._cond.wait(timeout)
  File "/opt/hostedtoolcache/Python/3.11.13/x64/lib/python3.11/threading.py", line 331, in wait
    gotit = waiter.acquire(True, timeout)
~~~~~~~~~~ Stack of Thread-27 (_background_cleanup) (140618470774464) ~~~~~~~~~~
  File "/opt/hostedtoolcache/Python/3.11.13/x64/lib/python3.11/threading.py", line 1002, in _bootstrap
    self._bootstrap_inner()
  File "/opt/hostedtoolcache/Python/3.11.13/x64/lib/python3.11/threading.py", line 1045, in _bootstrap_inner
    self.run()
  File "/opt/hostedtoolcache/Python/3.11.13/x64/lib/python3.11/threading.py", line 982, in run
    self._target(*self._args, **self._kwargs)
  File "/home/runner/work/py-libp2p/py-libp2p/libp2p/tools/timed_cache/base_timed_cache.py", line 29, in _background_cleanup
    while not self._stop_event.wait(self.sweep_interval):
  File "/opt/hostedtoolcache/Python/3.11.13/x64/lib/python3.11/threading.py", line 629, in wait
    signaled = self._cond.wait(timeout)
  File "/opt/hostedtoolcache/Python/3.11.13/x64/lib/python3.11/threading.py", line 331, in wait
    gotit = waiter.acquire(True, timeout)
~~~~~~~~~~ Stack of Thread-26 (_background_cleanup) (140618487555776) ~~~~~~~~~~
  File "/opt/hostedtoolcache/Python/3.11.13/x64/lib/python3.11/threading.py", line 1002, in _bootstrap
    self._bootstrap_inner()
  File "/opt/hostedtoolcache/Python/3.11.13/x64/lib/python3.11/threading.py", line 1045, in _bootstrap_inner
    self.run()
  File "/opt/hostedtoolcache/Python/3.11.13/x64/lib/python3.11/threading.py", line 982, in run
    self._target(*self._args, **self._kwargs)
  File "/home/runner/work/py-libp2p/py-libp2p/libp2p/tools/timed_cache/base_timed_cache.py", line 29, in _background_cleanup
    while not self._stop_event.wait(self.sweep_interval):
  File "/opt/hostedtoolcache/Python/3.11.13/x64/lib/python3.11/threading.py", line 629, in wait
    signaled = self._cond.wait(timeout)
  File "/opt/hostedtoolcache/Python/3.11.13/x64/lib/python3.11/threading.py", line 331, in wait
    gotit = waiter.acquire(True, timeout)
~~~~~~~~~~ Stack of Thread-25 (_background_cleanup) (140618504337088) ~~~~~~~~~~
  File "/opt/hostedtoolcache/Python/3.11.13/x64/lib/python3.11/threading.py", line 1002, in _bootstrap
    self._bootstrap_inner()
  File "/opt/hostedtoolcache/Python/3.11.13/x64/lib/python3.11/threading.py", line 1045, in _bootstrap_inner
    self.run()
  File "/opt/hostedtoolcache/Python/3.11.13/x64/lib/python3.11/threading.py", line 982, in run
    self._target(*self._args, **self._kwargs)
  File "/home/runner/work/py-libp2p/py-libp2p/libp2p/tools/timed_cache/base_timed_cache.py", line 29, in _background_cleanup
    while not self._stop_event.wait(self.sweep_interval):
  File "/opt/hostedtoolcache/Python/3.11.13/x64/lib/python3.11/threading.py", line 629, in wait
    signaled = self._cond.wait(timeout)
  File "/opt/hostedtoolcache/Python/3.11.13/x64/lib/python3.11/threading.py", line 331, in wait
    gotit = waiter.acquire(True, timeout)
~~~~~~~~~~ Stack of Thread-24 (_background_cleanup) (140618739209920) ~~~~~~~~~~
  File "/opt/hostedtoolcache/Python/3.11.13/x64/lib/python3.11/threading.py", line 1002, in _bootstrap
    self._bootstrap_inner()
  File "/opt/hostedtoolcache/Python/3.11.13/x64/lib/python3.11/threading.py", line 1045, in _bootstrap_inner
    self.run()
  File "/opt/hostedtoolcache/Python/3.11.13/x64/lib/python3.11/threading.py", line 982, in run
    self._target(*self._args, **self._kwargs)
  File "/home/runner/work/py-libp2p/py-libp2p/libp2p/tools/timed_cache/base_timed_cache.py", line 29, in _background_cleanup
    while not self._stop_event.wait(self.sweep_interval):
  File "/opt/hostedtoolcache/Python/3.11.13/x64/lib/python3.11/threading.py", line 629, in wait
    signaled = self._cond.wait(timeout)
  File "/opt/hostedtoolcache/Python/3.11.13/x64/lib/python3.11/threading.py", line 331, in wait
    gotit = waiter.acquire(True, timeout)
~~~~~~~~~~ Stack of Thread-23 (_background_cleanup) (140618755991232) ~~~~~~~~~~
  File "/opt/hostedtoolcache/Python/3.11.13/x64/lib/python3.11/threading.py", line 1002, in _bootstrap
    self._bootstrap_inner()
  File "/opt/hostedtoolcache/Python/3.11.13/x64/lib/python3.11/threading.py", line 1045, in _bootstrap_inner
    self.run()
  File "/opt/hostedtoolcache/Python/3.11.13/x64/lib/python3.11/threading.py", line 982, in run
    self._target(*self._args, **self._kwargs)
  File "/home/runner/work/py-libp2p/py-libp2p/libp2p/tools/timed_cache/base_timed_cache.py", line 29, in _background_cleanup
    while not self._stop_event.wait(self.sweep_interval):
  File "/opt/hostedtoolcache/Python/3.11.13/x64/lib/python3.11/threading.py", line 629, in wait
    signaled = self._cond.wait(timeout)
  File "/opt/hostedtoolcache/Python/3.11.13/x64/lib/python3.11/threading.py", line 331, in wait
    gotit = waiter.acquire(True, timeout)
~~~~~~~~~~ Stack of Thread-22 (_background_cleanup) (140618772772544) ~~~~~~~~~~
  File "/opt/hostedtoolcache/Python/3.11.13/x64/lib/python3.11/threading.py", line 1002, in _bootstrap
    self._bootstrap_inner()
  File "/opt/hostedtoolcache/Python/3.11.13/x64/lib/python3.11/threading.py", line 1045, in _bootstrap_inner
    self.run()
  File "/opt/hostedtoolcache/Python/3.11.13/x64/lib/python3.11/threading.py", line 982, in run
    self._target(*self._args, **self._kwargs)
  File "/home/runner/work/py-libp2p/py-libp2p/libp2p/tools/timed_cache/base_timed_cache.py", line 29, in _background_cleanup
    while not self._stop_event.wait(self.sweep_interval):
  File "/opt/hostedtoolcache/Python/3.11.13/x64/lib/python3.11/threading.py", line 629, in wait
    signaled = self._cond.wait(timeout)
  File "/opt/hostedtoolcache/Python/3.11.13/x64/lib/python3.11/threading.py", line 331, in wait
    gotit = waiter.acquire(True, timeout)
~~~~~~~~~~ Stack of Thread-21 (_background_cleanup) (140619007645376) ~~~~~~~~~~
  File "/opt/hostedtoolcache/Python/3.11.13/x64/lib/python3.11/threading.py", line 1002, in _bootstrap
    self._bootstrap_inner()
  File "/opt/hostedtoolcache/Python/3.11.13/x64/lib/python3.11/threading.py", line 1045, in _bootstrap_inner
    self.run()
  File "/opt/hostedtoolcache/Python/3.11.13/x64/lib/python3.11/threading.py", line 982, in run
    self._target(*self._args, **self._kwargs)
  File "/home/runner/work/py-libp2p/py-libp2p/libp2p/tools/timed_cache/base_timed_cache.py", line 29, in _background_cleanup
    while not self._stop_event.wait(self.sweep_interval):
  File "/opt/hostedtoolcache/Python/3.11.13/x64/lib/python3.11/threading.py", line 629, in wait
    signaled = self._cond.wait(timeout)
  File "/opt/hostedtoolcache/Python/3.11.13/x64/lib/python3.11/threading.py", line 331, in wait
    gotit = waiter.acquire(True, timeout)
~~~~~~~~~~ Stack of Thread-20 (_background_cleanup) (140619024426688) ~~~~~~~~~~
  File "/opt/hostedtoolcache/Python/3.11.13/x64/lib/python3.11/threading.py", line 1002, in _bootstrap
    self._bootstrap_inner()
  File "/opt/hostedtoolcache/Python/3.11.13/x64/lib/python3.11/threading.py", line 1045, in _bootstrap_inner
    self.run()
  File "/opt/hostedtoolcache/Python/3.11.13/x64/lib/python3.11/threading.py", line 982, in run
    self._target(*self._args, **self._kwargs)
  File "/home/runner/work/py-libp2p/py-libp2p/libp2p/tools/timed_cache/base_timed_cache.py", line 29, in _background_cleanup
    while not self._stop_event.wait(self.sweep_interval):
  File "/opt/hostedtoolcache/Python/3.11.13/x64/lib/python3.11/threading.py", line 629, in wait
    signaled = self._cond.wait(timeout)
  File "/opt/hostedtoolcache/Python/3.11.13/x64/lib/python3.11/threading.py", line 331, in wait
    gotit = waiter.acquire(True, timeout)
~~~~~~~~~~ Stack of Thread-19 (_background_cleanup) (140619041208000) ~~~~~~~~~~
  File "/opt/hostedtoolcache/Python/3.11.13/x64/lib/python3.11/threading.py", line 1002, in _bootstrap
    self._bootstrap_inner()
  File "/opt/hostedtoolcache/Python/3.11.13/x64/lib/python3.11/threading.py", line 1045, in _bootstrap_inner
    self.run()
  File "/opt/hostedtoolcache/Python/3.11.13/x64/lib/python3.11/threading.py", line 982, in run
    self._target(*self._args, **self._kwargs)
  File "/home/runner/work/py-libp2p/py-libp2p/libp2p/tools/timed_cache/base_timed_cache.py", line 29, in _background_cleanup
    while not self._stop_event.wait(self.sweep_interval):
  File "/opt/hostedtoolcache/Python/3.11.13/x64/lib/python3.11/threading.py", line 629, in wait
    signaled = self._cond.wait(timeout)
  File "/opt/hostedtoolcache/Python/3.11.13/x64/lib/python3.11/threading.py", line 331, in wait
    gotit = waiter.acquire(True, timeout)
~~~~~~~~~~ Stack of Thread-18 (_background_cleanup) (140619276080832) ~~~~~~~~~~
  File "/opt/hostedtoolcache/Python/3.11.13/x64/lib/python3.11/threading.py", line 1002, in _bootstrap
    self._bootstrap_inner()
  File "/opt/hostedtoolcache/Python/3.11.13/x64/lib/python3.11/threading.py", line 1045, in _bootstrap_inner
    self.run()
  File "/opt/hostedtoolcache/Python/3.11.13/x64/lib/python3.11/threading.py", line 982, in run
    self._target(*self._args, **self._kwargs)
  File "/home/runner/work/py-libp2p/py-libp2p/libp2p/tools/timed_cache/base_timed_cache.py", line 29, in _background_cleanup
    while not self._stop_event.wait(self.sweep_interval):
  File "/opt/hostedtoolcache/Python/3.11.13/x64/lib/python3.11/threading.py", line 629, in wait
    signaled = self._cond.wait(timeout)
  File "/opt/hostedtoolcache/Python/3.11.13/x64/lib/python3.11/threading.py", line 331, in wait
    gotit = waiter.acquire(True, timeout)
~~~~~~~~~~ Stack of Thread-17 (_background_cleanup) (140619292862144) ~~~~~~~~~~
  File "/opt/hostedtoolcache/Python/3.11.13/x64/lib/python3.11/threading.py", line 1002, in _bootstrap
    self._bootstrap_inner()
  File "/opt/hostedtoolcache/Python/3.11.13/x64/lib/python3.11/threading.py", line 1045, in _bootstrap_inner
    self.run()
  File "/opt/hostedtoolcache/Python/3.11.13/x64/lib/python3.11/threading.py", line 982, in run
    self._target(*self._args, **self._kwargs)
  File "/home/runner/work/py-libp2p/py-libp2p/libp2p/tools/timed_cache/base_timed_cache.py", line 29, in _background_cleanup
    while not self._stop_event.wait(self.sweep_interval):
  File "/opt/hostedtoolcache/Python/3.11.13/x64/lib/python3.11/threading.py", line 629, in wait
    signaled = self._cond.wait(timeout)
  File "/opt/hostedtoolcache/Python/3.11.13/x64/lib/python3.11/threading.py", line 331, in wait
    gotit = waiter.acquire(True, timeout)
~~~~~~~~~~ Stack of Thread-16 (_background_cleanup) (140619309643456) ~~~~~~~~~~
  File "/opt/hostedtoolcache/Python/3.11.13/x64/lib/python3.11/threading.py", line 1002, in _bootstrap
    self._bootstrap_inner()
  File "/opt/hostedtoolcache/Python/3.11.13/x64/lib/python3.11/threading.py", line 1045, in _bootstrap_inner
    self.run()
  File "/opt/hostedtoolcache/Python/3.11.13/x64/lib/python3.11/threading.py", line 982, in run
    self._target(*self._args, **self._kwargs)
  File "/home/runner/work/py-libp2p/py-libp2p/libp2p/tools/timed_cache/base_timed_cache.py", line 29, in _background_cleanup
    while not self._stop_event.wait(self.sweep_interval):
  File "/opt/hostedtoolcache/Python/3.11.13/x64/lib/python3.11/threading.py", line 629, in wait
    signaled = self._cond.wait(timeout)
  File "/opt/hostedtoolcache/Python/3.11.13/x64/lib/python3.11/threading.py", line 331, in wait
    gotit = waiter.acquire(True, timeout)
~~~~~~~~~~ Stack of Thread-15 (_background_cleanup) (140619544516288) ~~~~~~~~~~
  File "/opt/hostedtoolcache/Python/3.11.13/x64/lib/python3.11/threading.py", line 1002, in _bootstrap
    self._bootstrap_inner()
  File "/opt/hostedtoolcache/Python/3.11.13/x64/lib/python3.11/threading.py", line 1045, in _bootstrap_inner
    self.run()
  File "/opt/hostedtoolcache/Python/3.11.13/x64/lib/python3.11/threading.py", line 982, in run
    self._target(*self._args, **self._kwargs)
  File "/home/runner/work/py-libp2p/py-libp2p/libp2p/tools/timed_cache/base_timed_cache.py", line 29, in _background_cleanup
    while not self._stop_event.wait(self.sweep_interval):
  File "/opt/hostedtoolcache/Python/3.11.13/x64/lib/python3.11/threading.py", line 629, in wait
    signaled = self._cond.wait(timeout)
  File "/opt/hostedtoolcache/Python/3.11.13/x64/lib/python3.11/threading.py", line 331, in wait
    gotit = waiter.acquire(True, timeout)
~~~~~~~~~~ Stack of Thread-14 (_background_cleanup) (140619561297600) ~~~~~~~~~~
  File "/opt/hostedtoolcache/Python/3.11.13/x64/lib/python3.11/threading.py", line 1002, in _bootstrap
    self._bootstrap_inner()
  File "/opt/hostedtoolcache/Python/3.11.13/x64/lib/python3.11/threading.py", line 1045, in _bootstrap_inner
    self.run()
  File "/opt/hostedtoolcache/Python/3.11.13/x64/lib/python3.11/threading.py", line 982, in run
    self._target(*self._args, **self._kwargs)
  File "/home/runner/work/py-libp2p/py-libp2p/libp2p/tools/timed_cache/base_timed_cache.py", line 29, in _background_cleanup
    while not self._stop_event.wait(self.sweep_interval):
  File "/opt/hostedtoolcache/Python/3.11.13/x64/lib/python3.11/threading.py", line 629, in wait
    signaled = self._cond.wait(timeout)
  File "/opt/hostedtoolcache/Python/3.11.13/x64/lib/python3.11/threading.py", line 331, in wait
    gotit = waiter.acquire(True, timeout)
~~~~~~~~~~ Stack of Thread-13 (_background_cleanup) (140619578078912) ~~~~~~~~~~
  File "/opt/hostedtoolcache/Python/3.11.13/x64/lib/python3.11/threading.py", line 1002, in _bootstrap
    self._bootstrap_inner()
  File "/opt/hostedtoolcache/Python/3.11.13/x64/lib/python3.11/threading.py", line 1045, in _bootstrap_inner
    self.run()
  File "/opt/hostedtoolcache/Python/3.11.13/x64/lib/python3.11/threading.py", line 982, in run
    self._target(*self._args, **self._kwargs)
  File "/home/runner/work/py-libp2p/py-libp2p/libp2p/tools/timed_cache/base_timed_cache.py", line 29, in _background_cleanup
    while not self._stop_event.wait(self.sweep_interval):
  File "/opt/hostedtoolcache/Python/3.11.13/x64/lib/python3.11/threading.py", line 629, in wait
    signaled = self._cond.wait(timeout)
  File "/opt/hostedtoolcache/Python/3.11.13/x64/lib/python3.11/threading.py", line 331, in wait
    gotit = waiter.acquire(True, timeout)
~~~~~~~~~~ Stack of Thread-12 (_background_cleanup) (140619812951744) ~~~~~~~~~~
  File "/opt/hostedtoolcache/Python/3.11.13/x64/lib/python3.11/threading.py", line 1002, in _bootstrap
    self._bootstrap_inner()
  File "/opt/hostedtoolcache/Python/3.11.13/x64/lib/python3.11/threading.py", line 1045, in _bootstrap_inner
    self.run()
  File "/opt/hostedtoolcache/Python/3.11.13/x64/lib/python3.11/threading.py", line 982, in run
    self._target(*self._args, **self._kwargs)
  File "/home/runner/work/py-libp2p/py-libp2p/libp2p/tools/timed_cache/base_timed_cache.py", line 29, in _background_cleanup
    while not self._stop_event.wait(self.sweep_interval):
  File "/opt/hostedtoolcache/Python/3.11.13/x64/lib/python3.11/threading.py", line 629, in wait
    signaled = self._cond.wait(timeout)
  File "/opt/hostedtoolcache/Python/3.11.13/x64/lib/python3.11/threading.py", line 331, in wait
    gotit = waiter.acquire(True, timeout)
~~~~~~~~~~ Stack of Thread-11 (_background_cleanup) (140619829733056) ~~~~~~~~~~
  File "/opt/hostedtoolcache/Python/3.11.13/x64/lib/python3.11/threading.py", line 1002, in _bootstrap
    self._bootstrap_inner()
  File "/opt/hostedtoolcache/Python/3.11.13/x64/lib/python3.11/threading.py", line 1045, in _bootstrap_inner
    self.run()
  File "/opt/hostedtoolcache/Python/3.11.13/x64/lib/python3.11/threading.py", line 982, in run
    self._target(*self._args, **self._kwargs)
  File "/home/runner/work/py-libp2p/py-libp2p/libp2p/tools/timed_cache/base_timed_cache.py", line 29, in _background_cleanup
    while not self._stop_event.wait(self.sweep_interval):
  File "/opt/hostedtoolcache/Python/3.11.13/x64/lib/python3.11/threading.py", line 629, in wait
    signaled = self._cond.wait(timeout)
  File "/opt/hostedtoolcache/Python/3.11.13/x64/lib/python3.11/threading.py", line 331, in wait
    gotit = waiter.acquire(True, timeout)
~~~~~~~~~~ Stack of Thread-10 (_background_cleanup) (140619846514368) ~~~~~~~~~~
  File "/opt/hostedtoolcache/Python/3.11.13/x64/lib/python3.11/threading.py", line 1002, in _bootstrap
    self._bootstrap_inner()
  File "/opt/hostedtoolcache/Python/3.11.13/x64/lib/python3.11/threading.py", line 1045, in _bootstrap_inner
    self.run()
  File "/opt/hostedtoolcache/Python/3.11.13/x64/lib/python3.11/threading.py", line 982, in run
    self._target(*self._args, **self._kwargs)
  File "/home/runner/work/py-libp2p/py-libp2p/libp2p/tools/timed_cache/base_timed_cache.py", line 29, in _background_cleanup
    while not self._stop_event.wait(self.sweep_interval):
  File "/opt/hostedtoolcache/Python/3.11.13/x64/lib/python3.11/threading.py", line 629, in wait
    signaled = self._cond.wait(timeout)
  File "/opt/hostedtoolcache/Python/3.11.13/x64/lib/python3.11/threading.py", line 331, in wait
    gotit = waiter.acquire(True, timeout)
~~~~~~~~~~ Stack of Thread-9 (_background_cleanup) (140620081387200) ~~~~~~~~~~~
  File "/opt/hostedtoolcache/Python/3.11.13/x64/lib/python3.11/threading.py", line 1002, in _bootstrap
    self._bootstrap_inner()
  File "/opt/hostedtoolcache/Python/3.11.13/x64/lib/python3.11/threading.py", line 1045, in _bootstrap_inner
    self.run()
  File "/opt/hostedtoolcache/Python/3.11.13/x64/lib/python3.11/threading.py", line 982, in run
    self._target(*self._args, **self._kwargs)
  File "/home/runner/work/py-libp2p/py-libp2p/libp2p/tools/timed_cache/base_timed_cache.py", line 29, in _background_cleanup
    while not self._stop_event.wait(self.sweep_interval):
  File "/opt/hostedtoolcache/Python/3.11.13/x64/lib/python3.11/threading.py", line 629, in wait
    signaled = self._cond.wait(timeout)
  File "/opt/hostedtoolcache/Python/3.11.13/x64/lib/python3.11/threading.py", line 331, in wait
    gotit = waiter.acquire(True, timeout)
~~~~~~~~~~ Stack of Thread-8 (_background_cleanup) (140620098168512) ~~~~~~~~~~~
  File "/opt/hostedtoolcache/Python/3.11.13/x64/lib/python3.11/threading.py", line 1002, in _bootstrap
    self._bootstrap_inner()
  File "/opt/hostedtoolcache/Python/3.11.13/x64/lib/python3.11/threading.py", line 1045, in _bootstrap_inner
    self.run()
  File "/opt/hostedtoolcache/Python/3.11.13/x64/lib/python3.11/threading.py", line 982, in run
    self._target(*self._args, **self._kwargs)
  File "/home/runner/work/py-libp2p/py-libp2p/libp2p/tools/timed_cache/base_timed_cache.py", line 29, in _background_cleanup
    while not self._stop_event.wait(self.sweep_interval):
  File "/opt/hostedtoolcache/Python/3.11.13/x64/lib/python3.11/threading.py", line 629, in wait
    signaled = self._cond.wait(timeout)
  File "/opt/hostedtoolcache/Python/3.11.13/x64/lib/python3.11/threading.py", line 331, in wait
    gotit = waiter.acquire(True, timeout)
~~~~~~~~~~ Stack of Thread-7 (_background_cleanup) (140620114949824) ~~~~~~~~~~~
  File "/opt/hostedtoolcache/Python/3.11.13/x64/lib/python3.11/threading.py", line 1002, in _bootstrap
    self._bootstrap_inner()
  File "/opt/hostedtoolcache/Python/3.11.13/x64/lib/python3.11/threading.py", line 1045, in _bootstrap_inner
    self.run()
  File "/opt/hostedtoolcache/Python/3.11.13/x64/lib/python3.11/threading.py", line 982, in run
    self._target(*self._args, **self._kwargs)
  File "/home/runner/work/py-libp2p/py-libp2p/libp2p/tools/timed_cache/base_timed_cache.py", line 29, in _background_cleanup
    while not self._stop_event.wait(self.sweep_interval):
  File "/opt/hostedtoolcache/Python/3.11.13/x64/lib/python3.11/threading.py", line 629, in wait
    signaled = self._cond.wait(timeout)
  File "/opt/hostedtoolcache/Python/3.11.13/x64/lib/python3.11/threading.py", line 331, in wait
    gotit = waiter.acquire(True, timeout)
~~~~~~~~~~ Stack of Thread-6 (_background_cleanup) (140620349822656) ~~~~~~~~~~~
  File "/opt/hostedtoolcache/Python/3.11.13/x64/lib/python3.11/threading.py", line 1002, in _bootstrap
    self._bootstrap_inner()
  File "/opt/hostedtoolcache/Python/3.11.13/x64/lib/python3.11/threading.py", line 1045, in _bootstrap_inner
    self.run()
  File "/opt/hostedtoolcache/Python/3.11.13/x64/lib/python3.11/threading.py", line 982, in run
    self._target(*self._args, **self._kwargs)
  File "/home/runner/work/py-libp2p/py-libp2p/libp2p/tools/timed_cache/base_timed_cache.py", line 29, in _background_cleanup
    while not self._stop_event.wait(self.sweep_interval):
  File "/opt/hostedtoolcache/Python/3.11.13/x64/lib/python3.11/threading.py", line 629, in wait
    signaled = self._cond.wait(timeout)
  File "/opt/hostedtoolcache/Python/3.11.13/x64/lib/python3.11/threading.py", line 331, in wait
    gotit = waiter.acquire(True, timeout)
~~~~~~~~~~ Stack of Thread-5 (_background_cleanup) (140620366603968) ~~~~~~~~~~~
  File "/opt/hostedtoolcache/Python/3.11.13/x64/lib/python3.11/threading.py", line 1002, in _bootstrap
    self._bootstrap_inner()
  File "/opt/hostedtoolcache/Python/3.11.13/x64/lib/python3.11/threading.py", line 1045, in _bootstrap_inner
    self.run()
  File "/opt/hostedtoolcache/Python/3.11.13/x64/lib/python3.11/threading.py", line 982, in run
    self._target(*self._args, **self._kwargs)
  File "/home/runner/work/py-libp2p/py-libp2p/libp2p/tools/timed_cache/base_timed_cache.py", line 29, in _background_cleanup
    while not self._stop_event.wait(self.sweep_interval):
  File "/opt/hostedtoolcache/Python/3.11.13/x64/lib/python3.11/threading.py", line 629, in wait
    signaled = self._cond.wait(timeout)
  File "/opt/hostedtoolcache/Python/3.11.13/x64/lib/python3.11/threading.py", line 331, in wait
    gotit = waiter.acquire(True, timeout)
~~~~~~~~~~ Stack of Thread-4 (_background_cleanup) (140620383385280) ~~~~~~~~~~~
  File "/opt/hostedtoolcache/Python/3.11.13/x64/lib/python3.11/threading.py", line 1002, in _bootstrap
    self._bootstrap_inner()
  File "/opt/hostedtoolcache/Python/3.11.13/x64/lib/python3.11/threading.py", line 1045, in _bootstrap_inner
    self.run()
  File "/opt/hostedtoolcache/Python/3.11.13/x64/lib/python3.11/threading.py", line 982, in run
    self._target(*self._args, **self._kwargs)
  File "/home/runner/work/py-libp2p/py-libp2p/libp2p/tools/timed_cache/base_timed_cache.py", line 29, in _background_cleanup
    while not self._stop_event.wait(self.sweep_interval):
  File "/opt/hostedtoolcache/Python/3.11.13/x64/lib/python3.11/threading.py", line 629, in wait
    signaled = self._cond.wait(timeout)
  File "/opt/hostedtoolcache/Python/3.11.13/x64/lib/python3.11/threading.py", line 331, in wait
    gotit = waiter.acquire(True, timeout)
~~~~~~~~~~ Stack of Thread-3 (_background_cleanup) (140620608493248) ~~~~~~~~~~~
  File "/opt/hostedtoolcache/Python/3.11.13/x64/lib/python3.11/threading.py", line 1002, in _bootstrap
    self._bootstrap_inner()
  File "/opt/hostedtoolcache/Python/3.11.13/x64/lib/python3.11/threading.py", line 1045, in _bootstrap_inner
    self.run()
  File "/opt/hostedtoolcache/Python/3.11.13/x64/lib/python3.11/threading.py", line 982, in run
    self._target(*self._args, **self._kwargs)
  File "/home/runner/work/py-libp2p/py-libp2p/libp2p/tools/timed_cache/base_timed_cache.py", line 29, in _background_cleanup
    while not self._stop_event.wait(self.sweep_interval):
  File "/opt/hostedtoolcache/Python/3.11.13/x64/lib/python3.11/threading.py", line 629, in wait
    signaled = self._cond.wait(timeout)
  File "/opt/hostedtoolcache/Python/3.11.13/x64/lib/python3.11/threading.py", line 331, in wait
    gotit = waiter.acquire(True, timeout)
~~~~~~~~~~ Stack of Thread-2 (_background_cleanup) (140620625290944) ~~~~~~~~~~~
  File "/opt/hostedtoolcache/Python/3.11.13/x64/lib/python3.11/threading.py", line 1002, in _bootstrap
    self._bootstrap_inner()
  File "/opt/hostedtoolcache/Python/3.11.13/x64/lib/python3.11/threading.py", line 1045, in _bootstrap_inner
    self.run()
  File "/opt/hostedtoolcache/Python/3.11.13/x64/lib/python3.11/threading.py", line 982, in run
    self._target(*self._args, **self._kwargs)
  File "/home/runner/work/py-libp2p/py-libp2p/libp2p/tools/timed_cache/base_timed_cache.py", line 29, in _background_cleanup
    while not self._stop_event.wait(self.sweep_interval):
  File "/opt/hostedtoolcache/Python/3.11.13/x64/lib/python3.11/threading.py", line 629, in wait
    signaled = self._cond.wait(timeout)
  File "/opt/hostedtoolcache/Python/3.11.13/x64/lib/python3.11/threading.py", line 331, in wait
    gotit = waiter.acquire(True, timeout)
~~~~~~~~~~ Stack of Thread-1 (_background_cleanup) (140620642072256) ~~~~~~~~~~~
  File "/opt/hostedtoolcache/Python/3.11.13/x64/lib/python3.11/threading.py", line 1002, in _bootstrap
    self._bootstrap_inner()
  File "/opt/hostedtoolcache/Python/3.11.13/x64/lib/python3.11/threading.py", line 1045, in _bootstrap_inner
    self.run()
  File "/opt/hostedtoolcache/Python/3.11.13/x64/lib/python3.11/threading.py", line 982, in run
    self._target(*self._args, **self._kwargs)
  File "/home/runner/work/py-libp2p/py-libp2p/libp2p/tools/timed_cache/base_timed_cache.py", line 29, in _background_cleanup
    while not self._stop_event.wait(self.sweep_interval):
  File "/opt/hostedtoolcache/Python/3.11.13/x64/lib/python3.11/threading.py", line 629, in wait
    signaled = self._cond.wait(timeout)
  File "/opt/hostedtoolcache/Python/3.11.13/x64/lib/python3.11/threading.py", line 331, in wait
    gotit = waiter.acquire(True, timeout)
~~~~~~~~~~~~~~~~~~~~~ Stack of <unknown> (140620790232768) ~~~~~~~~~~~~~~~~~~~~~
  File "/home/runner/work/py-libp2p/py-libp2p/.tox/py311-core/lib/python3.11/site-packages/execnet/gateway_base.py", line 411, in _perform_spawn
    reply.run()
  File "/home/runner/work/py-libp2p/py-libp2p/.tox/py311-core/lib/python3.11/site-packages/execnet/gateway_base.py", line 341, in run
    self._result = func(*args, **kwargs)
  File "/home/runner/work/py-libp2p/py-libp2p/.tox/py311-core/lib/python3.11/site-packages/execnet/gateway_base.py", line 1160, in _thread_receiver
    msg = Message.from_io(io)
  File "/home/runner/work/py-libp2p/py-libp2p/.tox/py311-core/lib/python3.11/site-packages/execnet/gateway_base.py", line 567, in from_io
    header = io.read(9)  # type 1, channel 4, payload 4
  File "/home/runner/work/py-libp2p/py-libp2p/.tox/py311-core/lib/python3.11/site-packages/execnet/gateway_base.py", line 534, in read
    data = self._read(numbytes - len(buf))
+++++++++++++++++++++++++++++++++++ Timeout ++++++++++++++++++++++++++++++++++++
------------------------------ Captured log call -------------------------------
ERROR  07-16 14:44:09              yamux.py  Error in handle_incoming for peer 12D3KooWDyoy3i87APyhAETdWydxenPo2dDuDuAw7C45Y82vXLDT: TypeError: can't extend bytearray with NoneType
   ERROR  07-16 14:44:09              yamux.py  Error in handle_incoming for peer 12D3KooWDyoy3i87APyhAETdWydxenPo2dDuDuAw7C45Y82vXLDT: TypeError: can't extend bytearray with NoneType
   ERROR  07-16 14:44:11              yamux.py  Error in handle_incoming for peer 12D3KooWDyoy3i87APyhAETdWydxenPo2dDuDuAw7C45Y82vXLDT: TypeError: can't extend bytearray with NoneType
   ERROR  07-16 14:44:11              yamux.py  Error in handle_incoming for peer 12D3KooWDyoy3i87APyhAETdWydxenPo2dDuDuAw7C45Y82vXLDT: TypeError: can't extend bytearray with NoneType
   ERROR  07-16 14:44:13              yamux.py  Error in handle_incoming for peer 12D3KooWDyoy3i87APyhAETdWydxenPo2dDuDuAw7C45Y82vXLDT: TypeError: can't extend bytearray with NoneType
   ERROR  07-16 14:44:13              yamux.py  Error in handle_incoming for peer 12D3KooWDyoy3i87APyhAETdWydxenPo2dDuDuAw7C45Y82vXLDT: TypeError: can't extend bytearray with NoneType
   ERROR  07-16 14:44:15              yamux.py  Error in handle_incoming for peer 12D3KooWDyoy3i87APyhAETdWydxenPo2dDuDuAw7C45Y82vXLDT: TypeError: can't extend bytearray with NoneType
   ERROR  07-16 14:44:15              yamux.py  Error in handle_incoming for peer 12D3KooWDyoy3i87APyhAETdWydxenPo2dDuDuAw7C45Y82vXLDT: TypeError: can't extend bytearray with NoneType
   ERROR  07-16 14:44:17              yamux.py  Error in handle_incoming for peer 12D3KooWDyoy3i87APyhAETdWydxenPo2dDuDuAw7C45Y82vXLDT: TypeError: can't extend bytearray with NoneType
   ERROR  07-16 14:44:17              yamux.py  Error in handle_incoming for peer 12D3KooWDyoy3i87APyhAETdWydxenPo2dDuDuAw7C45Y82vXLDT: TypeError: can't extend bytearray with NoneType
   ERROR  07-16 14:44:19              yamux.py  Error in handle_incoming for peer 12D3KooWDyoy3i87APyhAETdWydxenPo2dDuDuAw7C45Y82vXLDT: TypeError: can't extend bytearray with NoneType
   ERROR  07-16 14:44:19              yamux.py  Error in handle_incoming for peer 12D3KooWDyoy3i87APyhAETdWydxenPo2dDuDuAw7C45Y82vXLDT: TypeError: can't extend bytearray with NoneType
   ERROR  07-16 14:44:21              yamux.py  Error in handle_incoming for peer 12D3KooWDyoy3i87APyhAETdWydxenPo2dDuDuAw7C45Y82vXLDT: TypeError: can't extend bytearray with NoneType
   ERROR  07-16 14:44:21              yamux.py  Error in handle_incoming for peer 12D3KooWDyoy3i87APyhAETdWydxenPo2dDuDuAw7C45Y82vXLDT: TypeError: can't extend bytearray with NoneType
   ERROR  07-16 14:44:23              yamux.py  Error in handle_incoming for peer 12D3KooWDyoy3i87APyhAETdWydxenPo2dDuDuAw7C45Y82vXLDT: TypeError: can't extend bytearray with NoneType
   ERROR  07-16 14:44:23              yamux.py  Error in handle_incoming for peer 12D3KooWDyoy3i87APyhAETdWydxenPo2dDuDuAw7C45Y82vXLDT: TypeError: can't extend bytearray with NoneType
   ERROR  07-16 14:44:25              yamux.py  Error in handle_incoming for peer 12D3KooWDyoy3i87APyhAETdWydxenPo2dDuDuAw7C45Y82vXLDT: TypeError: can't extend bytearray with NoneType
   ERROR  07-16 14:44:25              yamux.py  Error in handle_incoming for peer 12D3KooWDyoy3i87APyhAETdWydxenPo2dDuDuAw7C45Y82vXLDT: TypeError: can't extend bytearray with NoneType
   ERROR  07-16 14:44:27              yamux.py  Error in handle_incoming for peer 12D3KooWDyoy3i87APyhAETdWydxenPo2dDuDuAw7C45Y82vXLDT: TypeError: can't extend bytearray with NoneType
   ERROR  07-16 14:44:27              yamux.py  Error in handle_incoming for peer 12D3KooWDyoy3i87APyhAETdWydxenPo2dDuDuAw7C45Y82vXLDT: TypeError: can't extend bytearray with NoneType
   ERROR  07-16 14:44:29              yamux.py  Error in handle_incoming for peer 12D3KooWDyoy3i87APyhAETdWydxenPo2dDuDuAw7C45Y82vXLDT: TypeError: can't extend bytearray with NoneType
   ERROR  07-16 14:44:29              yamux.py  Error in handle_incoming for peer 12D3KooWDyoy3i87APyhAETdWydxenPo2dDuDuAw7C45Y82vXLDT: TypeError: can't extend bytearray with NoneType
   ERROR  07-16 14:44:31              yamux.py  Error in handle_incoming for peer 12D3KooWDyoy3i87APyhAETdWydxenPo2dDuDuAw7C45Y82vXLDT: TypeError: can't extend bytearray with NoneType
   ERROR  07-16 14:44:31              yamux.py  Error in handle_incoming for peer 12D3KooWDyoy3i87APyhAETdWydxenPo2dDuDuAw7C45Y82vXLDT: TypeError: can't extend bytearray with NoneType
   ERROR  07-16 14:44:33              yamux.py  Error in handle_incoming for peer 12D3KooWDyoy3i87APyhAETdWydxenPo2dDuDuAw7C45Y82vXLDT: TypeError: can't extend bytearray with NoneType
   ERROR  07-16 14:44:33              yamux.py  Error in handle_incoming for peer 12D3KooWDyoy3i87APyhAETdWydxenPo2dDuDuAw7C45Y82vXLDT: TypeError: can't extend bytearray with NoneType
   ERROR  07-16 14:44:35              yamux.py  Error in handle_incoming for peer 12D3KooWDyoy3i87APyhAETdWydxenPo2dDuDuAw7C45Y82vXLDT: TypeError: can't extend bytearray with NoneType
   ERROR  07-16 14:44:35              yamux.py  Error in handle_incoming for peer 12D3KooWDyoy3i87APyhAETdWydxenPo2dDuDuAw7C45Y82vXLDT: TypeError: can't extend bytearray with NoneType
   ERROR  07-16 14:44:37              yamux.py  Error in handle_incoming for peer 12D3KooWDyoy3i87APyhAETdWydxenPo2dDuDuAw7C45Y82vXLDT: TypeError: can't extend bytearray with NoneType
   ERROR  07-16 14:44:37              yamux.py  Error in handle_incoming for peer 12D3KooWDyoy3i87APyhAETdWydxenPo2dDuDuAw7C45Y82vXLDT: TypeError: can't extend bytearray with NoneType
   ERROR  07-16 14:44:39              yamux.py  Error in handle_incoming for peer 12D3KooWDyoy3i87APyhAETdWydxenPo2dDuDuAw7C45Y82vXLDT: TypeError: can't extend bytearray with NoneType
   ERROR  07-16 14:44:39              yamux.py  Error in handle_incoming for peer 12D3KooWDyoy3i87APyhAETdWydxenPo2dDuDuAw7C45Y82vXLDT: TypeError: can't extend bytearray with NoneType
   ERROR  07-16 14:44:41              yamux.py  Error in handle_incoming for peer 12D3KooWDyoy3i87APyhAETdWydxenPo2dDuDuAw7C45Y82vXLDT: TypeError: can't extend bytearray with NoneType
   ERROR  07-16 14:44:41              yamux.py  Error in handle_incoming for peer 12D3KooWDyoy3i87APyhAETdWydxenPo2dDuDuAw7C45Y82vXLDT: TypeError: can't extend bytearray with NoneType
   ERROR  07-16 14:44:43              yamux.py  Error in handle_incoming for peer 12D3KooWDyoy3i87APyhAETdWydxenPo2dDuDuAw7C45Y82vXLDT: TypeError: can't extend bytearray with NoneType
   ERROR  07-16 14:44:43              yamux.py  Error in handle_incoming for peer 12D3KooWDyoy3i87APyhAETdWydxenPo2dDuDuAw7C45Y82vXLDT: TypeError: can't extend bytearray with NoneType
   ERROR  07-16 14:44:45              yamux.py  Error in handle_incoming for peer 12D3KooWDyoy3i87APyhAETdWydxenPo2dDuDuAw7C45Y82vXLDT: TypeError: can't extend bytearray with NoneType
   ERROR  07-16 14:44:45              yamux.py  Error in handle_incoming for peer 12D3KooWDyoy3i87APyhAETdWydxenPo2dDuDuAw7C45Y82vXLDT: TypeError: can't extend bytearray with NoneType
   ERROR  07-16 14:44:47              yamux.py  Error in handle_incoming for peer 12D3KooWDyoy3i87APyhAETdWydxenPo2dDuDuAw7C45Y82vXLDT: TypeError: can't extend bytearray with NoneType
   ERROR  07-16 14:44:47              yamux.py  Error in handle_incoming for peer 12D3KooWDyoy3i87APyhAETdWydxenPo2dDuDuAw7C45Y82vXLDT: TypeError: can't extend bytearray with NoneType
   ERROR  07-16 14:44:49              yamux.py  Error in handle_incoming for peer 12D3KooWDyoy3i87APyhAETdWydxenPo2dDuDuAw7C45Y82vXLDT: TypeError: can't extend bytearray with NoneType
   ERROR  07-16 14:44:49              yamux.py  Error in handle_incoming for peer 12D3KooWDyoy3i87APyhAETdWydxenPo2dDuDuAw7C45Y82vXLDT: TypeError: can't extend bytearray with NoneType
   ERROR  07-16 14:44:51              yamux.py  Error in handle_incoming for peer 12D3KooWDyoy3i87APyhAETdWydxenPo2dDuDuAw7C45Y82vXLDT: TypeError: can't extend bytearray with NoneType
   ERROR  07-16 14:44:51              yamux.py  Error in handle_incoming for peer 12D3KooWDyoy3i87APyhAETdWydxenPo2dDuDuAw7C45Y82vXLDT: TypeError: can't extend bytearray with NoneType
   ERROR  07-16 14:44:53              yamux.py  Error in handle_incoming for peer 12D3KooWDyoy3i87APyhAETdWydxenPo2dDuDuAw7C45Y82vXLDT: TypeError: can't extend bytearray with NoneType
   ERROR  07-16 14:44:53              yamux.py  Error in handle_incoming for peer 12D3KooWDyoy3i87APyhAETdWydxenPo2dDuDuAw7C45Y82vXLDT: TypeError: can't extend bytearray with NoneType
   ERROR  07-16 14:44:55              yamux.py  Error in handle_incoming for peer 12D3KooWDyoy3i87APyhAETdWydxenPo2dDuDuAw7C45Y82vXLDT: TypeError: can't extend bytearray with NoneType
   ERROR  07-16 14:44:55              yamux.py  Error in handle_incoming for peer 12D3KooWDyoy3i87APyhAETdWydxenPo2dDuDuAw7C45Y82vXLDT: TypeError: can't extend bytearray with NoneType
   ERROR  07-16 14:44:57              yamux.py  Error in handle_incoming for peer 12D3KooWDyoy3i87APyhAETdWydxenPo2dDuDuAw7C45Y82vXLDT: TypeError: can't extend bytearray with NoneType
   ERROR  07-16 14:44:57              yamux.py  Error in handle_incoming for peer 12D3KooWDyoy3i87APyhAETdWydxenPo2dDuDuAw7C45Y82vXLDT: TypeError: can't extend bytearray with NoneType
   ERROR  07-16 14:44:59              yamux.py  Error in handle_incoming for peer 12D3KooWDyoy3i87APyhAETdWydxenPo2dDuDuAw7C45Y82vXLDT: TypeError: can't extend bytearray with NoneType
   ERROR  07-16 14:44:59              yamux.py  Error in handle_incoming for peer 12D3KooWDyoy3i87APyhAETdWydxenPo2dDuDuAw7C45Y82vXLDT: TypeError: can't extend bytearray with NoneType
   ERROR  07-16 14:45:01              yamux.py  Error in handle_incoming for peer 12D3KooWDyoy3i87APyhAETdWydxenPo2dDuDuAw7C45Y82vXLDT: TypeError: can't extend bytearray with NoneType
   ERROR  07-16 14:45:01              yamux.py  Error in handle_incoming for peer 12D3KooWDyoy3i87APyhAETdWydxenPo2dDuDuAw7C45Y82vXLDT: TypeError: can't extend bytearray with NoneType
   ERROR  07-16 14:45:03              yamux.py  Error in handle_incoming for peer 12D3KooWDyoy3i87APyhAETdWydxenPo2dDuDuAw7C45Y82vXLDT: TypeError: can't extend bytearray with NoneType
   ERROR  07-16 14:45:03              yamux.py  Error in handle_incoming for peer 12D3KooWDyoy3i87APyhAETdWydxenPo2dDuDuAw7C45Y82vXLDT: TypeError: can't extend bytearray with NoneType
   ERROR  07-16 14:45:05              yamux.py  Error in handle_incoming for peer 12D3KooWDyoy3i87APyhAETdWydxenPo2dDuDuAw7C45Y82vXLDT: TypeError: can't extend bytearray with NoneType
   ERROR  07-16 14:45:05              yamux.py  Error in handle_incoming for peer 12D3KooWDyoy3i87APyhAETdWydxenPo2dDuDuAw7C45Y82vXLDT: TypeError: can't extend bytearray with NoneType
   ERROR  07-16 14:45:07              yamux.py  Error in handle_incoming for peer 12D3KooWDyoy3i87APyhAETdWydxenPo2dDuDuAw7C45Y82vXLDT: TypeError: can't extend bytearray with NoneType
   ERROR  07-16 14:45:07              yamux.py  Error in handle_incoming for peer 12D3KooWDyoy3i87APyhAETdWydxenPo2dDuDuAw7C45Y82vXLDT: TypeError: can't extend bytearray with NoneType
   ERROR  07-16 14:45:09              yamux.py  Error in handle_incoming for peer 12D3KooWDyoy3i87APyhAETdWydxenPo2dDuDuAw7C45Y82vXLDT: TypeError: can't extend bytearray with NoneType
   ERROR  07-16 14:45:09              yamux.py  Error in handle_incoming for peer 12D3KooWDyoy3i87APyhAETdWydxenPo2dDuDuAw7C45Y82vXLDT: TypeError: can't extend bytearray with NoneType
   ERROR  07-16 14:45:11              yamux.py  Error in handle_incoming for peer 12D3KooWDyoy3i87APyhAETdWydxenPo2dDuDuAw7C45Y82vXLDT: TypeError: can't extend bytearray with NoneType
   ERROR  07-16 14:45:11              yamux.py  Error in handle_incoming for peer 12D3KooWDyoy3i87APyhAETdWydxenPo2dDuDuAw7C45Y82vXLDT: TypeError: can't extend bytearray with NoneType
   ERROR  07-16 14:45:13              yamux.py  Error in handle_incoming for peer 12D3KooWDyoy3i87APyhAETdWydxenPo2dDuDuAw7C45Y82vXLDT: TypeError: can't extend bytearray with NoneType
   ERROR  07-16 14:45:13              yamux.py  Error in handle_incoming for peer 12D3KooWDyoy3i87APyhAETdWydxenPo2dDuDuAw7C45Y82vXLDT: TypeError: can't extend bytearray with NoneType
   ERROR  07-16 14:45:15              yamux.py  Error in handle_incoming for peer 12D3KooWDyoy3i87APyhAETdWydxenPo2dDuDuAw7C45Y82vXLDT: TypeError: can't extend bytearray with NoneType
   ERROR  07-16 14:45:15              yamux.py  Error in handle_incoming for peer 12D3KooWDyoy3i87APyhAETdWydxenPo2dDuDuAw7C45Y82vXLDT: TypeError: can't extend bytearray with NoneType
   ERROR  07-16 14:45:17              yamux.py  Error in handle_incoming for peer 12D3KooWDyoy3i87APyhAETdWydxenPo2dDuDuAw7C45Y82vXLDT: TypeError: can't extend bytearray with NoneType
   ERROR  07-16 14:45:17              yamux.py  Error in handle_incoming for peer 12D3KooWDyoy3i87APyhAETdWydxenPo2dDuDuAw7C45Y82vXLDT: TypeError: can't extend bytearray with NoneType
   ERROR  07-16 14:45:19              yamux.py  Error in handle_incoming for peer 12D3KooWDyoy3i87APyhAETdWydxenPo2dDuDuAw7C45Y82vXLDT: TypeError: can't extend bytearray with NoneType
   ERROR  07-16 14:45:19              yamux.py  Error in handle_incoming for peer 12D3KooWDyoy3i87APyhAETdWydxenPo2dDuDuAw7C45Y82vXLDT: TypeError: can't extend bytearray with NoneType
   ERROR  07-16 14:45:21              yamux.py  Error in handle_incoming for peer 12D3KooWDyoy3i87APyhAETdWydxenPo2dDuDuAw7C45Y82vXLDT: TypeError: can't extend bytearray with NoneType
   ERROR  07-16 14:45:21              yamux.py  Error in handle_incoming for peer 12D3KooWDyoy3i87APyhAETdWydxenPo2dDuDuAw7C45Y82vXLDT: TypeError: can't extend bytearray with NoneType
   ERROR  07-16 14:45:23              yamux.py  Error in handle_incoming for peer 12D3KooWDyoy3i87APyhAETdWydxenPo2dDuDuAw7C45Y82vXLDT: TypeError: can't extend bytearray with NoneType
   ERROR  07-16 14:45:23              yamux.py  Error in handle_incoming for peer 12D3KooWDyoy3i87APyhAETdWydxenPo2dDuDuAw7C45Y82vXLDT: TypeError: can't extend bytearray with NoneType
   ERROR  07-16 14:45:25              yamux.py  Error in handle_incoming for peer 12D3KooWDyoy3i87APyhAETdWydxenPo2dDuDuAw7C45Y82vXLDT: TypeError: can't extend bytearray with NoneType
   ERROR  07-16 14:45:25              yamux.py  Error in handle_incoming for peer 12D3KooWDyoy3i87APyhAETdWydxenPo2dDuDuAw7C45Y82vXLDT: TypeError: can't extend bytearray with NoneType
   ERROR  07-16 14:45:27              yamux.py  Error in handle_incoming for peer 12D3KooWDyoy3i87APyhAETdWydxenPo2dDuDuAw7C45Y82vXLDT: TypeError: can't extend bytearray with NoneType
   ERROR  07-16 14:45:27              yamux.py  Error in handle_incoming for peer 12D3KooWDyoy3i87APyhAETdWydxenPo2dDuDuAw7C45Y82vXLDT: TypeError: can't extend bytearray with NoneType
   ERROR  07-16 14:45:29              yamux.py  Error in handle_incoming for peer 12D3KooWDyoy3i87APyhAETdWydxenPo2dDuDuAw7C45Y82vXLDT: TypeError: can't extend bytearray with NoneType
   ERROR  07-16 14:45:29              yamux.py  Error in handle_incoming for peer 12D3KooWDyoy3i87APyhAETdWydxenPo2dDuDuAw7C45Y82vXLDT: TypeError: can't extend bytearray with NoneType
   ERROR  07-16 14:45:31              yamux.py  Error in handle_incoming for peer 12D3KooWDyoy3i87APyhAETdWydxenPo2dDuDuAw7C45Y82vXLDT: TypeError: can't extend bytearray with NoneType
   ERROR  07-16 14:45:31              yamux.py  Error in handle_incoming for peer 12D3KooWDyoy3i87APyhAETdWydxenPo2dDuDuAw7C45Y82vXLDT: TypeError: can't extend bytearray with NoneType
   ERROR  07-16 14:45:33              yamux.py  Error in handle_incoming for peer 12D3KooWDyoy3i87APyhAETdWydxenPo2dDuDuAw7C45Y82vXLDT: TypeError: can't extend bytearray with NoneType
   ERROR  07-16 14:45:33              yamux.py  Error in handle_incoming for peer 12D3KooWDyoy3i87APyhAETdWydxenPo2dDuDuAw7C45Y82vXLDT: TypeError: can't extend bytearray with NoneType
   ERROR  07-16 14:45:35              yamux.py  Error in handle_incoming for peer 12D3KooWDyoy3i87APyhAETdWydxenPo2dDuDuAw7C45Y82vXLDT: TypeError: can't extend bytearray with NoneType
   ERROR  07-16 14:45:35              yamux.py  Error in handle_incoming for peer 12D3KooWDyoy3i87APyhAETdWydxenPo2dDuDuAw7C45Y82vXLDT: TypeError: can't extend bytearray with NoneType
   ERROR  07-16 14:45:37              yamux.py  Error in handle_incoming for peer 12D3KooWDyoy3i87APyhAETdWydxenPo2dDuDuAw7C45Y82vXLDT: TypeError: can't extend bytearray with NoneType
   ERROR  07-16 14:45:37              yamux.py  Error in handle_incoming for peer 12D3KooWDyoy3i87APyhAETdWydxenPo2dDuDuAw7C45Y82vXLDT: TypeError: can't extend bytearray with NoneType
   ERROR  07-16 14:45:39              yamux.py  Error in handle_incoming for peer 12D3KooWDyoy3i87APyhAETdWydxenPo2dDuDuAw7C45Y82vXLDT: TypeError: can't extend bytearray with NoneType
   ERROR  07-16 14:45:39              yamux.py  Error in handle_incoming for peer 12D3KooWDyoy3i87APyhAETdWydxenPo2dDuDuAw7C45Y82vXLDT: TypeError: can't extend bytearray with NoneType
   ERROR  07-16 14:45:41              yamux.py  Error in handle_incoming for peer 12D3KooWDyoy3i87APyhAETdWydxenPo2dDuDuAw7C45Y82vXLDT: TypeError: can't extend bytearray with NoneType
   ERROR  07-16 14:45:41              yamux.py  Error in handle_incoming for peer 12D3KooWDyoy3i87APyhAETdWydxenPo2dDuDuAw7C45Y82vXLDT: TypeError: can't extend bytearray with NoneType
   ERROR  07-16 14:45:43              yamux.py  Error in handle_incoming for peer 12D3KooWDyoy3i87APyhAETdWydxenPo2dDuDuAw7C45Y82vXLDT: TypeError: can't extend bytearray with NoneType
   ERROR  07-16 14:45:43              yamux.py  Error in handle_incoming for peer 12D3KooWDyoy3i87APyhAETdWydxenPo2dDuDuAw7C45Y82vXLDT: TypeError: can't extend bytearray with NoneType
   ERROR  07-16 14:45:45              yamux.py  Error in handle_incoming for peer 12D3KooWDyoy3i87APyhAETdWydxenPo2dDuDuAw7C45Y82vXLDT: TypeError: can't extend bytearray with NoneType
   ERROR  07-16 14:45:45              yamux.py  Error in handle_incoming for peer 12D3KooWDyoy3i87APyhAETdWydxenPo2dDuDuAw7C45Y82vXLDT: TypeError: can't extend bytearray with NoneType
   ERROR  07-16 14:45:47              yamux.py  Error in handle_incoming for peer 12D3KooWDyoy3i87APyhAETdWydxenPo2dDuDuAw7C45Y82vXLDT: TypeError: can't extend bytearray with NoneType
   ERROR  07-16 14:45:47              yamux.py  Error in handle_incoming for peer 12D3KooWDyoy3i87APyhAETdWydxenPo2dDuDuAw7C45Y82vXLDT: TypeError: can't extend bytearray with NoneType
   ERROR  07-16 14:45:49              yamux.py  Error in handle_incoming for peer 12D3KooWDyoy3i87APyhAETdWydxenPo2dDuDuAw7C45Y82vXLDT: TypeError: can't extend bytearray with NoneType
   ERROR  07-16 14:45:49              yamux.py  Error in handle_incoming for peer 12D3KooWDyoy3i87APyhAETdWydxenPo2dDuDuAw7C45Y82vXLDT: TypeError: can't extend bytearray with NoneType
   ERROR  07-16 14:45:51              yamux.py  Error in handle_incoming for peer 12D3KooWDyoy3i87APyhAETdWydxenPo2dDuDuAw7C45Y82vXLDT: TypeError: can't extend bytearray with NoneType
   ERROR  07-16 14:45:51              yamux.py  Error in handle_incoming for peer 12D3KooWDyoy3i87APyhAETdWydxenPo2dDuDuAw7C45Y82vXLDT: TypeError: can't extend bytearray with NoneType
   ERROR  07-16 14:45:53              yamux.py  Error in handle_incoming for peer 12D3KooWDyoy3i87APyhAETdWydxenPo2dDuDuAw7C45Y82vXLDT: TypeError: can't extend bytearray with NoneType
   ERROR  07-16 14:45:53              yamux.py  Error in handle_incoming for peer 12D3KooWDyoy3i87APyhAETdWydxenPo2dDuDuAw7C45Y82vXLDT: TypeError: can't extend bytearray with NoneType
   ERROR  07-16 14:45:55              yamux.py  Error in handle_incoming for peer 12D3KooWDyoy3i87APyhAETdWydxenPo2dDuDuAw7C45Y82vXLDT: TypeError: can't extend bytearray with NoneType
   ERROR  07-16 14:45:55              yamux.py  Error in handle_incoming for peer 12D3KooWDyoy3i87APyhAETdWydxenPo2dDuDuAw7C45Y82vXLDT: TypeError: can't extend bytearray with NoneType
   ERROR  07-16 14:45:57              yamux.py  Error in handle_incoming for peer 12D3KooWDyoy3i87APyhAETdWydxenPo2dDuDuAw7C45Y82vXLDT: TypeError: can't extend bytearray with NoneType
   ERROR  07-16 14:45:57              yamux.py  Error in handle_incoming for peer 12D3KooWDyoy3i87APyhAETdWydxenPo2dDuDuAw7C45Y82vXLDT: TypeError: can't extend bytearray with NoneType
   ERROR  07-16 14:45:59              yamux.py  Error in handle_incoming for peer 12D3KooWDyoy3i87APyhAETdWydxenPo2dDuDuAw7C45Y82vXLDT: TypeError: can't extend bytearray with NoneType
   ERROR  07-16 14:45:59              yamux.py  Error in handle_incoming for peer 12D3KooWDyoy3i87APyhAETdWydxenPo2dDuDuAw7C45Y82vXLDT: TypeError: can't extend bytearray with NoneType
   ERROR  07-16 14:46:01              yamux.py  Error in handle_incoming for peer 12D3KooWDyoy3i87APyhAETdWydxenPo2dDuDuAw7C45Y82vXLDT: TypeError: can't extend bytearray with NoneType
   ERROR  07-16 14:46:01              yamux.py  Error in handle_incoming for peer 12D3KooWDyoy3i87APyhAETdWydxenPo2dDuDuAw7C45Y82vXLDT: TypeError: can't extend bytearray with NoneType
   ERROR  07-16 14:46:03              yamux.py  Error in handle_incoming for peer 12D3KooWDyoy3i87APyhAETdWydxenPo2dDuDuAw7C45Y82vXLDT: TypeError: can't extend bytearray with NoneType
   ERROR  07-16 14:46:03              yamux.py  Error in handle_incoming for peer 12D3KooWDyoy3i87APyhAETdWydxenPo2dDuDuAw7C45Y82vXLDT: TypeError: can't extend bytearray with NoneType
   ERROR  07-16 14:46:05              yamux.py  Error in handle_incoming for peer 12D3KooWDyoy3i87APyhAETdWydxenPo2dDuDuAw7C45Y82vXLDT: TypeError: can't extend bytearray with NoneType
   ERROR  07-16 14:46:05              yamux.py  Error in handle_incoming for peer 12D3KooWDyoy3i87APyhAETdWydxenPo2dDuDuAw7C45Y82vXLDT: TypeError: can't extend bytearray with NoneType
   ERROR  07-16 14:46:07              yamux.py  Error in handle_incoming for peer 12D3KooWDyoy3i87APyhAETdWydxenPo2dDuDuAw7C45Y82vXLDT: TypeError: can't extend bytearray with NoneType
   ERROR  07-16 14:46:07              yamux.py  Error in handle_incoming for peer 12D3KooWDyoy3i87APyhAETdWydxenPo2dDuDuAw7C45Y82vXLDT: TypeError: can't extend bytearray with NoneType
   ERROR  07-16 14:46:10              yamux.py  Error in handle_incoming for peer 12D3KooWDyoy3i87APyhAETdWydxenPo2dDuDuAw7C45Y82vXLDT: TypeError: can't extend bytearray with NoneType
   ERROR  07-16 14:46:10              yamux.py  Error in handle_incoming for peer 12D3KooWDyoy3i87APyhAETdWydxenPo2dDuDuAw7C45Y82vXLDT: TypeError: can't extend bytearray with NoneType
   ERROR  07-16 14:46:12              yamux.py  Error in handle_incoming for peer 12D3KooWDyoy3i87APyhAETdWydxenPo2dDuDuAw7C45Y82vXLDT: TypeError: can't extend bytearray with NoneType
   ERROR  07-16 14:46:12              yamux.py  Error in handle_incoming for peer 12D3KooWDyoy3i87APyhAETdWydxenPo2dDuDuAw7C45Y82vXLDT: TypeError: can't extend bytearray with NoneType
   ERROR  07-16 14:46:14              yamux.py  Error in handle_incoming for peer 12D3KooWDyoy3i87APyhAETdWydxenPo2dDuDuAw7C45Y82vXLDT: TypeError: can't extend bytearray with NoneType
   ERROR  07-16 14:46:14              yamux.py  Error in handle_incoming for peer 12D3KooWDyoy3i87APyhAETdWydxenPo2dDuDuAw7C45Y82vXLDT: TypeError: can't extend bytearray with NoneType
   ERROR  07-16 14:46:16              yamux.py  Error in handle_incoming for peer 12D3KooWDyoy3i87APyhAETdWydxenPo2dDuDuAw7C45Y82vXLDT: TypeError: can't extend bytearray with NoneType
   ERROR  07-16 14:46:16              yamux.py  Error in handle_incoming for peer 12D3KooWDyoy3i87APyhAETdWydxenPo2dDuDuAw7C45Y82vXLDT: TypeError: can't extend bytearray with NoneType
   ERROR  07-16 14:46:18              yamux.py  Error in handle_incoming for peer 12D3KooWDyoy3i87APyhAETdWydxenPo2dDuDuAw7C45Y82vXLDT: TypeError: can't extend bytearray with NoneType
   ERROR  07-16 14:46:18              yamux.py  Error in handle_incoming for peer 12D3KooWDyoy3i87APyhAETdWydxenPo2dDuDuAw7C45Y82vXLDT: TypeError: can't extend bytearray with NoneType
   ERROR  07-16 14:46:20              yamux.py  Error in handle_incoming for peer 12D3KooWDyoy3i87APyhAETdWydxenPo2dDuDuAw7C45Y82vXLDT: TypeError: can't extend bytearray with NoneType
   ERROR  07-16 14:46:20              yamux.py  Error in handle_incoming for peer 12D3KooWDyoy3i87APyhAETdWydxenPo2dDuDuAw7C45Y82vXLDT: TypeError: can't extend bytearray with NoneType
   ERROR  07-16 14:46:22              yamux.py  Error in handle_incoming for peer 12D3KooWDyoy3i87APyhAETdWydxenPo2dDuDuAw7C45Y82vXLDT: TypeError: can't extend bytearray with NoneType
   ERROR  07-16 14:46:22              yamux.py  Error in handle_incoming for peer 12D3KooWDyoy3i87APyhAETdWydxenPo2dDuDuAw7C45Y82vXLDT: TypeError: can't extend bytearray with NoneType
   ERROR  07-16 14:46:24              yamux.py  Error in handle_incoming for peer 12D3KooWDyoy3i87APyhAETdWydxenPo2dDuDuAw7C45Y82vXLDT: TypeError: can't extend bytearray with NoneType
   ERROR  07-16 14:46:24              yamux.py  Error in handle_incoming for peer 12D3KooWDyoy3i87APyhAETdWydxenPo2dDuDuAw7C45Y82vXLDT: TypeError: can't extend bytearray with NoneType
   ERROR  07-16 14:46:26              yamux.py  Error in handle_incoming for peer 12D3KooWDyoy3i87APyhAETdWydxenPo2dDuDuAw7C45Y82vXLDT: TypeError: can't extend bytearray with NoneType
   ERROR  07-16 14:46:26              yamux.py  Error in handle_incoming for peer 12D3KooWDyoy3i87APyhAETdWydxenPo2dDuDuAw7C45Y82vXLDT: TypeError: can't extend bytearray with NoneType
   ERROR  07-16 14:46:28              yamux.py  Error in handle_incoming for peer 12D3KooWDyoy3i87APyhAETdWydxenPo2dDuDuAw7C45Y82vXLDT: TypeError: can't extend bytearray with NoneType
   ERROR  07-16 14:46:28              yamux.py  Error in handle_incoming for peer 12D3KooWDyoy3i87APyhAETdWydxenPo2dDuDuAw7C45Y82vXLDT: TypeError: can't extend bytearray with NoneType
   ERROR  07-16 14:46:30              yamux.py  Error in handle_incoming for peer 12D3KooWDyoy3i87APyhAETdWydxenPo2dDuDuAw7C45Y82vXLDT: TypeError: can't extend bytearray with NoneType
   ERROR  07-16 14:46:30              yamux.py  Error in handle_incoming for peer 12D3KooWDyoy3i87APyhAETdWydxenPo2dDuDuAw7C45Y82vXLDT: TypeError: can't extend bytearray with NoneType
   ERROR  07-16 14:46:32              yamux.py  Error in handle_incoming for peer 12D3KooWDyoy3i87APyhAETdWydxenPo2dDuDuAw7C45Y82vXLDT: TypeError: can't extend bytearray with NoneType
   ERROR  07-16 14:46:32              yamux.py  Error in handle_incoming for peer 12D3KooWDyoy3i87APyhAETdWydxenPo2dDuDuAw7C45Y82vXLDT: TypeError: can't extend bytearray with NoneType
   ERROR  07-16 14:46:34              yamux.py  Error in handle_incoming for peer 12D3KooWDyoy3i87APyhAETdWydxenPo2dDuDuAw7C45Y82vXLDT: TypeError: can't extend bytearray with NoneType
   ERROR  07-16 14:46:34              yamux.py  Error in handle_incoming for peer 12D3KooWDyoy3i87APyhAETdWydxenPo2dDuDuAw7C45Y82vXLDT: TypeError: can't extend bytearray with NoneType
   ERROR  07-16 14:46:36              yamux.py  Error in handle_incoming for peer 12D3KooWDyoy3i87APyhAETdWydxenPo2dDuDuAw7C45Y82vXLDT: TypeError: can't extend bytearray with NoneType
   ERROR  07-16 14:46:36              yamux.py  Error in handle_incoming for peer 12D3KooWDyoy3i87APyhAETdWydxenPo2dDuDuAw7C45Y82vXLDT: TypeError: can't extend bytearray with NoneType
   ERROR  07-16 14:46:38              yamux.py  Error in handle_incoming for peer 12D3KooWDyoy3i87APyhAETdWydxenPo2dDuDuAw7C45Y82vXLDT: TypeError: can't extend bytearray with NoneType
   ERROR  07-16 14:46:38              yamux.py  Error in handle_incoming for peer 12D3KooWDyoy3i87APyhAETdWydxenPo2dDuDuAw7C45Y82vXLDT: TypeError: can't extend bytearray with NoneType
   ERROR  07-16 14:46:40              yamux.py  Error in handle_incoming for peer 12D3KooWDyoy3i87APyhAETdWydxenPo2dDuDuAw7C45Y82vXLDT: TypeError: can't extend bytearray with NoneType
   ERROR  07-16 14:46:40              yamux.py  Error in handle_incoming for peer 12D3KooWDyoy3i87APyhAETdWydxenPo2dDuDuAw7C45Y82vXLDT: TypeError: can't extend bytearray with NoneType
   ERROR  07-16 14:46:42              yamux.py  Error in handle_incoming for peer 12D3KooWDyoy3i87APyhAETdWydxenPo2dDuDuAw7C45Y82vXLDT: TypeError: can't extend bytearray with NoneType
   ERROR  07-16 14:46:42              yamux.py  Error in handle_incoming for peer 12D3KooWDyoy3i87APyhAETdWydxenPo2dDuDuAw7C45Y82vXLDT: TypeError: can't extend bytearray with NoneType
   ERROR  07-16 14:46:44              yamux.py  Error in handle_incoming for peer 12D3KooWDyoy3i87APyhAETdWydxenPo2dDuDuAw7C45Y82vXLDT: TypeError: can't extend bytearray with NoneType
   ERROR  07-16 14:46:44              yamux.py  Error in handle_incoming for peer 12D3KooWDyoy3i87APyhAETdWydxenPo2dDuDuAw7C45Y82vXLDT: TypeError: can't extend bytearray with NoneType
   ERROR  07-16 14:46:46              yamux.py  Error in handle_incoming for peer 12D3KooWDyoy3i87APyhAETdWydxenPo2dDuDuAw7C45Y82vXLDT: TypeError: can't extend bytearray with NoneType
   ERROR  07-16 14:46:46              yamux.py  Error in handle_incoming for peer 12D3KooWDyoy3i87APyhAETdWydxenPo2dDuDuAw7C45Y82vXLDT: TypeError: can't extend bytearray with NoneType
   ERROR  07-16 14:46:48              yamux.py  Error in handle_incoming for peer 12D3KooWDyoy3i87APyhAETdWydxenPo2dDuDuAw7C45Y82vXLDT: TypeError: can't extend bytearray with NoneType
   ERROR  07-16 14:46:48              yamux.py  Error in handle_incoming for peer 12D3KooWDyoy3i87APyhAETdWydxenPo2dDuDuAw7C45Y82vXLDT: TypeError: can't extend bytearray with NoneType
   ERROR  07-16 14:46:50              yamux.py  Error in handle_incoming for peer 12D3KooWDyoy3i87APyhAETdWydxenPo2dDuDuAw7C45Y82vXLDT: TypeError: can't extend bytearray with NoneType
   ERROR  07-16 14:46:50              yamux.py  Error in handle_incoming for peer 12D3KooWDyoy3i87APyhAETdWydxenPo2dDuDuAw7C45Y82vXLDT: TypeError: can't extend bytearray with NoneType
   ERROR  07-16 14:46:52              yamux.py  Error in handle_incoming for peer 12D3KooWDyoy3i87APyhAETdWydxenPo2dDuDuAw7C45Y82vXLDT: TypeError: can't extend bytearray with NoneType
   ERROR  07-16 14:46:52              yamux.py  Error in handle_incoming for peer 12D3KooWDyoy3i87APyhAETdWydxenPo2dDuDuAw7C45Y82vXLDT: TypeError: can't extend bytearray with NoneType
   ERROR  07-16 14:46:54              yamux.py  Error in handle_incoming for peer 12D3KooWDyoy3i87APyhAETdWydxenPo2dDuDuAw7C45Y82vXLDT: TypeError: can't extend bytearray with NoneType
   ERROR  07-16 14:46:54              yamux.py  Error in handle_incoming for peer 12D3KooWDyoy3i87APyhAETdWydxenPo2dDuDuAw7C45Y82vXLDT: TypeError: can't extend bytearray with NoneType
   ERROR  07-16 14:46:56              yamux.py  Error in handle_incoming for peer 12D3KooWDyoy3i87APyhAETdWydxenPo2dDuDuAw7C45Y82vXLDT: TypeError: can't extend bytearray with NoneType
   ERROR  07-16 14:46:56              yamux.py  Error in handle_incoming for peer 12D3KooWDyoy3i87APyhAETdWydxenPo2dDuDuAw7C45Y82vXLDT: TypeError: can't extend bytearray with NoneType
   ERROR  07-16 14:46:58              yamux.py  Error in handle_incoming for peer 12D3KooWDyoy3i87APyhAETdWydxenPo2dDuDuAw7C45Y82vXLDT: TypeError: can't extend bytearray with NoneType
   ERROR  07-16 14:46:58              yamux.py  Error in handle_incoming for peer 12D3KooWDyoy3i87APyhAETdWydxenPo2dDuDuAw7C45Y82vXLDT: TypeError: can't extend bytearray with NoneType
   ERROR  07-16 14:47:00              yamux.py  Error in handle_incoming for peer 12D3KooWDyoy3i87APyhAETdWydxenPo2dDuDuAw7C45Y82vXLDT: TypeError: can't extend bytearray with NoneType
   ERROR  07-16 14:47:00              yamux.py  Error in handle_incoming for peer 12D3KooWDyoy3i87APyhAETdWydxenPo2dDuDuAw7C45Y82vXLDT: TypeError: can't extend bytearray with NoneType
   ERROR  07-16 14:47:02              yamux.py  Error in handle_incoming for peer 12D3KooWDyoy3i87APyhAETdWydxenPo2dDuDuAw7C45Y82vXLDT: TypeError: can't extend bytearray with NoneType
   ERROR  07-16 14:47:02              yamux.py  Error in handle_incoming for peer 12D3KooWDyoy3i87APyhAETdWydxenPo2dDuDuAw7C45Y82vXLDT: TypeError: can't extend bytearray with NoneType
   ERROR  07-16 14:47:04              yamux.py  Error in handle_incoming for peer 12D3KooWDyoy3i87APyhAETdWydxenPo2dDuDuAw7C45Y82vXLDT: TypeError: can't extend bytearray with NoneType
   ERROR  07-16 14:47:04              yamux.py  Error in handle_incoming for peer 12D3KooWDyoy3i87APyhAETdWydxenPo2dDuDuAw7C45Y82vXLDT: TypeError: can't extend bytearray with NoneType
   ERROR  07-16 14:47:06              yamux.py  Error in handle_incoming for peer 12D3KooWDyoy3i87APyhAETdWydxenPo2dDuDuAw7C45Y82vXLDT: TypeError: can't extend bytearray with NoneType
   ERROR  07-16 14:47:06              yamux.py  Error in handle_incoming for peer 12D3KooWDyoy3i87APyhAETdWydxenPo2dDuDuAw7C45Y82vXLDT: TypeError: can't extend bytearray with NoneType
   ERROR  07-16 14:47:08              yamux.py  Error in handle_incoming for peer 12D3KooWDyoy3i87APyhAETdWydxenPo2dDuDuAw7C45Y82vXLDT: TypeError: can't extend bytearray with NoneType
   ERROR  07-16 14:47:08              yamux.py  Error in handle_incoming for peer 12D3KooWDyoy3i87APyhAETdWydxenPo2dDuDuAw7C45Y82vXLDT: TypeError: can't extend bytearray with NoneType
   ERROR  07-16 14:47:10              yamux.py  Error in handle_incoming for peer 12D3KooWDyoy3i87APyhAETdWydxenPo2dDuDuAw7C45Y82vXLDT: TypeError: can't extend bytearray with NoneType
   ERROR  07-16 14:47:10              yamux.py  Error in handle_incoming for peer 12D3KooWDyoy3i87APyhAETdWydxenPo2dDuDuAw7C45Y82vXLDT: TypeError: can't extend bytearray with NoneType
   ERROR  07-16 14:47:12              yamux.py  Error in handle_incoming for peer 12D3KooWDyoy3i87APyhAETdWydxenPo2dDuDuAw7C45Y82vXLDT: TypeError: can't extend bytearray with NoneType
   ERROR  07-16 14:47:12              yamux.py  Error in handle_incoming for peer 12D3KooWDyoy3i87APyhAETdWydxenPo2dDuDuAw7C45Y82vXLDT: TypeError: can't extend bytearray with NoneType
   ERROR  07-16 14:47:14              yamux.py  Error in handle_incoming for peer 12D3KooWDyoy3i87APyhAETdWydxenPo2dDuDuAw7C45Y82vXLDT: TypeError: can't extend bytearray with NoneType
   ERROR  07-16 14:47:14              yamux.py  Error in handle_incoming for peer 12D3KooWDyoy3i87APyhAETdWydxenPo2dDuDuAw7C45Y82vXLDT: TypeError: can't extend bytearray with NoneType
   ERROR  07-16 14:47:16              yamux.py  Error in handle_incoming for peer 12D3KooWDyoy3i87APyhAETdWydxenPo2dDuDuAw7C45Y82vXLDT: TypeError: can't extend bytearray with NoneType
   ERROR  07-16 14:47:16              yamux.py  Error in handle_incoming for peer 12D3KooWDyoy3i87APyhAETdWydxenPo2dDuDuAw7C45Y82vXLDT: TypeError: can't extend bytearray with NoneType
   ERROR  07-16 14:47:18              yamux.py  Error in handle_incoming for peer 12D3KooWDyoy3i87APyhAETdWydxenPo2dDuDuAw7C45Y82vXLDT: TypeError: can't extend bytearray with NoneType
   ERROR  07-16 14:47:18              yamux.py  Error in handle_incoming for peer 12D3KooWDyoy3i87APyhAETdWydxenPo2dDuDuAw7C45Y82vXLDT: TypeError: can't extend bytearray with NoneType
   ERROR  07-16 14:47:20              yamux.py  Error in handle_incoming for peer 12D3KooWDyoy3i87APyhAETdWydxenPo2dDuDuAw7C45Y82vXLDT: TypeError: can't extend bytearray with NoneType
   ERROR  07-16 14:47:20              yamux.py  Error in handle_incoming for peer 12D3KooWDyoy3i87APyhAETdWydxenPo2dDuDuAw7C45Y82vXLDT: TypeError: can't extend bytearray with NoneType
   ERROR  07-16 14:47:22              yamux.py  Error in handle_incoming for peer 12D3KooWDyoy3i87APyhAETdWydxenPo2dDuDuAw7C45Y82vXLDT: TypeError: can't extend bytearray with NoneType
   ERROR  07-16 14:47:22              yamux.py  Error in handle_incoming for peer 12D3KooWDyoy3i87APyhAETdWydxenPo2dDuDuAw7C45Y82vXLDT: TypeError: can't extend bytearray with NoneType
   ERROR  07-16 14:47:24              yamux.py  Error in handle_incoming for peer 12D3KooWDyoy3i87APyhAETdWydxenPo2dDuDuAw7C45Y82vXLDT: TypeError: can't extend bytearray with NoneType
   ERROR  07-16 14:47:24              yamux.py  Error in handle_incoming for peer 12D3KooWDyoy3i87APyhAETdWydxenPo2dDuDuAw7C45Y82vXLDT: TypeError: can't extend bytearray with NoneType
   ERROR  07-16 14:47:26              yamux.py  Error in handle_incoming for peer 12D3KooWDyoy3i87APyhAETdWydxenPo2dDuDuAw7C45Y82vXLDT: TypeError: can't extend bytearray with NoneType
   ERROR  07-16 14:47:26              yamux.py  Error in handle_incoming for peer 12D3KooWDyoy3i87APyhAETdWydxenPo2dDuDuAw7C45Y82vXLDT: TypeError: can't extend bytearray with NoneType
   ERROR  07-16 14:47:28              yamux.py  Error in handle_incoming for peer 12D3KooWDyoy3i87APyhAETdWydxenPo2dDuDuAw7C45Y82vXLDT: TypeError: can't extend bytearray with NoneType
   ERROR  07-16 14:47:28              yamux.py  Error in handle_incoming for peer 12D3KooWDyoy3i87APyhAETdWydxenPo2dDuDuAw7C45Y82vXLDT: TypeError: can't extend bytearray with NoneType
   ERROR  07-16 14:47:30              yamux.py  Error in handle_incoming for peer 12D3KooWDyoy3i87APyhAETdWydxenPo2dDuDuAw7C45Y82vXLDT: TypeError: can't extend bytearray with NoneType
   ERROR  07-16 14:47:30              yamux.py  Error in handle_incoming for peer 12D3KooWDyoy3i87APyhAETdWydxenPo2dDuDuAw7C45Y82vXLDT: TypeError: can't extend bytearray with NoneType
   ERROR  07-16 14:47:32              yamux.py  Error in handle_incoming for peer 12D3KooWDyoy3i87APyhAETdWydxenPo2dDuDuAw7C45Y82vXLDT: TypeError: can't extend bytearray with NoneType
   ERROR  07-16 14:47:32              yamux.py  Error in handle_incoming for peer 12D3KooWDyoy3i87APyhAETdWydxenPo2dDuDuAw7C45Y82vXLDT: TypeError: can't extend bytearray with NoneType
   ERROR  07-16 14:47:34              yamux.py  Error in handle_incoming for peer 12D3KooWDyoy3i87APyhAETdWydxenPo2dDuDuAw7C45Y82vXLDT: TypeError: can't extend bytearray with NoneType
   ERROR  07-16 14:47:34              yamux.py  Error in handle_incoming for peer 12D3KooWDyoy3i87APyhAETdWydxenPo2dDuDuAw7C45Y82vXLDT: TypeError: can't extend bytearray with NoneType
   ERROR  07-16 14:47:36              yamux.py  Error in handle_incoming for peer 12D3KooWDyoy3i87APyhAETdWydxenPo2dDuDuAw7C45Y82vXLDT: TypeError: can't extend bytearray with NoneType
   ERROR  07-16 14:47:36              yamux.py  Error in handle_incoming for peer 12D3KooWDyoy3i87APyhAETdWydxenPo2dDuDuAw7C45Y82vXLDT: TypeError: can't extend bytearray with NoneType
   ERROR  07-16 14:47:38              yamux.py  Error in handle_incoming for peer 12D3KooWDyoy3i87APyhAETdWydxenPo2dDuDuAw7C45Y82vXLDT: TypeError: can't extend bytearray with NoneType
   ERROR  07-16 14:47:38              yamux.py  Error in handle_incoming for peer 12D3KooWDyoy3i87APyhAETdWydxenPo2dDuDuAw7C45Y82vXLDT: TypeError: can't extend bytearray with NoneType
   ERROR  07-16 14:47:40              yamux.py  Error in handle_incoming for peer 12D3KooWDyoy3i87APyhAETdWydxenPo2dDuDuAw7C45Y82vXLDT: TypeError: can't extend bytearray with NoneType
   ERROR  07-16 14:47:40              yamux.py  Error in handle_incoming for peer 12D3KooWDyoy3i87APyhAETdWydxenPo2dDuDuAw7C45Y82vXLDT: TypeError: can't extend bytearray with NoneType
   ERROR  07-16 14:47:42              yamux.py  Error in handle_incoming for peer 12D3KooWDyoy3i87APyhAETdWydxenPo2dDuDuAw7C45Y82vXLDT: TypeError: can't extend bytearray with NoneType
   ERROR  07-16 14:47:42              yamux.py  Error in handle_incoming for peer 12D3KooWDyoy3i87APyhAETdWydxenPo2dDuDuAw7C45Y82vXLDT: TypeError: can't extend bytearray with NoneType
   ERROR  07-16 14:47:44              yamux.py  Error in handle_incoming for peer 12D3KooWDyoy3i87APyhAETdWydxenPo2dDuDuAw7C45Y82vXLDT: TypeError: can't extend bytearray with NoneType
   ERROR  07-16 14:47:44              yamux.py  Error in handle_incoming for peer 12D3KooWDyoy3i87APyhAETdWydxenPo2dDuDuAw7C45Y82vXLDT: TypeError: can't extend bytearray with NoneType
   ERROR  07-16 14:47:46              yamux.py  Error in handle_incoming for peer 12D3KooWDyoy3i87APyhAETdWydxenPo2dDuDuAw7C45Y82vXLDT: TypeError: can't extend bytearray with NoneType
   ERROR  07-16 14:47:46              yamux.py  Error in handle_incoming for peer 12D3KooWDyoy3i87APyhAETdWydxenPo2dDuDuAw7C45Y82vXLDT: TypeError: can't extend bytearray with NoneType
   ERROR  07-16 14:47:48              yamux.py  Error in handle_incoming for peer 12D3KooWDyoy3i87APyhAETdWydxenPo2dDuDuAw7C45Y82vXLDT: TypeError: can't extend bytearray with NoneType
   ERROR  07-16 14:47:48              yamux.py  Error in handle_incoming for peer 12D3KooWDyoy3i87APyhAETdWydxenPo2dDuDuAw7C45Y82vXLDT: TypeError: can't extend bytearray with NoneType
   ERROR  07-16 14:47:50              yamux.py  Error in handle_incoming for peer 12D3KooWDyoy3i87APyhAETdWydxenPo2dDuDuAw7C45Y82vXLDT: TypeError: can't extend bytearray with NoneType
   ERROR  07-16 14:47:50              yamux.py  Error in handle_incoming for peer 12D3KooWDyoy3i87APyhAETdWydxenPo2dDuDuAw7C45Y82vXLDT: TypeError: can't extend bytearray with NoneType
   ERROR  07-16 14:47:52              yamux.py  Error in handle_incoming for peer 12D3KooWDyoy3i87APyhAETdWydxenPo2dDuDuAw7C45Y82vXLDT: TypeError: can't extend bytearray with NoneType
   ERROR  07-16 14:47:52              yamux.py  Error in handle_incoming for peer 12D3KooWDyoy3i87APyhAETdWydxenPo2dDuDuAw7C45Y82vXLDT: TypeError: can't extend bytearray with NoneType
   ERROR  07-16 14:47:54              yamux.py  Error in handle_incoming for peer 12D3KooWDyoy3i87APyhAETdWydxenPo2dDuDuAw7C45Y82vXLDT: TypeError: can't extend bytearray with NoneType
   ERROR  07-16 14:47:54              yamux.py  Error in handle_incoming for peer 12D3KooWDyoy3i87APyhAETdWydxenPo2dDuDuAw7C45Y82vXLDT: TypeError: can't extend bytearray with NoneType
   ERROR  07-16 14:47:56              yamux.py  Error in handle_incoming for peer 12D3KooWDyoy3i87APyhAETdWydxenPo2dDuDuAw7C45Y82vXLDT: TypeError: can't extend bytearray with NoneType
   ERROR  07-16 14:47:56              yamux.py  Error in handle_incoming for peer 12D3KooWDyoy3i87APyhAETdWydxenPo2dDuDuAw7C45Y82vXLDT: TypeError: can't extend bytearray with NoneType
   ERROR  07-16 14:47:58              yamux.py  Error in handle_incoming for peer 12D3KooWDyoy3i87APyhAETdWydxenPo2dDuDuAw7C45Y82vXLDT: TypeError: can't extend bytearray with NoneType
   ERROR  07-16 14:47:58              yamux.py  Error in handle_incoming for peer 12D3KooWDyoy3i87APyhAETdWydxenPo2dDuDuAw7C45Y82vXLDT: TypeError: can't extend bytearray with NoneType
   ERROR  07-16 14:48:00              yamux.py  Error in handle_incoming for peer 12D3KooWDyoy3i87APyhAETdWydxenPo2dDuDuAw7C45Y82vXLDT: TypeError: can't extend bytearray with NoneType
   ERROR  07-16 14:48:00              yamux.py  Error in handle_incoming for peer 12D3KooWDyoy3i87APyhAETdWydxenPo2dDuDuAw7C45Y82vXLDT: TypeError: can't extend bytearray with NoneType
   ERROR  07-16 14:48:02              yamux.py  Error in handle_incoming for peer 12D3KooWDyoy3i87APyhAETdWydxenPo2dDuDuAw7C45Y82vXLDT: TypeError: can't extend bytearray with NoneType
   ERROR  07-16 14:48:02              yamux.py  Error in handle_incoming for peer 12D3KooWDyoy3i87APyhAETdWydxenPo2dDuDuAw7C45Y82vXLDT: TypeError: can't extend bytearray with NoneType
   ERROR  07-16 14:48:04              yamux.py  Error in handle_incoming for peer 12D3KooWDyoy3i87APyhAETdWydxenPo2dDuDuAw7C45Y82vXLDT: TypeError: can't extend bytearray with NoneType
   ERROR  07-16 14:48:04              yamux.py  Error in handle_incoming for peer 12D3KooWDyoy3i87APyhAETdWydxenPo2dDuDuAw7C45Y82vXLDT: TypeError: can't extend bytearray with NoneType
   ERROR  07-16 14:48:06              yamux.py  Error in handle_incoming for peer 12D3KooWDyoy3i87APyhAETdWydxenPo2dDuDuAw7C45Y82vXLDT: TypeError: can't extend bytearray with NoneType
   ERROR  07-16 14:48:06              yamux.py  Error in handle_incoming for peer 12D3KooWDyoy3i87APyhAETdWydxenPo2dDuDuAw7C45Y82vXLDT: TypeError: can't extend bytearray with NoneType
   ERROR  07-16 14:48:08              yamux.py  Error in handle_incoming for peer 12D3KooWDyoy3i87APyhAETdWydxenPo2dDuDuAw7C45Y82vXLDT: TypeError: can't extend bytearray with NoneType
   ERROR  07-16 14:48:08              yamux.py  Error in handle_incoming for peer 12D3KooWDyoy3i87APyhAETdWydxenPo2dDuDuAw7C45Y82vXLDT: TypeError: can't extend bytearray with NoneType
   ERROR  07-16 14:48:10              yamux.py  Error in handle_incoming for peer 12D3KooWDyoy3i87APyhAETdWydxenPo2dDuDuAw7C45Y82vXLDT: TypeError: can't extend bytearray with NoneType
   ERROR  07-16 14:48:10              yamux.py  Error in handle_incoming for peer 12D3KooWDyoy3i87APyhAETdWydxenPo2dDuDuAw7C45Y82vXLDT: TypeError: can't extend bytearray with NoneType
   ERROR  07-16 14:48:12              yamux.py  Error in handle_incoming for peer 12D3KooWDyoy3i87APyhAETdWydxenPo2dDuDuAw7C45Y82vXLDT: TypeError: can't extend bytearray with NoneType
   ERROR  07-16 14:48:12              yamux.py  Error in handle_incoming for peer 12D3KooWDyoy3i87APyhAETdWydxenPo2dDuDuAw7C45Y82vXLDT: TypeError: can't extend bytearray with NoneType
   ERROR  07-16 14:48:14              yamux.py  Error in handle_incoming for peer 12D3KooWDyoy3i87APyhAETdWydxenPo2dDuDuAw7C45Y82vXLDT: TypeError: can't extend bytearray with NoneType
   ERROR  07-16 14:48:14              yamux.py  Error in handle_incoming for peer 12D3KooWDyoy3i87APyhAETdWydxenPo2dDuDuAw7C45Y82vXLDT: TypeError: can't extend bytearray with NoneType
   ERROR  07-16 14:48:16              yamux.py  Error in handle_incoming for peer 12D3KooWDyoy3i87APyhAETdWydxenPo2dDuDuAw7C45Y82vXLDT: TypeError: can't extend bytearray with NoneType
   ERROR  07-16 14:48:16              yamux.py  Error in handle_incoming for peer 12D3KooWDyoy3i87APyhAETdWydxenPo2dDuDuAw7C45Y82vXLDT: TypeError: can't extend bytearray with NoneType
   ERROR  07-16 14:48:18              yamux.py  Error in handle_incoming for peer 12D3KooWDyoy3i87APyhAETdWydxenPo2dDuDuAw7C45Y82vXLDT: TypeError: can't extend bytearray with NoneType
   ERROR  07-16 14:48:18              yamux.py  Error in handle_incoming for peer 12D3KooWDyoy3i87APyhAETdWydxenPo2dDuDuAw7C45Y82vXLDT: TypeError: can't extend bytearray with NoneType
   ERROR  07-16 14:48:20              yamux.py  Error in handle_incoming for peer 12D3KooWDyoy3i87APyhAETdWydxenPo2dDuDuAw7C45Y82vXLDT: TypeError: can't extend bytearray with NoneType
   ERROR  07-16 14:48:20              yamux.py  Error in handle_incoming for peer 12D3KooWDyoy3i87APyhAETdWydxenPo2dDuDuAw7C45Y82vXLDT: TypeError: can't extend bytearray with NoneType
   ERROR  07-16 14:48:22              yamux.py  Error in handle_incoming for peer 12D3KooWDyoy3i87APyhAETdWydxenPo2dDuDuAw7C45Y82vXLDT: TypeError: can't extend bytearray with NoneType
   ERROR  07-16 14:48:22              yamux.py  Error in handle_incoming for peer 12D3KooWDyoy3i87APyhAETdWydxenPo2dDuDuAw7C45Y82vXLDT: TypeError: can't extend bytearray with NoneType
   ERROR  07-16 14:48:24              yamux.py  Error in handle_incoming for peer 12D3KooWDyoy3i87APyhAETdWydxenPo2dDuDuAw7C45Y82vXLDT: TypeError: can't extend bytearray with NoneType
   ERROR  07-16 14:48:24              yamux.py  Error in handle_incoming for peer 12D3KooWDyoy3i87APyhAETdWydxenPo2dDuDuAw7C45Y82vXLDT: TypeError: can't extend bytearray with NoneType
   ERROR  07-16 14:48:26              yamux.py  Error in handle_incoming for peer 12D3KooWDyoy3i87APyhAETdWydxenPo2dDuDuAw7C45Y82vXLDT: TypeError: can't extend bytearray with NoneType
   ERROR  07-16 14:48:26              yamux.py  Error in handle_incoming for peer 12D3KooWDyoy3i87APyhAETdWydxenPo2dDuDuAw7C45Y82vXLDT: TypeError: can't extend bytearray with NoneType
   ERROR  07-16 14:48:28              yamux.py  Error in handle_incoming for peer 12D3KooWDyoy3i87APyhAETdWydxenPo2dDuDuAw7C45Y82vXLDT: TypeError: can't extend bytearray with NoneType
   ERROR  07-16 14:48:28              yamux.py  Error in handle_incoming for peer 12D3KooWDyoy3i87APyhAETdWydxenPo2dDuDuAw7C45Y82vXLDT: TypeError: can't extend bytearray with NoneType
   ERROR  07-16 14:48:30              yamux.py  Error in handle_incoming for peer 12D3KooWDyoy3i87APyhAETdWydxenPo2dDuDuAw7C45Y82vXLDT: TypeError: can't extend bytearray with NoneType
   ERROR  07-16 14:48:30              yamux.py  Error in handle_incoming for peer 12D3KooWDyoy3i87APyhAETdWydxenPo2dDuDuAw7C45Y82vXLDT: TypeError: can't extend bytearray with NoneType
   ERROR  07-16 14:48:32              yamux.py  Error in handle_incoming for peer 12D3KooWDyoy3i87APyhAETdWydxenPo2dDuDuAw7C45Y82vXLDT: TypeError: can't extend bytearray with NoneType
   ERROR  07-16 14:48:32              yamux.py  Error in handle_incoming for peer 12D3KooWDyoy3i87APyhAETdWydxenPo2dDuDuAw7C45Y82vXLDT: TypeError: can't extend bytearray with NoneType
   ERROR  07-16 14:48:34              yamux.py  Error in handle_incoming for peer 12D3KooWDyoy3i87APyhAETdWydxenPo2dDuDuAw7C45Y82vXLDT: TypeError: can't extend bytearray with NoneType
   ERROR  07-16 14:48:34              yamux.py  Error in handle_incoming for peer 12D3KooWDyoy3i87APyhAETdWydxenPo2dDuDuAw7C45Y82vXLDT: TypeError: can't extend bytearray with NoneType
   ERROR  07-16 14:48:36              yamux.py  Error in handle_incoming for peer 12D3KooWDyoy3i87APyhAETdWydxenPo2dDuDuAw7C45Y82vXLDT: TypeError: can't extend bytearray with NoneType
   ERROR  07-16 14:48:36              yamux.py  Error in handle_incoming for peer 12D3KooWDyoy3i87APyhAETdWydxenPo2dDuDuAw7C45Y82vXLDT: TypeError: can't extend bytearray with NoneType
   ERROR  07-16 14:48:38              yamux.py  Error in handle_incoming for peer 12D3KooWDyoy3i87APyhAETdWydxenPo2dDuDuAw7C45Y82vXLDT: TypeError: can't extend bytearray with NoneType
   ERROR  07-16 14:48:38              yamux.py  Error in handle_incoming for peer 12D3KooWDyoy3i87APyhAETdWydxenPo2dDuDuAw7C45Y82vXLDT: TypeError: can't extend bytearray with NoneType
   ERROR  07-16 14:48:40              yamux.py  Error in handle_incoming for peer 12D3KooWDyoy3i87APyhAETdWydxenPo2dDuDuAw7C45Y82vXLDT: TypeError: can't extend bytearray with NoneType
   ERROR  07-16 14:48:40              yamux.py  Error in handle_incoming for peer 12D3KooWDyoy3i87APyhAETdWydxenPo2dDuDuAw7C45Y82vXLDT: TypeError: can't extend bytearray with NoneType
   ERROR  07-16 14:48:42              yamux.py  Error in handle_incoming for peer 12D3KooWDyoy3i87APyhAETdWydxenPo2dDuDuAw7C45Y82vXLDT: TypeError: can't extend bytearray with NoneType
   ERROR  07-16 14:48:42              yamux.py  Error in handle_incoming for peer 12D3KooWDyoy3i87APyhAETdWydxenPo2dDuDuAw7C45Y82vXLDT: TypeError: can't extend bytearray with NoneType
   ERROR  07-16 14:48:44              yamux.py  Error in handle_incoming for peer 12D3KooWDyoy3i87APyhAETdWydxenPo2dDuDuAw7C45Y82vXLDT: TypeError: can't extend bytearray with NoneType
   ERROR  07-16 14:48:44              yamux.py  Error in handle_incoming for peer 12D3KooWDyoy3i87APyhAETdWydxenPo2dDuDuAw7C45Y82vXLDT: TypeError: can't extend bytearray with NoneType
   ERROR  07-16 14:48:46              yamux.py  Error in handle_incoming for peer 12D3KooWDyoy3i87APyhAETdWydxenPo2dDuDuAw7C45Y82vXLDT: TypeError: can't extend bytearray with NoneType
   ERROR  07-16 14:48:46              yamux.py  Error in handle_incoming for peer 12D3KooWDyoy3i87APyhAETdWydxenPo2dDuDuAw7C45Y82vXLDT: TypeError: can't extend bytearray with NoneType
   ERROR  07-16 14:48:49              yamux.py  Error in handle_incoming for peer 12D3KooWDyoy3i87APyhAETdWydxenPo2dDuDuAw7C45Y82vXLDT: TypeError: can't extend bytearray with NoneType
   ERROR  07-16 14:48:49              yamux.py  Error in handle_incoming for peer 12D3KooWDyoy3i87APyhAETdWydxenPo2dDuDuAw7C45Y82vXLDT: TypeError: can't extend bytearray with NoneType
   ERROR  07-16 14:48:51              yamux.py  Error in handle_incoming for peer 12D3KooWDyoy3i87APyhAETdWydxenPo2dDuDuAw7C45Y82vXLDT: TypeError: can't extend bytearray with NoneType
   ERROR  07-16 14:48:51              yamux.py  Error in handle_incoming for peer 12D3KooWDyoy3i87APyhAETdWydxenPo2dDuDuAw7C45Y82vXLDT: TypeError: can't extend bytearray with NoneType
   ERROR  07-16 14:48:53              yamux.py  Error in handle_incoming for peer 12D3KooWDyoy3i87APyhAETdWydxenPo2dDuDuAw7C45Y82vXLDT: TypeError: can't extend bytearray with NoneType
   ERROR  07-16 14:48:53              yamux.py  Error in handle_incoming for peer 12D3KooWDyoy3i87APyhAETdWydxenPo2dDuDuAw7C45Y82vXLDT: TypeError: can't extend bytearray with NoneType
   ERROR  07-16 14:48:55              yamux.py  Error in handle_incoming for peer 12D3KooWDyoy3i87APyhAETdWydxenPo2dDuDuAw7C45Y82vXLDT: TypeError: can't extend bytearray with NoneType
   ERROR  07-16 14:48:55              yamux.py  Error in handle_incoming for peer 12D3KooWDyoy3i87APyhAETdWydxenPo2dDuDuAw7C45Y82vXLDT: TypeError: can't extend bytearray with NoneType
   ERROR  07-16 14:48:57              yamux.py  Error in handle_incoming for peer 12D3KooWDyoy3i87APyhAETdWydxenPo2dDuDuAw7C45Y82vXLDT: TypeError: can't extend bytearray with NoneType
   ERROR  07-16 14:48:57              yamux.py  Error in handle_incoming for peer 12D3KooWDyoy3i87APyhAETdWydxenPo2dDuDuAw7C45Y82vXLDT: TypeError: can't extend bytearray with NoneType
   ERROR  07-16 14:48:59              yamux.py  Error in handle_incoming for peer 12D3KooWDyoy3i87APyhAETdWydxenPo2dDuDuAw7C45Y82vXLDT: TypeError: can't extend bytearray with NoneType
   ERROR  07-16 14:48:59              yamux.py  Error in handle_incoming for peer 12D3KooWDyoy3i87APyhAETdWydxenPo2dDuDuAw7C45Y82vXLDT: TypeError: can't extend bytearray with NoneType
   ERROR  07-16 14:49:01              yamux.py  Error in handle_incoming for peer 12D3KooWDyoy3i87APyhAETdWydxenPo2dDuDuAw7C45Y82vXLDT: TypeError: can't extend bytearray with NoneType
   ERROR  07-16 14:49:01              yamux.py  Error in handle_incoming for peer 12D3KooWDyoy3i87APyhAETdWydxenPo2dDuDuAw7C45Y82vXLDT: TypeError: can't extend bytearray with NoneType
   ERROR  07-16 14:49:03              yamux.py  Error in handle_incoming for peer 12D3KooWDyoy3i87APyhAETdWydxenPo2dDuDuAw7C45Y82vXLDT: TypeError: can't extend bytearray with NoneType
   ERROR  07-16 14:49:03              yamux.py  Error in handle_incoming for peer 12D3KooWDyoy3i87APyhAETdWydxenPo2dDuDuAw7C45Y82vXLDT: TypeError: can't extend bytearray with NoneType
   ERROR  07-16 14:49:05              yamux.py  Error in handle_incoming for peer 12D3KooWDyoy3i87APyhAETdWydxenPo2dDuDuAw7C45Y82vXLDT: TypeError: can't extend bytearray with NoneType
   ERROR  07-16 14:49:05              yamux.py  Error in handle_incoming for peer 12D3KooWDyoy3i87APyhAETdWydxenPo2dDuDuAw7C45Y82vXLDT: TypeError: can't extend bytearray with NoneType
___________________ test_yamux_race_condition_without_locks ____________________
[gw2] linux -- Python 3.11.13 /home/runner/work/py-libp2p/py-libp2p/.tox/py311-core/bin/python

clock = None, instruments = []
restrict_keyboard_interrupt_to_checkpoints = False
strict_exception_groups = True

    def setup_runner(
        clock: Clock | None,
        instruments: Sequence[Instrument],
        restrict_keyboard_interrupt_to_checkpoints: bool,
        strict_exception_groups: bool,
    ) -> Runner:
        """Create a Runner object and install it as the GLOBAL_RUN_CONTEXT."""
        # It wouldn't be *hard* to support nested calls to run(), but I can't
        # think of a single good reason for it, so let's be conservative for
        # now:
        if in_trio_run():
>           raise RuntimeError("Attempted to call run() from inside a run()")
E           RuntimeError: Attempted to call run() from inside a run()

clock      = None
instruments = []
restrict_keyboard_interrupt_to_checkpoints = False
strict_exception_groups = True

.tox/py311-core/lib/python3.11/site-packages/trio/_core/_run.py:2289: RuntimeError
============================= slowest 50 durations =============================
300.03s call     tests/core/stream_muxer/test_yamux_interleaving.py::test_yamux_race_condition_without_locks
15.03s call     tests/core/pubsub/test_gossipsub.py::test_fanout_maintenance
11.87s call     tests/core/pubsub/test_gossipsub.py::test_gossip_heartbeat[4]
11.81s call     tests/core/pubsub/test_gossipsub_px_and_backoff.py::test_stress_churn
11.79s call     tests/core/pubsub/test_gossipsub.py::test_gossip_heartbeat[1]
11.56s call     tests/core/pubsub/test_gossipsub.py::test_fanout
11.56s call     tests/core/pubsub/test_floodsub.py::test_gossipsub_run_with_floodsub_tests[seven_nodes_tree_one_topics]
11.39s call     tests/core/pubsub/test_gossipsub.py::test_gossip_heartbeat[7]
10.91s call     tests/core/pubsub/test_gossipsub.py::test_sparse_connect
10.16s call     tests/core/pubsub/test_gossipsub.py::test_dense
10.01s call     tests/core/stream_muxer/test_multiplexer_selection.py::test_explicit_muxer_options[create_yamux_muxer_option-YamuxStream]
10.01s call     tests/core/stream_muxer/test_multiplexer_selection.py::test_multiplexer_preference_parameter[MPLEX]
10.01s call     tests/core/stream_muxer/test_multiplexer_selection.py::test_multiplexer_preference_parameter[YAMUX]
10.01s call     tests/core/stream_muxer/test_multiplexer_selection.py::test_global_default_muxer[MPLEX]
10.01s call     tests/core/stream_muxer/test_multiplexer_selection.py::test_explicit_muxer_options[create_mplex_muxer_option-MplexStream]
10.00s call     tests/core/stream_muxer/test_multiplexer_selection.py::test_global_default_muxer[YAMUX]
9.81s call     tests/core/identity/identify_push/test_identify_push.py::test_all_peers_receive_identify_push_with_semaphore_under_high_peer_load
9.14s call     tests/core/pubsub/test_gossipsub_backward_compatibility.py::test_gossipsub_run_with_floodsub_tests[seven_nodes_tree_three_topics_diff_origin]
8.97s call     tests/core/pubsub/test_floodsub.py::test_gossipsub_run_with_floodsub_tests[seven_nodes_tree_three_topics_diff_origin]
8.32s call     tests/core/relay/test_circuit_v2_protocol.py::test_circuit_v2_reservation_limit
8.29s call     tests/core/pubsub/test_gossipsub_backward_compatibility.py::test_gossipsub_run_with_floodsub_tests[seven_nodes_tree_one_topics]
7.61s call     tests/core/pubsub/test_floodsub.py::test_gossipsub_run_with_floodsub_tests[seven_nodes_tree_three_topics]
7.47s call     tests/core/pubsub/test_gossipsub_backward_compatibility.py::test_gossipsub_run_with_floodsub_tests[five_nodes_ring_two_topic_diff_origin_many_msgs]
7.13s call     tests/core/pubsub/test_gossipsub_backward_compatibility.py::test_gossipsub_run_with_floodsub_tests[seven_nodes_tree_three_topics]
7.10s call     tests/core/pubsub/test_floodsub.py::test_gossipsub_run_with_floodsub_tests[three_nodes_two_topics]
7.06s call     tests/core/pubsub/test_floodsub.py::test_gossipsub_run_with_floodsub_tests[three_nodes_clique_two_topic_diff_origin]
6.99s call     tests/core/pubsub/test_dummyaccount_demo.py::test_set_then_send_from_five_diff_nodes_five_nodes_ring_topography
6.96s call     tests/core/pubsub/test_floodsub.py::test_gossipsub_run_with_floodsub_tests[two_nodes_one_topic_two_msgs]
6.79s call     tests/core/pubsub/test_floodsub.py::test_gossipsub_run_with_floodsub_tests[four_nodes_clique_two_topic_diff_origin_many_msgs]
6.67s call     tests/core/pubsub/test_gossipsub_backward_compatibility.py::test_gossipsub_run_with_floodsub_tests[three_nodes_two_topics]
6.62s call     tests/core/pubsub/test_dummyaccount_demo.py::test_simple_seven_nodes_tree_topography
6.47s call     tests/core/pubsub/test_gossipsub_backward_compatibility.py::test_gossipsub_run_with_floodsub_tests[two_nodes_one_topic_single_subscriber_is_sender]
6.47s call     tests/core/pubsub/test_gossipsub.py::test_join
6.45s call     tests/core/pubsub/test_dummyaccount_demo.py::test_set_then_send_from_root_seven_nodes_tree_topography
6.37s call     tests/core/pubsub/test_gossipsub_backward_compatibility.py::test_gossipsub_run_with_floodsub_tests[three_nodes_clique_two_topic_diff_origin]
6.33s call     tests/core/pubsub/test_gossipsub.py::test_mesh_heartbeat[13]
6.31s call     tests/core/pubsub/test_floodsub.py::test_gossipsub_run_with_floodsub_tests[five_nodes_ring_two_topic_diff_origin_many_msgs]
5.92s call     tests/core/pubsub/test_gossipsub.py::test_mesh_heartbeat[7]
5.78s call     tests/core/pubsub/test_gossipsub.py::test_mesh_heartbeat[10]
5.78s call     tests/core/pubsub/test_gossipsub_backward_compatibility.py::test_gossipsub_run_with_floodsub_tests[two_nodes_one_topic_two_msgs]
5.75s call     tests/core/pubsub/test_gossipsub_px_and_backoff.py::test_prune_backoff
5.60s call     tests/core/pubsub/test_floodsub.py::test_gossipsub_run_with_floodsub_tests[simple_two_nodes]
5.57s call     tests/core/pubsub/test_floodsub.py::test_gossipsub_run_with_floodsub_tests[two_nodes_one_topic_single_subscriber_is_sender]
5.53s call     tests/core/pubsub/test_gossipsub_px_and_backoff.py::test_unsubscribe_backoff
5.46s call     tests/core/pubsub/test_gossipsub_backward_compatibility.py::test_gossipsub_run_with_floodsub_tests[simple_two_nodes]
5.46s call     tests/core/pubsub/test_gossipsub_backward_compatibility.py::test_gossipsub_run_with_floodsub_tests[four_nodes_clique_two_topic_diff_origin_many_msgs]
5.32s call     tests/core/pubsub/test_dummyaccount_demo.py::test_set_then_send_from_diff_nodes_five_nodes_ring_topography
5.12s call     tests/core/pubsub/test_gossipsub_direct_peers.py::test_heartbeat_reconnect
4.79s call     tests/core/relay/test_circuit_v2_protocol.py::test_circuit_v2_reservation_basic
4.69s call     tests/core/pubsub/test_dummyaccount_demo.py::test_set_then_send_from_different_leafs_seven_nodes_tree_topography
=========================== short test summary info ============================
FAILED tests/core/stream_muxer/test_yamux_interleaving.py::test_yamux_race_condition_without_locks
FAILED tests/core/stream_muxer/test_yamux_interleaving_EOF.py::test_yamux_race_condition_without_locks
================== 2 failed, 464 passed in 444.60s (0:07:24) ===================
py311-core: exit 1 (445.76 seconds) /home/runner/work/py-libp2p/py-libp2p> pytest -n auto tests/core pid=2360
  py311-core: FAIL code 1 (467.94=setup[22.18]+cmd[445.76] seconds)
  evaluation failed :( (468.39 seconds)
Error: Process completed with exit code 1.
